#
# There is insufficient memory for the Java Runtime Environment to continue.
# Native memory allocation (malloc) failed to allocate 32744 bytes. Error detail: ChunkPool::allocate
# Possible reasons:
#   The system is out of physical RAM or swap space
#   This process is running with CompressedOops enabled, and the Java Heap may be blocking the growth of the native heap
# Possible solutions:
#   Reduce memory load on the system
#   Increase physical memory or swap space
#   Check if swap backing store is full
#   Decrease Java heap size (-Xmx/-Xms)
#   Decrease number of Java threads
#   Decrease Java thread stack sizes (-Xss)
#   Set larger code cache with -XX:ReservedCodeCacheSize=
#   JVM is running with Unscaled Compressed Oops mode in which the Java heap is
#     placed in the first 4GB address space. The Java Heap base address is the
#     maximum limit for the native heap growth. Please use -XX:HeapBaseMinAddress
#     to set the Java Heap base and to place the Java Heap above 4GB virtual address.
# This output file may be truncated or incomplete.
#
#  Out of Memory Error (arena.cpp:79), pid=19520, tid=18220
#
# JRE version: OpenJDK Runtime Environment Temurin-17.0.13+11 (17.0.13+11) (build 17.0.13+11)
# Java VM: OpenJDK 64-Bit Server VM Temurin-17.0.13+11 (17.0.13+11, mixed mode, tiered, compressed oops, compressed class ptrs, parallel gc, windows-amd64)
# No core dump will be written. Minidumps are not enabled by default on client versions of Windows
#

---------------  S U M M A R Y ------------

Command Line: --add-modules=ALL-SYSTEM --add-opens=java.base/java.util=ALL-UNNAMED --add-opens=java.base/java.lang=ALL-UNNAMED --add-opens=java.base/sun.nio.fs=ALL-UNNAMED -Declipse.application=org.eclipse.jdt.ls.core.id1 -Dosgi.bundles.defaultStartLevel=4 -Declipse.product=org.eclipse.jdt.ls.core.product -Djava.import.generatesMetadataFilesAtProjectRoot=false -DDetectVMInstallationsJob.disabled=true -Dfile.encoding=utf8 -XX:+UseParallelGC -XX:GCTimeRatio=4 -XX:AdaptiveSizePolicyWeight=90 -Dsun.zip.disableMemoryMapping=true -Xmx1G -Xms100m -Xlog:disable -javaagent:c:\Users\HP\.vscode\extensions\redhat.java-1.38.0-win32-x64\lombok\lombok-1.18.34.jar c:\Users\HP\.vscode\extensions\redhat.java-1.38.0-win32-x64\server\plugins\org.eclipse.equinox.launcher_1.6.900.v20240613-2009.jar -configuration c:\Users\HP\AppData\Roaming\Code\User\globalStorage\redhat.java\1.38.0\config_ss_win -data c:\Users\HP\AppData\Roaming\Code\User\workspaceStorage\95766eaade6a7466387557eabee0eaaf\redhat.java\ss_ws --pipe=\\.\pipe\lsp-a331fbceb37ee5ee9c8e2c6ca861b56e-sock

Host: Intel(R) Core(TM) i5-6300U CPU @ 2.40GHz, 4 cores, 7G,  Windows 10 , 64 bit Build 19041 (10.0.19041.5198)
Time: Fri Dec 27 00:55:54 2024 W. Central Africa Standard Time elapsed time: 6.433459 seconds (0d 0h 0m 6s)

---------------  T H R E A D  ---------------

Current thread (0x0000020529e339d0):  JavaThread "C2 CompilerThread0" daemon [_thread_in_native, id=18220, stack(0x0000002084000000,0x0000002084100000)]


Current CompileTask:
C2:   6433 2211 % !   4       sun.security.provider.SeedGenerator$ThreadedSeedGenerator::run @ 109 (263 bytes)

Stack: [0x0000002084000000,0x0000002084100000]
Native frames: (J=compiled Java code, j=interpreted, Vv=VM code, C=native code)
V  [jvm.dll+0x682a19]
V  [jvm.dll+0x839538]
V  [jvm.dll+0x83afe3]
V  [jvm.dll+0x83b653]
V  [jvm.dll+0x24704f]
V  [jvm.dll+0xad03c]
V  [jvm.dll+0xad4cc]
V  [jvm.dll+0xacf44]
V  [jvm.dll+0x661584]
V  [jvm.dll+0x7a3e8]
V  [jvm.dll+0x624f1e]
V  [jvm.dll+0x34a58c]
V  [jvm.dll+0x69f150]
V  [jvm.dll+0x69b024]
V  [jvm.dll+0x692d83]
V  [jvm.dll+0x692620]
V  [jvm.dll+0x690442]
V  [jvm.dll+0x1a5f6c]
V  [jvm.dll+0x217038]
V  [jvm.dll+0x1a3070]
V  [jvm.dll+0x22788c]
V  [jvm.dll+0x2259eb]
V  [jvm.dll+0x7eec98]
V  [jvm.dll+0x7e8ffc]
V  [jvm.dll+0x6818f7]
C  [ucrtbase.dll+0x21bb2]
C  [KERNEL32.DLL+0x17374]
C  [ntdll.dll+0x4cc91]


---------------  P R O C E S S  ---------------

Threads class SMR info:
_java_thread_list=0x000002052ff93240, length=20, elements={
0x000002051581cc30, 0x00000205158bb560, 0x00000205158be410, 0x000002052effa1a0,
0x000002052effd240, 0x000002052effe940, 0x000002052efff350, 0x0000020529e339d0,
0x0000020529e3e8c0, 0x0000020529e3f1d0, 0x000002052f109000, 0x000002052f387d90,
0x000002052f403810, 0x000002052f404740, 0x000002052f401ec0, 0x000002052f4023d0,
0x000002052f4028e0, 0x000002052f404c50, 0x000002052f405160, 0x000002052f402df0
}

Java Threads: ( => current thread )
  0x000002051581cc30 JavaThread "main" [_thread_blocked, id=25272, stack(0x0000002083700000,0x0000002083800000)]
  0x00000205158bb560 JavaThread "Reference Handler" daemon [_thread_blocked, id=1388, stack(0x0000002083a00000,0x0000002083b00000)]
  0x00000205158be410 JavaThread "Finalizer" daemon [_thread_blocked, id=21128, stack(0x0000002083b00000,0x0000002083c00000)]
  0x000002052effa1a0 JavaThread "Signal Dispatcher" daemon [_thread_blocked, id=10332, stack(0x0000002083c00000,0x0000002083d00000)]
  0x000002052effd240 JavaThread "Attach Listener" daemon [_thread_blocked, id=24132, stack(0x0000002083d00000,0x0000002083e00000)]
  0x000002052effe940 JavaThread "Service Thread" daemon [_thread_blocked, id=13864, stack(0x0000002083e00000,0x0000002083f00000)]
  0x000002052efff350 JavaThread "Monitor Deflation Thread" daemon [_thread_blocked, id=25388, stack(0x0000002083f00000,0x0000002084000000)]
=>0x0000020529e339d0 JavaThread "C2 CompilerThread0" daemon [_thread_in_native, id=18220, stack(0x0000002084000000,0x0000002084100000)]
  0x0000020529e3e8c0 JavaThread "C1 CompilerThread0" daemon [_thread_blocked, id=8208, stack(0x0000002084100000,0x0000002084200000)]
  0x0000020529e3f1d0 JavaThread "Sweeper thread" daemon [_thread_blocked, id=23688, stack(0x0000002084200000,0x0000002084300000)]
  0x000002052f109000 JavaThread "Common-Cleaner" daemon [_thread_blocked, id=23784, stack(0x0000002084300000,0x0000002084400000)]
  0x000002052f387d90 JavaThread "Notification Thread" daemon [_thread_blocked, id=14232, stack(0x0000002084400000,0x0000002084500000)]
  0x000002052f403810 JavaThread "Active Thread: Equinox Container: 470b0bd9-2315-472c-ab78-dba65a0c5ab6" [_thread_blocked, id=18672, stack(0x0000002084900000,0x0000002084a00000)]
  0x000002052f404740 JavaThread "Framework Event Dispatcher: Equinox Container: 470b0bd9-2315-472c-ab78-dba65a0c5ab6" daemon [_thread_blocked, id=24888, stack(0x0000002084a00000,0x0000002084b00000)]
  0x000002052f401ec0 JavaThread "Start Level: Equinox Container: 470b0bd9-2315-472c-ab78-dba65a0c5ab6" daemon [_thread_blocked, id=20744, stack(0x0000002084b00000,0x0000002084c00000)]
  0x000002052f4023d0 JavaThread "SCR Component Actor" daemon [_thread_blocked, id=9968, stack(0x0000002084c00000,0x0000002084d00000)]
  0x000002052f4028e0 JavaThread "SCR Component Registry" daemon [_thread_blocked, id=7096, stack(0x0000002084d00000,0x0000002084e00000)]
  0x000002052f404c50 JavaThread "Worker-JM" [_thread_blocked, id=24624, stack(0x0000002084e00000,0x0000002084f00000)]
  0x000002052f405160 JavaThread "SeedGenerator Thread" daemon [_thread_in_Java, id=22204, stack(0x0000002084f00000,0x0000002085000000)]
  0x000002052f402df0 JavaThread "SeedGenerator Thread" daemon [_thread_blocked, id=22232, stack(0x0000002085100000,0x0000002085200000)]

Other Threads:
  0x0000020529df9f70 VMThread "VM Thread" [stack: 0x0000002083900000,0x0000002083a00000] [id=20620]
  0x000002052f3dc2c0 WatcherThread [stack: 0x0000002084500000,0x0000002084600000] [id=25392]
  0x0000020515832af0 GCTaskThread "GC Thread#0" [stack: 0x0000002083800000,0x0000002083900000] [id=22468]
  0x000002052fd9cb70 GCTaskThread "GC Thread#1" [stack: 0x0000002084600000,0x0000002084700000] [id=23720]
  0x000002052fbeecc0 GCTaskThread "GC Thread#2" [stack: 0x0000002084700000,0x0000002084800000] [id=20216]
  0x000002052f829430 GCTaskThread "GC Thread#3" [stack: 0x0000002084800000,0x0000002084900000] [id=11392]

Threads with active compile tasks:
C2 CompilerThread0     6574 2211 % !   4       sun.security.provider.SeedGenerator$ThreadedSeedGenerator::run @ 109 (263 bytes)

VM state: not at safepoint (normal execution)

VM Mutex/Monitor currently owned by a thread: None

Heap address: 0x00000000c0000000, size: 1024 MB, Compressed Oops mode: 32-bit

CDS archive(s) not mapped
Compressed class space mapped at: 0x0000000100000000-0x0000000140000000, reserved size: 1073741824
Narrow klass base: 0x0000000000000000, Narrow klass shift: 3, Narrow klass range: 0x140000000

GC Precious Log:
 CPUs: 4 total, 4 available
 Memory: 8071M
 Large Page Support: Disabled
 NUMA Support: Disabled
 Compressed Oops: Enabled (32-bit)
 Alignments: Space 512K, Generation 512K, Heap 2M
 Heap Min Capacity: 100M
 Heap Initial Capacity: 100M
 Heap Max Capacity: 1G
 Pre-touch: Disabled
 Parallel Workers: 4

Heap:
 PSYoungGen      total 29696K, used 2228K [0x00000000eab00000, 0x00000000ecc00000, 0x0000000100000000)
  eden space 25600K, 8% used [0x00000000eab00000,0x00000000ead2d390,0x00000000ec400000)
  from space 4096K, 0% used [0x00000000ec800000,0x00000000ec800000,0x00000000ecc00000)
  to   space 4096K, 0% used [0x00000000ec400000,0x00000000ec400000,0x00000000ec800000)
 ParOldGen       total 68608K, used 6932K [0x00000000c0000000, 0x00000000c4300000, 0x00000000eab00000)
  object space 68608K, 10% used [0x00000000c0000000,0x00000000c06c52e0,0x00000000c4300000)
 Metaspace       used 21410K, committed 21952K, reserved 1114112K
  class space    used 2193K, committed 2432K, reserved 1048576K

Card table byte_map: [0x00000205276c0000,0x00000205278d0000] _byte_map_base: 0x00000205270c0000

Marking Bits: (ParMarkBitMap*) 0x00007ffaadcd6940
 Begin Bits: [0x0000020527a30000, 0x0000020528a30000)
 End Bits:   [0x0000020528a30000, 0x0000020529a30000)

Polling page: 0x00000205158c0000

Metaspace:

Usage:
  Non-class:     18.77 MB used.
      Class:      2.14 MB used.
       Both:     20.91 MB used.

Virtual space:
  Non-class space:       64.00 MB reserved,      19.06 MB ( 30%) committed,  1 nodes.
      Class space:        1.00 GB reserved,       2.38 MB ( <1%) committed,  1 nodes.
             Both:        1.06 GB reserved,      21.44 MB (  2%) committed. 

Chunk freelists:
   Non-Class:  12.27 MB
       Class:  13.59 MB
        Both:  25.87 MB

MaxMetaspaceSize: unlimited
CompressedClassSpaceSize: 1.00 GB
Initial GC threshold: 21.00 MB
Current GC threshold: 35.00 MB
CDS: off
MetaspaceReclaimPolicy: balanced
 - commit_granule_bytes: 65536.
 - commit_granule_words: 8192.
 - virtual_space_node_default_size: 8388608.
 - enlarge_chunks_in_place: 1.
 - new_chunks_are_fully_committed: 0.
 - uncommit_free_chunks: 1.
 - use_allocation_guard: 0.
 - handle_deallocations: 1.


Internal statistics:

num_allocs_failed_limit: 3.
num_arena_births: 250.
num_arena_deaths: 14.
num_vsnodes_births: 2.
num_vsnodes_deaths: 0.
num_space_committed: 343.
num_space_uncommitted: 0.
num_chunks_returned_to_freelist: 17.
num_chunks_taken_from_freelist: 746.
num_chunk_merges: 5.
num_chunk_splits: 478.
num_chunks_enlarged: 333.
num_inconsistent_stats: 0.

CodeHeap 'non-profiled nmethods': size=120000Kb used=891Kb max_used=891Kb free=119108Kb
 bounds [0x000002051ffa0000, 0x0000020520210000, 0x00000205274d0000]
CodeHeap 'profiled nmethods': size=120000Kb used=4178Kb max_used=4178Kb free=115822Kb
 bounds [0x00000205184d0000, 0x00000205188f0000, 0x000002051fa00000]
CodeHeap 'non-nmethods': size=5760Kb used=1198Kb max_used=1220Kb free=4561Kb
 bounds [0x000002051fa00000, 0x000002051fc70000, 0x000002051ffa0000]
 total_blobs=2709 nmethods=2209 adapters=414
 compilation: enabled
              stopped_count=0, restarted_count=0
 full_count=0

Compilation events (20 events):
Event: 6.314 Thread 0x0000020529e3e8c0 nmethod 2199 0x00000205188daf90 code [0x00000205188db1a0, 0x00000205188db668]
Event: 6.338 Thread 0x0000020529e3e8c0 2200       3       sun.nio.fs.WindowsPath::<init> (26 bytes)
Event: 6.338 Thread 0x0000020529e3e8c0 nmethod 2200 0x00000205188db910 code [0x00000205188dbaa0, 0x00000205188dbc58]
Event: 6.339 Thread 0x0000020529e3e8c0 2201       3       jdk.internal.misc.Unsafe::getLong (7 bytes)
Event: 6.339 Thread 0x0000020529e3e8c0 nmethod 2201 0x00000205188dbd10 code [0x00000205188dbea0, 0x00000205188dbfb8]
Event: 6.339 Thread 0x0000020529e3e8c0 2202       1       sun.nio.fs.WindowsPath::toString (5 bytes)
Event: 6.340 Thread 0x0000020529e3e8c0 nmethod 2202 0x000002052007e190 code [0x000002052007e320, 0x000002052007e3f8]
Event: 6.340 Thread 0x0000020529e3e8c0 2204       1       java.nio.file.Files$AcceptAllFilter::accept (2 bytes)
Event: 6.340 Thread 0x0000020529e3e8c0 nmethod 2204 0x000002052007e890 code [0x000002052007ea20, 0x000002052007eaf8]
Event: 6.340 Thread 0x0000020529e3e8c0 2205       3       sun.nio.fs.WindowsPathParser::parse (384 bytes)
Event: 6.347 Thread 0x0000020529e3e8c0 nmethod 2205 0x00000205188dc090 code [0x00000205188dc780, 0x00000205188e0208]
Event: 6.347 Thread 0x0000020529e3e8c0 2208       3       java.lang.invoke.MethodType$ConcurrentWeakInternSet::get (47 bytes)
Event: 6.347 Thread 0x0000020529e3e8c0 nmethod 2208 0x00000205188e1890 code [0x00000205188e1ac0, 0x00000205188e23d8]
Event: 6.347 Thread 0x0000020529e3e8c0 2206       3       sun.nio.fs.WindowsPathParser$Result::<init> (20 bytes)
Event: 6.348 Thread 0x0000020529e3e8c0 nmethod 2206 0x00000205188e2710 code [0x00000205188e28a0, 0x00000205188e2a58]
Event: 6.348 Thread 0x0000020529e3e8c0 2207       3       sun.nio.fs.WindowsPathParser::isLetter (30 bytes)
Event: 6.348 Thread 0x0000020529e3e8c0 nmethod 2207 0x00000205188e2b10 code [0x00000205188e2ca0, 0x00000205188e2e78]
Event: 6.399 Thread 0x0000020529e3e8c0 2210 % !   3       sun.security.provider.SeedGenerator$ThreadedSeedGenerator::run @ 109 (263 bytes)
Event: 6.401 Thread 0x0000020529e3e8c0 nmethod 2210% 0x00000205188e2f10 code [0x00000205188e31a0, 0x00000205188e3fb8]
Event: 6.425 Thread 0x0000020529e339d0 2211 % !   4       sun.security.provider.SeedGenerator$ThreadedSeedGenerator::run @ 109 (263 bytes)

GC Heap History (10 events):
Event: 2.293 GC heap before
{Heap before GC invocations=1 (full 0):
 PSYoungGen      total 29696K, used 25600K [0x00000000eab00000, 0x00000000ecc00000, 0x0000000100000000)
  eden space 25600K, 100% used [0x00000000eab00000,0x00000000ec400000,0x00000000ec400000)
  from space 4096K, 0% used [0x00000000ec800000,0x00000000ec800000,0x00000000ecc00000)
  to   space 4096K, 0% used [0x00000000ec400000,0x00000000ec400000,0x00000000ec800000)
 ParOldGen       total 68608K, used 0K [0x00000000c0000000, 0x00000000c4300000, 0x00000000eab00000)
  object space 68608K, 0% used [0x00000000c0000000,0x00000000c0000000,0x00000000c4300000)
 Metaspace       used 10944K, committed 11072K, reserved 1114112K
  class space    used 1086K, committed 1152K, reserved 1048576K
}
Event: 2.308 GC heap after
{Heap after GC invocations=1 (full 0):
 PSYoungGen      total 29696K, used 3189K [0x00000000eab00000, 0x00000000ecc00000, 0x0000000100000000)
  eden space 25600K, 0% used [0x00000000eab00000,0x00000000eab00000,0x00000000ec400000)
  from space 4096K, 77% used [0x00000000ec400000,0x00000000ec71d4f8,0x00000000ec800000)
  to   space 4096K, 0% used [0x00000000ec800000,0x00000000ec800000,0x00000000ecc00000)
 ParOldGen       total 68608K, used 16K [0x00000000c0000000, 0x00000000c4300000, 0x00000000eab00000)
  object space 68608K, 0% used [0x00000000c0000000,0x00000000c0004000,0x00000000c4300000)
 Metaspace       used 10944K, committed 11072K, reserved 1114112K
  class space    used 1086K, committed 1152K, reserved 1048576K
}
Event: 3.633 GC heap before
{Heap before GC invocations=2 (full 0):
 PSYoungGen      total 29696K, used 28789K [0x00000000eab00000, 0x00000000ecc00000, 0x0000000100000000)
  eden space 25600K, 100% used [0x00000000eab00000,0x00000000ec400000,0x00000000ec400000)
  from space 4096K, 77% used [0x00000000ec400000,0x00000000ec71d4f8,0x00000000ec800000)
  to   space 4096K, 0% used [0x00000000ec800000,0x00000000ec800000,0x00000000ecc00000)
 ParOldGen       total 68608K, used 16K [0x00000000c0000000, 0x00000000c4300000, 0x00000000eab00000)
  object space 68608K, 0% used [0x00000000c0000000,0x00000000c0004000,0x00000000c4300000)
 Metaspace       used 14550K, committed 14784K, reserved 1114112K
  class space    used 1472K, committed 1536K, reserved 1048576K
}
Event: 3.643 GC heap after
{Heap after GC invocations=2 (full 0):
 PSYoungGen      total 29696K, used 4090K [0x00000000eab00000, 0x00000000ecc00000, 0x0000000100000000)
  eden space 25600K, 0% used [0x00000000eab00000,0x00000000eab00000,0x00000000ec400000)
  from space 4096K, 99% used [0x00000000ec800000,0x00000000ecbfe998,0x00000000ecc00000)
  to   space 4096K, 0% used [0x00000000ec400000,0x00000000ec400000,0x00000000ec800000)
 ParOldGen       total 68608K, used 786K [0x00000000c0000000, 0x00000000c4300000, 0x00000000eab00000)
  object space 68608K, 1% used [0x00000000c0000000,0x00000000c00c4b60,0x00000000c4300000)
 Metaspace       used 14550K, committed 14784K, reserved 1114112K
  class space    used 1472K, committed 1536K, reserved 1048576K
}
Event: 5.405 GC heap before
{Heap before GC invocations=3 (full 0):
 PSYoungGen      total 29696K, used 29690K [0x00000000eab00000, 0x00000000ecc00000, 0x0000000100000000)
  eden space 25600K, 100% used [0x00000000eab00000,0x00000000ec400000,0x00000000ec400000)
  from space 4096K, 99% used [0x00000000ec800000,0x00000000ecbfe998,0x00000000ecc00000)
  to   space 4096K, 0% used [0x00000000ec400000,0x00000000ec400000,0x00000000ec800000)
 ParOldGen       total 68608K, used 786K [0x00000000c0000000, 0x00000000c4300000, 0x00000000eab00000)
  object space 68608K, 1% used [0x00000000c0000000,0x00000000c00c4b60,0x00000000c4300000)
 Metaspace       used 19640K, committed 20096K, reserved 1114112K
  class space    used 2009K, committed 2176K, reserved 1048576K
}
Event: 5.413 GC heap after
{Heap after GC invocations=3 (full 0):
 PSYoungGen      total 29696K, used 4083K [0x00000000eab00000, 0x00000000ecc00000, 0x0000000100000000)
  eden space 25600K, 0% used [0x00000000eab00000,0x00000000eab00000,0x00000000ec400000)
  from space 4096K, 99% used [0x00000000ec400000,0x00000000ec7fcc50,0x00000000ec800000)
  to   space 4096K, 0% used [0x00000000ec800000,0x00000000ec800000,0x00000000ecc00000)
 ParOldGen       total 68608K, used 2554K [0x00000000c0000000, 0x00000000c4300000, 0x00000000eab00000)
  object space 68608K, 3% used [0x00000000c0000000,0x00000000c027e8a0,0x00000000c4300000)
 Metaspace       used 19640K, committed 20096K, reserved 1114112K
  class space    used 2009K, committed 2176K, reserved 1048576K
}
Event: 5.966 GC heap before
{Heap before GC invocations=4 (full 0):
 PSYoungGen      total 29696K, used 11248K [0x00000000eab00000, 0x00000000ecc00000, 0x0000000100000000)
  eden space 25600K, 27% used [0x00000000eab00000,0x00000000eb1ff7a8,0x00000000ec400000)
  from space 4096K, 99% used [0x00000000ec400000,0x00000000ec7fcc50,0x00000000ec800000)
  to   space 4096K, 0% used [0x00000000ec800000,0x00000000ec800000,0x00000000ecc00000)
 ParOldGen       total 68608K, used 2554K [0x00000000c0000000, 0x00000000c4300000, 0x00000000eab00000)
  object space 68608K, 3% used [0x00000000c0000000,0x00000000c027e8a0,0x00000000c4300000)
 Metaspace       used 21063K, committed 21504K, reserved 1114112K
  class space    used 2152K, committed 2368K, reserved 1048576K
}
Event: 5.974 GC heap after
{Heap after GC invocations=4 (full 0):
 PSYoungGen      total 29696K, used 4086K [0x00000000eab00000, 0x00000000ecc00000, 0x0000000100000000)
  eden space 25600K, 0% used [0x00000000eab00000,0x00000000eab00000,0x00000000ec400000)
  from space 4096K, 99% used [0x00000000ec800000,0x00000000ecbfdac0,0x00000000ecc00000)
  to   space 4096K, 0% used [0x00000000ec400000,0x00000000ec400000,0x00000000ec800000)
 ParOldGen       total 68608K, used 2990K [0x00000000c0000000, 0x00000000c4300000, 0x00000000eab00000)
  object space 68608K, 4% used [0x00000000c0000000,0x00000000c02eb8d0,0x00000000c4300000)
 Metaspace       used 21063K, committed 21504K, reserved 1114112K
  class space    used 2152K, committed 2368K, reserved 1048576K
}
Event: 5.974 GC heap before
{Heap before GC invocations=5 (full 1):
 PSYoungGen      total 29696K, used 4086K [0x00000000eab00000, 0x00000000ecc00000, 0x0000000100000000)
  eden space 25600K, 0% used [0x00000000eab00000,0x00000000eab00000,0x00000000ec400000)
  from space 4096K, 99% used [0x00000000ec800000,0x00000000ecbfdac0,0x00000000ecc00000)
  to   space 4096K, 0% used [0x00000000ec400000,0x00000000ec400000,0x00000000ec800000)
 ParOldGen       total 68608K, used 2990K [0x00000000c0000000, 0x00000000c4300000, 0x00000000eab00000)
  object space 68608K, 4% used [0x00000000c0000000,0x00000000c02eb8d0,0x00000000c4300000)
 Metaspace       used 21063K, committed 21504K, reserved 1114112K
  class space    used 2152K, committed 2368K, reserved 1048576K
}
Event: 6.020 GC heap after
{Heap after GC invocations=5 (full 1):
 PSYoungGen      total 29696K, used 0K [0x00000000eab00000, 0x00000000ecc00000, 0x0000000100000000)
  eden space 25600K, 0% used [0x00000000eab00000,0x00000000eab00000,0x00000000ec400000)
  from space 4096K, 0% used [0x00000000ec800000,0x00000000ec800000,0x00000000ecc00000)
  to   space 4096K, 0% used [0x00000000ec400000,0x00000000ec400000,0x00000000ec800000)
 ParOldGen       total 68608K, used 6932K [0x00000000c0000000, 0x00000000c4300000, 0x00000000eab00000)
  object space 68608K, 10% used [0x00000000c0000000,0x00000000c06c52e0,0x00000000c4300000)
 Metaspace       used 21050K, committed 21504K, reserved 1114112K
  class space    used 2149K, committed 2368K, reserved 1048576K
}

Dll operation events (9 events):
Event: 0.113 Loaded shared library c:\Users\HP\.vscode\extensions\redhat.java-1.38.0-win32-x64\jre\17.0.13-win32-x86_64\bin\java.dll
Event: 0.791 Loaded shared library c:\Users\HP\.vscode\extensions\redhat.java-1.38.0-win32-x64\jre\17.0.13-win32-x86_64\bin\zip.dll
Event: 0.830 Loaded shared library C:\Users\HP\.vscode\extensions\redhat.java-1.38.0-win32-x64\jre\17.0.13-win32-x86_64\bin\instrument.dll
Event: 0.884 Loaded shared library C:\Users\HP\.vscode\extensions\redhat.java-1.38.0-win32-x64\jre\17.0.13-win32-x86_64\bin\net.dll
Event: 0.891 Loaded shared library C:\Users\HP\.vscode\extensions\redhat.java-1.38.0-win32-x64\jre\17.0.13-win32-x86_64\bin\nio.dll
Event: 0.907 Loaded shared library C:\Users\HP\.vscode\extensions\redhat.java-1.38.0-win32-x64\jre\17.0.13-win32-x86_64\bin\zip.dll
Event: 0.968 Loaded shared library C:\Users\HP\.vscode\extensions\redhat.java-1.38.0-win32-x64\jre\17.0.13-win32-x86_64\bin\jimage.dll
Event: 1.132 Loaded shared library c:\Users\HP\.vscode\extensions\redhat.java-1.38.0-win32-x64\jre\17.0.13-win32-x86_64\bin\verify.dll
Event: 3.344 Loaded shared library C:\Users\HP\AppData\Roaming\Code\User\globalStorage\redhat.java\1.38.0\config_ss_win\org.eclipse.equinox.launcher\org.eclipse.equinox.launcher.win32.win32.x86_64_1.2.1100.v20240722-2106\eclipse_11904.dll

Deoptimization events (20 events):
Event: 5.537 Thread 0x000002052f401ec0 DEOPT PACKING pc=0x0000020520059968 sp=0x0000002084bf9340
Event: 5.537 Thread 0x000002052f401ec0 DEOPT UNPACKING pc=0x000002051fa566a3 sp=0x0000002084bf92c0 mode 2
Event: 5.537 Thread 0x000002052f401ec0 Uncommon trap: trap_request=0xffffffc6 fr.pc=0x000002052005ed38 relative=0x00000000000006d8
Event: 5.537 Thread 0x000002052f401ec0 Uncommon trap: reason=bimorphic_or_optimized_type_check action=maybe_recompile pc=0x000002052005ed38 method=java.io.DataInputStream.readUnsignedShort()I @ 6 c2
Event: 5.537 Thread 0x000002052f401ec0 DEOPT PACKING pc=0x000002052005ed38 sp=0x0000002084bf9240
Event: 5.537 Thread 0x000002052f401ec0 DEOPT UNPACKING pc=0x000002051fa566a3 sp=0x0000002084bf9208 mode 2
Event: 5.647 Thread 0x000002052f401ec0 Uncommon trap: trap_request=0xffffff45 fr.pc=0x0000020520037340 relative=0x0000000000000040
Event: 5.647 Thread 0x000002052f401ec0 Uncommon trap: reason=unstable_if action=reinterpret pc=0x0000020520037340 method=sun.nio.fs.WindowsPathParser.isSlash(C)Z @ 9 c2
Event: 5.647 Thread 0x000002052f401ec0 DEOPT PACKING pc=0x0000020520037340 sp=0x0000002084bf9070
Event: 5.647 Thread 0x000002052f401ec0 DEOPT UNPACKING pc=0x000002051fa566a3 sp=0x0000002084bf8ff8 mode 2
Event: 6.058 Thread 0x000002052f401ec0 Uncommon trap: trap_request=0xffffff45 fr.pc=0x000002051ffd42e0 relative=0x00000000000006e0
Event: 6.058 Thread 0x000002052f401ec0 Uncommon trap: reason=unstable_if action=reinterpret pc=0x000002051ffd42e0 method=java.lang.String.replace(Ljava/lang/CharSequence;Ljava/lang/CharSequence;)Ljava/lang/String; @ 42 c2
Event: 6.058 Thread 0x000002052f401ec0 DEOPT PACKING pc=0x000002051ffd42e0 sp=0x0000002084bf7670
Event: 6.058 Thread 0x000002052f401ec0 DEOPT UNPACKING pc=0x000002051fa566a3 sp=0x0000002084bf75f0 mode 2
Event: 6.242 Thread 0x000002052f405160 DEOPT PACKING pc=0x00000205188d714a sp=0x0000002084fff280
Event: 6.242 Thread 0x000002052f405160 DEOPT UNPACKING pc=0x000002051fa56e43 sp=0x0000002084ffe7a0 mode 0
Event: 6.397 Thread 0x000002052f405160 Uncommon trap: trap_request=0xffffff45 fr.pc=0x000002052007d358 relative=0x0000000000000258
Event: 6.398 Thread 0x000002052f405160 Uncommon trap: reason=unstable_if action=reinterpret pc=0x000002052007d358 method=sun.security.provider.SeedGenerator$ThreadedSeedGenerator.run()V @ 119 c2
Event: 6.398 Thread 0x000002052f405160 DEOPT PACKING pc=0x000002052007d358 sp=0x0000002084fff310
Event: 6.398 Thread 0x000002052f405160 DEOPT UNPACKING pc=0x000002051fa566a3 sp=0x0000002084fff2a8 mode 2

Classes loaded (20 events):
Event: 6.149 Loading class java/net/Inet6Address$Inet6AddressHolder
Event: 6.150 Loading class java/net/Inet6Address$Inet6AddressHolder done
Event: 6.150 Loading class java/net/DefaultInterface
Event: 6.150 Loading class java/net/DefaultInterface done
Event: 6.192 Loading class java/net/NetworkInterface$1
Event: 6.192 Loading class java/net/NetworkInterface$1 done
Event: 6.305 Loading class java/nio/file/Files$AcceptAllFilter
Event: 6.305 Loading class java/nio/file/DirectoryStream$Filter
Event: 6.306 Loading class java/nio/file/DirectoryStream$Filter done
Event: 6.307 Loading class java/nio/file/Files$AcceptAllFilter done
Event: 6.307 Loading class sun/nio/fs/WindowsDirectoryStream
Event: 6.308 Loading class java/nio/file/DirectoryStream
Event: 6.309 Loading class java/nio/file/DirectoryStream done
Event: 6.309 Loading class sun/nio/fs/WindowsDirectoryStream done
Event: 6.309 Loading class sun/nio/fs/WindowsDirectoryStream$WindowsDirectoryIterator
Event: 6.309 Loading class sun/nio/fs/WindowsDirectoryStream$WindowsDirectoryIterator done
Event: 6.310 Loading class sun/nio/fs/WindowsPath$WindowsPathWithAttributes
Event: 6.310 Loading class sun/nio/fs/BasicFileAttributesHolder
Event: 6.310 Loading class sun/nio/fs/BasicFileAttributesHolder done
Event: 6.310 Loading class sun/nio/fs/WindowsPath$WindowsPathWithAttributes done

Classes unloaded (7 events):
Event: 5.984 Thread 0x0000020529df9f70 Unloading class 0x0000000100222400 'java/lang/invoke/LambdaForm$MH+0x0000000100222400'
Event: 5.984 Thread 0x0000020529df9f70 Unloading class 0x0000000100222000 'java/lang/invoke/LambdaForm$MH+0x0000000100222000'
Event: 5.984 Thread 0x0000020529df9f70 Unloading class 0x0000000100221c00 'java/lang/invoke/LambdaForm$MH+0x0000000100221c00'
Event: 5.984 Thread 0x0000020529df9f70 Unloading class 0x0000000100221800 'java/lang/invoke/LambdaForm$MH+0x0000000100221800'
Event: 5.984 Thread 0x0000020529df9f70 Unloading class 0x0000000100221400 'java/lang/invoke/LambdaForm$BMH+0x0000000100221400'
Event: 5.984 Thread 0x0000020529df9f70 Unloading class 0x0000000100221000 'java/lang/invoke/LambdaForm$DMH+0x0000000100221000'
Event: 5.984 Thread 0x0000020529df9f70 Unloading class 0x000000010021c400 'java/lang/invoke/LambdaForm$DMH+0x000000010021c400'

Classes redefined (0 events):
No events

Internal exceptions (20 events):
Event: 4.319 Thread 0x000002052f401ec0 Exception <a 'java/io/FileNotFoundException'{0x00000000eb5fe578}> (0x00000000eb5fe578) 
thrown [s\src\hotspot\share\prims\jni.cpp, line 516]
Event: 4.473 Thread 0x000002052f401ec0 Exception <a 'java/lang/NoSuchMethodError'{0x00000000eb7c8b10}: 'java.lang.Object java.lang.invoke.Invokers$Holder.invokeExact_MT(java.lang.Object, java.lang.Object, java.lang.Object, java.lang.Object, java.lang.Object, java.lang.Object)'> (0x00000000eb7c8b10) 
thrown [s\src\hotspot\share\interpreter\linkResolver.cpp, line 759]
Event: 4.579 Thread 0x000002052f401ec0 Exception <a 'java/lang/NoSuchMethodError'{0x00000000eb8ed980}: 'java.lang.Object java.lang.invoke.Invokers$Holder.linkToTargetMethod(java.lang.Object, long, java.lang.Object)'> (0x00000000eb8ed980) 
thrown [s\src\hotspot\share\interpreter\linkResolver.cpp, line 759]
Event: 4.857 Thread 0x000002052f401ec0 Exception <a 'java/lang/NoSuchMethodError'{0x00000000ebc99400}: 'void java.lang.invoke.DirectMethodHandle$Holder.invokeInterface(java.lang.Object, java.lang.Object, java.lang.Object)'> (0x00000000ebc99400) 
thrown [s\src\hotspot\share\interpreter\linkResolver.cpp, line 759]
Event: 5.045 Thread 0x000002052f401ec0 Exception <a 'java/lang/NoSuchMethodError'{0x00000000ec015e20}: 'void java.lang.invoke.DirectMethodHandle$Holder.invokeVirtual(java.lang.Object, java.lang.Object)'> (0x00000000ec015e20) 
thrown [s\src\hotspot\share\interpreter\linkResolver.cpp, line 759]
Event: 5.118 Thread 0x000002052f401ec0 Exception <a 'java/lang/NoSuchMethodError'{0x00000000ec122210}: 'java.lang.Object java.lang.invoke.DirectMethodHandle$Holder.invokeStatic(java.lang.Object, java.lang.Object, int)'> (0x00000000ec122210) 
thrown [s\src\hotspot\share\interpreter\linkResolver.cpp, line 759]
Event: 5.119 Thread 0x000002052f401ec0 Exception <a 'java/lang/NoSuchMethodError'{0x00000000ec126dc0}: 'void java.lang.invoke.DirectMethodHandle$Holder.invokeStatic(java.lang.Object, java.lang.Object, int, java.lang.Object)'> (0x00000000ec126dc0) 
thrown [s\src\hotspot\share\interpreter\linkResolver.cpp, line 759]
Event: 5.120 Thread 0x000002052f401ec0 Exception <a 'java/lang/NoSuchMethodError'{0x00000000ec12e7a0}: 'void java.lang.invoke.DelegatingMethodHandle$Holder.delegate(java.lang.Object, java.lang.Object, int, java.lang.Object)'> (0x00000000ec12e7a0) 
thrown [s\src\hotspot\share\interpreter\linkResolver.cpp, line 759]
Event: 5.121 Thread 0x000002052f401ec0 Exception <a 'java/lang/NoSuchMethodError'{0x00000000ec132b88}: 'int java.lang.invoke.DirectMethodHandle$Holder.invokeSpecial(java.lang.Object, java.lang.Object, java.lang.Object)'> (0x00000000ec132b88) 
thrown [s\src\hotspot\share\interpreter\linkResolver.cpp, line 759]
Event: 5.124 Thread 0x000002052f401ec0 Exception <a 'java/lang/NoSuchMethodError'{0x00000000ec143818}: 'int java.lang.invoke.DirectMethodHandle$Holder.invokeStatic(java.lang.Object, java.lang.Object, int)'> (0x00000000ec143818) 
thrown [s\src\hotspot\share\interpreter\linkResolver.cpp, line 759]
Event: 5.125 Thread 0x000002052f401ec0 Exception <a 'java/lang/NoSuchMethodError'{0x00000000ec147840}: 'int java.lang.invoke.DirectMethodHandle$Holder.invokeSpecial(java.lang.Object, java.lang.Object, java.lang.Object, int)'> (0x00000000ec147840) 
thrown [s\src\hotspot\share\interpreter\linkResolver.cpp, line 759]
Event: 5.130 Thread 0x000002052f401ec0 Exception <a 'java/lang/NoSuchMethodError'{0x00000000ec162e10}: 'java.lang.Object java.lang.invoke.DirectMethodHandle$Holder.invokeStatic(java.lang.Object, java.lang.Object, java.lang.Object, java.lang.Object, int)'> (0x00000000ec162e10) 
thrown [s\src\hotspot\share\interpreter\linkResolver.cpp, line 759]
Event: 5.134 Thread 0x000002052f401ec0 Exception <a 'java/lang/NoSuchMethodError'{0x00000000ec16ee08}: 'java.lang.Object java.lang.invoke.DelegatingMethodHandle$Holder.reinvoke_L(java.lang.Object, java.lang.Object, java.lang.Object, java.lang.Object, int, int)'> (0x00000000ec16ee08) 
thrown [s\src\hotspot\share\interpreter\linkResolver.cpp, line 759]
Event: 5.140 Thread 0x000002052f401ec0 Exception <a 'java/lang/NoSuchMethodError'{0x00000000ec183a18}: 'java.lang.Object java.lang.invoke.Invokers$Holder.invokeExact_MT(java.lang.Object, java.lang.Object, java.lang.Object, java.lang.Object)'> (0x00000000ec183a18) 
thrown [s\src\hotspot\share\interpreter\linkResolver.cpp, line 759]
Event: 5.396 Thread 0x000002052f401ec0 Exception <a 'java/io/FileNotFoundException'{0x00000000ec3f2ad0}> (0x00000000ec3f2ad0) 
thrown [s\src\hotspot\share\prims\jni.cpp, line 516]
Event: 5.405 Thread 0x000002052f401ec0 Exception <a 'java/io/FileNotFoundException'{0x00000000ec3f9740}> (0x00000000ec3f9740) 
thrown [s\src\hotspot\share\prims\jni.cpp, line 516]
Event: 5.545 Thread 0x000002052f401ec0 Exception <a 'java/lang/NoSuchMethodError'{0x00000000eae09970}: 'java.lang.Object java.lang.invoke.DirectMethodHandle$Holder.newInvokeSpecial(java.lang.Object, java.lang.Object, java.lang.Object, java.lang.Object, java.lang.Object)'> (0x00000000eae09970) 
thrown [s\src\hotspot\share\interpreter\linkResolver.cpp, line 759]
Event: 5.720 Thread 0x000002052f401ec0 Exception <a 'java/lang/NoSuchMethodError'{0x00000000eafba7a0}: 'java.lang.Object java.lang.invoke.DirectMethodHandle$Holder.invokeStaticInit(java.lang.Object, int)'> (0x00000000eafba7a0) 
thrown [s\src\hotspot\share\interpreter\linkResolver.cpp, line 759]
Event: 6.063 Thread 0x000002052f401ec0 Exception <a 'java/lang/NoSuchMethodError'{0x00000000eabef868}: 'java.lang.Object java.lang.invoke.DirectMethodHandle$Holder.invokeStaticInit(java.lang.Object, int, int, int, int)'> (0x00000000eabef868) 
thrown [s\src\hotspot\share\interpreter\linkResolver.cpp, line 759]
Event: 6.343 Thread 0x000002052f401ec0 Exception <a 'java/lang/NoSuchMethodError'{0x00000000eacfa630}: 'java.lang.Object java.lang.invoke.DirectMethodHandle$Holder.invokeStaticInit(java.lang.Object, java.lang.Object, int, int, int, int)'> (0x00000000eacfa630) 
thrown [s\src\hotspot\share\interpreter\linkResolver.cpp, line 759]

VM Operations (20 events):
Event: 2.903 Executing VM operation: HandshakeAllThreads
Event: 2.903 Executing VM operation: HandshakeAllThreads done
Event: 3.597 Executing VM operation: HandshakeAllThreads
Event: 3.597 Executing VM operation: HandshakeAllThreads done
Event: 3.597 Executing VM operation: Cleanup
Event: 3.600 Executing VM operation: Cleanup done
Event: 3.633 Executing VM operation: ParallelGCFailedAllocation
Event: 3.643 Executing VM operation: ParallelGCFailedAllocation done
Event: 4.653 Executing VM operation: Cleanup
Event: 4.654 Executing VM operation: Cleanup done
Event: 4.778 Executing VM operation: HandshakeAllThreads
Event: 4.778 Executing VM operation: HandshakeAllThreads done
Event: 5.117 Executing VM operation: HandshakeAllThreads
Event: 5.117 Executing VM operation: HandshakeAllThreads done
Event: 5.405 Executing VM operation: ParallelGCFailedAllocation
Event: 5.413 Executing VM operation: ParallelGCFailedAllocation done
Event: 5.966 Executing VM operation: CollectForMetadataAllocation
Event: 6.020 Executing VM operation: CollectForMetadataAllocation done
Event: 6.132 Executing VM operation: HandshakeAllThreads
Event: 6.142 Executing VM operation: HandshakeAllThreads done

Memory protections (0 events):
No events

Nmethod flushes (0 events):
No events

Events (20 events):
Event: 0.484 Thread 0x000002051581cc30 Thread added: 0x00000205158bb560
Event: 0.487 Thread 0x000002051581cc30 Thread added: 0x00000205158be410
Event: 0.567 Thread 0x000002051581cc30 Thread added: 0x000002052effa1a0
Event: 0.567 Thread 0x000002051581cc30 Thread added: 0x000002052effd240
Event: 0.567 Thread 0x000002051581cc30 Thread added: 0x000002052effe940
Event: 0.567 Thread 0x000002051581cc30 Thread added: 0x000002052efff350
Event: 0.567 Thread 0x000002051581cc30 Thread added: 0x0000020529e339d0
Event: 0.568 Thread 0x000002051581cc30 Thread added: 0x0000020529e3e8c0
Event: 0.568 Thread 0x000002051581cc30 Thread added: 0x0000020529e3f1d0
Event: 0.705 Thread 0x000002051581cc30 Thread added: 0x000002052f109000
Event: 1.339 Thread 0x000002051581cc30 Thread added: 0x000002052f387d90
Event: 2.843 Thread 0x000002051581cc30 Thread added: 0x000002052f403810
Event: 3.289 Thread 0x000002051581cc30 Thread added: 0x000002052f404740
Event: 3.304 Thread 0x000002051581cc30 Thread added: 0x000002052f401ec0
Event: 3.459 Thread 0x000002052f401ec0 Thread added: 0x000002052f4023d0
Event: 3.943 Thread 0x000002052f401ec0 Thread added: 0x000002052f4028e0
Event: 4.876 Thread 0x000002052f401ec0 Thread added: 0x000002052f404c50
Event: 6.110 Thread 0x000002052f401ec0 Thread added: 0x000002052f405160
Event: 6.147 Thread 0x000002052f405160 Thread added: 0x000002052f4019b0
Event: 6.399 Thread 0x000002052f405160 Thread added: 0x000002052f402df0


Dynamic libraries:
0x00007ff62b0c0000 - 0x00007ff62b0ce000 	c:\Users\HP\.vscode\extensions\redhat.java-1.38.0-win32-x64\jre\17.0.13-win32-x86_64\bin\java.exe
0x00007ffb5c670000 - 0x00007ffb5c868000 	C:\WINDOWS\SYSTEM32\ntdll.dll
0x00007ffb5a840000 - 0x00007ffb5a902000 	C:\WINDOWS\System32\KERNEL32.DLL
0x00007ffb59d10000 - 0x00007ffb5a00e000 	C:\WINDOWS\System32\KERNELBASE.dll
0x00007ffb5a480000 - 0x00007ffb5a580000 	C:\WINDOWS\System32\ucrtbase.dll
0x00007ffb34640000 - 0x00007ffb34657000 	c:\Users\HP\.vscode\extensions\redhat.java-1.38.0-win32-x64\jre\17.0.13-win32-x86_64\bin\jli.dll
0x00007ffb28180000 - 0x00007ffb2819e000 	c:\Users\HP\.vscode\extensions\redhat.java-1.38.0-win32-x64\jre\17.0.13-win32-x86_64\bin\VCRUNTIME140.dll
0x00007ffb5b4f0000 - 0x00007ffb5b68d000 	C:\WINDOWS\System32\USER32.dll
0x00007ffb5a450000 - 0x00007ffb5a472000 	C:\WINDOWS\System32\win32u.dll
0x00007ffb5c1c0000 - 0x00007ffb5c1eb000 	C:\WINDOWS\System32\GDI32.dll
0x00007ffb5a300000 - 0x00007ffb5a417000 	C:\WINDOWS\System32\gdi32full.dll
0x00007ffb5a580000 - 0x00007ffb5a61d000 	C:\WINDOWS\System32\msvcp_win.dll
0x00007ffb44000000 - 0x00007ffb4429a000 	C:\WINDOWS\WinSxS\amd64_microsoft.windows.common-controls_6595b64144ccf1df_6.0.19041.4355_none_60b8b9eb71f62e16\COMCTL32.dll
0x00007ffb5c300000 - 0x00007ffb5c39e000 	C:\WINDOWS\System32\msvcrt.dll
0x00007ffb5c190000 - 0x00007ffb5c1bf000 	C:\WINDOWS\System32\IMM32.DLL
0x0000000057e30000 - 0x0000000057e3c000 	C:\Program Files (x86)\360\Total Security\safemon\SafeWrapper.dll
0x00007ffb5b7d0000 - 0x00007ffb5b881000 	C:\WINDOWS\System32\ADVAPI32.dll
0x00007ffb5b890000 - 0x00007ffb5b92f000 	C:\WINDOWS\System32\sechost.dll
0x00007ffb5c470000 - 0x00007ffb5c593000 	C:\WINDOWS\System32\RPCRT4.dll
0x00007ffb5a420000 - 0x00007ffb5a447000 	C:\WINDOWS\System32\bcrypt.dll
0x00007ffb1b930000 - 0x00007ffb1b9dc000 	C:\Program Files (x86)\360\Total Security\safemon\libzdtp64.dll
0x00007ffb5b940000 - 0x00007ffb5c0ad000 	C:\WINDOWS\System32\SHELL32.dll
0x00007ffb5c5c0000 - 0x00007ffb5c615000 	C:\WINDOWS\System32\SHLWAPI.dll
0x00007ffb597a0000 - 0x00007ffb597aa000 	C:\WINDOWS\SYSTEM32\VERSION.dll
0x00007ffb37c50000 - 0x00007ffb37c5c000 	c:\Users\HP\.vscode\extensions\redhat.java-1.38.0-win32-x64\jre\17.0.13-win32-x86_64\bin\vcruntime140_1.dll
0x00007ffb27e60000 - 0x00007ffb27eed000 	c:\Users\HP\.vscode\extensions\redhat.java-1.38.0-win32-x64\jre\17.0.13-win32-x86_64\bin\msvcp140.dll
0x00007ffaad130000 - 0x00007ffaadd9b000 	c:\Users\HP\.vscode\extensions\redhat.java-1.38.0-win32-x64\jre\17.0.13-win32-x86_64\bin\server\jvm.dll
0x00007ffb5ab30000 - 0x00007ffb5ab9b000 	C:\WINDOWS\System32\WS2_32.dll
0x00007ffb59b70000 - 0x00007ffb59bbb000 	C:\WINDOWS\SYSTEM32\POWRPROF.dll
0x00007ffb3f6a0000 - 0x00007ffb3f6c7000 	C:\WINDOWS\SYSTEM32\WINMM.dll
0x00007ffb59b50000 - 0x00007ffb59b62000 	C:\WINDOWS\SYSTEM32\UMPDC.dll
0x00007ffb58510000 - 0x00007ffb58522000 	C:\WINDOWS\SYSTEM32\kernel.appcore.dll
0x00007ffb32430000 - 0x00007ffb3243a000 	c:\Users\HP\.vscode\extensions\redhat.java-1.38.0-win32-x64\jre\17.0.13-win32-x86_64\bin\jimage.dll
0x00007ffb582a0000 - 0x00007ffb58484000 	C:\WINDOWS\SYSTEM32\DBGHELP.DLL
0x00007ffb381d0000 - 0x00007ffb38204000 	C:\WINDOWS\SYSTEM32\dbgcore.DLL
0x00007ffb5a010000 - 0x00007ffb5a092000 	C:\WINDOWS\System32\bcryptPrimitives.dll
0x00007ffb2f110000 - 0x00007ffb2f11e000 	c:\Users\HP\.vscode\extensions\redhat.java-1.38.0-win32-x64\jre\17.0.13-win32-x86_64\bin\instrument.dll
0x00007ffb27e30000 - 0x00007ffb27e55000 	c:\Users\HP\.vscode\extensions\redhat.java-1.38.0-win32-x64\jre\17.0.13-win32-x86_64\bin\java.dll
0x00007ffb280b0000 - 0x00007ffb280c8000 	c:\Users\HP\.vscode\extensions\redhat.java-1.38.0-win32-x64\jre\17.0.13-win32-x86_64\bin\zip.dll
0x00007ffb57a30000 - 0x00007ffb581d4000 	C:\WINDOWS\SYSTEM32\windows.storage.dll
0x00007ffb5aba0000 - 0x00007ffb5aef3000 	C:\WINDOWS\System32\combase.dll
0x00007ffb59600000 - 0x00007ffb5962e000 	C:\WINDOWS\SYSTEM32\Wldp.dll
0x00007ffb5c3a0000 - 0x00007ffb5c46d000 	C:\WINDOWS\System32\OLEAUT32.dll
0x00007ffb5a910000 - 0x00007ffb5a9bd000 	C:\WINDOWS\System32\SHCORE.dll
0x00007ffb59c40000 - 0x00007ffb59c64000 	C:\WINDOWS\SYSTEM32\profapi.dll
0x00007ffb27e10000 - 0x00007ffb27e29000 	C:\Users\HP\.vscode\extensions\redhat.java-1.38.0-win32-x64\jre\17.0.13-win32-x86_64\bin\net.dll
0x00007ffb4d450000 - 0x00007ffb4d55d000 	C:\WINDOWS\SYSTEM32\WINHTTP.dll
0x00007ffb59360000 - 0x00007ffb593ca000 	C:\WINDOWS\system32\mswsock.dll
0x00007ffb27df0000 - 0x00007ffb27e06000 	C:\Users\HP\.vscode\extensions\redhat.java-1.38.0-win32-x64\jre\17.0.13-win32-x86_64\bin\nio.dll
0x00007ffb2eb80000 - 0x00007ffb2eb90000 	c:\Users\HP\.vscode\extensions\redhat.java-1.38.0-win32-x64\jre\17.0.13-win32-x86_64\bin\verify.dll
0x00007ffae2dd0000 - 0x00007ffae2e15000 	C:\Users\HP\AppData\Roaming\Code\User\globalStorage\redhat.java\1.38.0\config_ss_win\org.eclipse.equinox.launcher\org.eclipse.equinox.launcher.win32.win32.x86_64_1.2.1100.v20240722-2106\eclipse_11904.dll
0x00007ffb5b6a0000 - 0x00007ffb5b7cb000 	C:\WINDOWS\System32\ole32.dll
0x00007ffb59550000 - 0x00007ffb59568000 	C:\WINDOWS\SYSTEM32\CRYPTSP.dll
0x00007ffb58c80000 - 0x00007ffb58cb4000 	C:\WINDOWS\system32\rsaenh.dll
0x00007ffb59c00000 - 0x00007ffb59c2e000 	C:\WINDOWS\SYSTEM32\USERENV.dll
0x00007ffb59040000 - 0x00007ffb5907b000 	C:\WINDOWS\SYSTEM32\IPHLPAPI.DLL
0x00007ffb5c620000 - 0x00007ffb5c628000 	C:\WINDOWS\System32\NSI.dll
0x00007ffb4db20000 - 0x00007ffb4db37000 	C:\WINDOWS\SYSTEM32\dhcpcsvc6.DLL
0x00007ffb4e6c0000 - 0x00007ffb4e6dd000 	C:\WINDOWS\SYSTEM32\dhcpcsvc.DLL
0x00007ffb59080000 - 0x00007ffb5914a000 	C:\WINDOWS\SYSTEM32\DNSAPI.dll

dbghelp: loaded successfully - version: 4.0.5 - missing functions: none
symbol engine: initialized successfully - sym options: 0x614 - pdb path: .;c:\Users\HP\.vscode\extensions\redhat.java-1.38.0-win32-x64\jre\17.0.13-win32-x86_64\bin;C:\WINDOWS\SYSTEM32;C:\WINDOWS\WinSxS\amd64_microsoft.windows.common-controls_6595b64144ccf1df_6.0.19041.4355_none_60b8b9eb71f62e16;C:\Program Files (x86)\360\Total Security\safemon;c:\Users\HP\.vscode\extensions\redhat.java-1.38.0-win32-x64\jre\17.0.13-win32-x86_64\bin\server;C:\Users\HP\AppData\Roaming\Code\User\globalStorage\redhat.java\1.38.0\config_ss_win\org.eclipse.equinox.launcher\org.eclipse.equinox.launcher.win32.win32.x86_64_1.2.1100.v20240722-2106

VM Arguments:
jvm_args: --add-modules=ALL-SYSTEM --add-opens=java.base/java.util=ALL-UNNAMED --add-opens=java.base/java.lang=ALL-UNNAMED --add-opens=java.base/sun.nio.fs=ALL-UNNAMED -Declipse.application=org.eclipse.jdt.ls.core.id1 -Dosgi.bundles.defaultStartLevel=4 -Declipse.product=org.eclipse.jdt.ls.core.product -Djava.import.generatesMetadataFilesAtProjectRoot=false -DDetectVMInstallationsJob.disabled=true -Dfile.encoding=utf8 -XX:+UseParallelGC -XX:GCTimeRatio=4 -XX:AdaptiveSizePolicyWeight=90 -Dsun.zip.disableMemoryMapping=true -Xmx1G -Xms100m -Xlog:disable -javaagent:c:\Users\HP\.vscode\extensions\redhat.java-1.38.0-win32-x64\lombok\lombok-1.18.34.jar 
java_command: c:\Users\HP\.vscode\extensions\redhat.java-1.38.0-win32-x64\server\plugins\org.eclipse.equinox.launcher_1.6.900.v20240613-2009.jar -configuration c:\Users\HP\AppData\Roaming\Code\User\globalStorage\redhat.java\1.38.0\config_ss_win -data c:\Users\HP\AppData\Roaming\Code\User\workspaceStorage\95766eaade6a7466387557eabee0eaaf\redhat.java\ss_ws --pipe=\\.\pipe\lsp-a331fbceb37ee5ee9c8e2c6ca861b56e-sock
java_class_path (initial): c:\Users\HP\.vscode\extensions\redhat.java-1.38.0-win32-x64\server\plugins\org.eclipse.equinox.launcher_1.6.900.v20240613-2009.jar
Launcher Type: SUN_STANDARD

[Global flags]
    uintx AdaptiveSizePolicyWeight                 = 90                                        {product} {command line}
     intx CICompilerCount                          = 3                                         {product} {ergonomic}
    uintx GCTimeRatio                              = 4                                         {product} {command line}
   size_t InitialHeapSize                          = 104857600                                 {product} {command line}
   size_t MaxHeapSize                              = 1073741824                                {product} {command line}
   size_t MaxNewSize                               = 357564416                                 {product} {ergonomic}
   size_t MinHeapDeltaBytes                        = 524288                                    {product} {ergonomic}
   size_t MinHeapSize                              = 104857600                                 {product} {command line}
   size_t NewSize                                  = 34603008                                  {product} {ergonomic}
    uintx NonNMethodCodeHeapSize                   = 5832780                                {pd product} {ergonomic}
    uintx NonProfiledCodeHeapSize                  = 122912730                              {pd product} {ergonomic}
   size_t OldSize                                  = 70254592                                  {product} {ergonomic}
    uintx ProfiledCodeHeapSize                     = 122912730                              {pd product} {ergonomic}
    uintx ReservedCodeCacheSize                    = 251658240                              {pd product} {ergonomic}
     bool SegmentedCodeCache                       = true                                      {product} {ergonomic}
   size_t SoftMaxHeapSize                          = 1073741824                             {manageable} {ergonomic}
     bool UseCompressedClassPointers               = true                           {product lp64_product} {ergonomic}
     bool UseCompressedOops                        = true                           {product lp64_product} {ergonomic}
     bool UseLargePagesIndividualAllocation        = false                                  {pd product} {ergonomic}
     bool UseParallelGC                            = true                                      {product} {command line}

Logging:
Log output configuration:
 #0: stdout all=off uptime,level,tags
 #1: stderr all=off uptime,level,tags

Environment Variables:
PATH=C:\Program Files\Common Files\Oracle\Java\javapath;C:\WINDOWS\system32;C:\WINDOWS;C:\WINDOWS\System32\Wbem;C:\WINDOWS\System32\WindowsPowerShell\v1.0\;C:\WINDOWS\System32\OpenSSH\;C:\Program Files\Git\cmd;C:\Users\HP\AppData\Local\Microsoft\WindowsApps;C:\Users\HP\AppData\Local\Programs\Microsoft VS Code\bin
USERNAME=HP
OS=Windows_NT
PROCESSOR_IDENTIFIER=Intel64 Family 6 Model 78 Stepping 3, GenuineIntel
TMP=C:\Users\HP\AppData\Local\Temp
TEMP=C:\Users\HP\AppData\Local\Temp



Periodic native trim disabled


---------------  S Y S T E M  ---------------

OS:
 Windows 10 , 64 bit Build 19041 (10.0.19041.5198)
OS uptime: 2 days 10:32 hours

CPU: total 4 (initial active 4) (2 cores per cpu, 2 threads per core) family 6 model 78 stepping 3 microcode 0xf0, cx8, cmov, fxsr, ht, mmx, 3dnowpref, sse, sse2, sse3, ssse3, sse4.1, sse4.2, popcnt, lzcnt, tsc, tscinvbit, avx, avx2, aes, erms, clmul, bmi1, bmi2, rtm, adx, fma, vzeroupper, clflush, clflushopt
Processor Information for all 4 processors :
  Max Mhz: 2496, Current Mhz: 2396, Mhz Limit: 2396

Memory: 4k page, system-wide physical 8071M (194M free)
TotalPageFile size 21024M (AvailPageFile size 10M)
current process WorkingSet (physical memory assigned to process): 105M, peak: 109M
current process commit charge ("private bytes"): 199M, peak: 203M

vm_info: OpenJDK 64-Bit Server VM (17.0.13+11) for windows-amd64 JRE (17.0.13+11), built on Oct 16 2024 00:10:08 by "admin" with MS VC++ 17.7 (VS2022)

END.
