#
# There is insufficient memory for the Java Runtime Environment to continue.
# Native memory allocation (malloc) failed to allocate 32744 bytes. Error detail: ChunkPool::allocate
# Possible reasons:
#   The system is out of physical RAM or swap space
#   This process is running with CompressedOops enabled, and the Java Heap may be blocking the growth of the native heap
# Possible solutions:
#   Reduce memory load on the system
#   Increase physical memory or swap space
#   Check if swap backing store is full
#   Decrease Java heap size (-Xmx/-Xms)
#   Decrease number of Java threads
#   Decrease Java thread stack sizes (-Xss)
#   Set larger code cache with -XX:ReservedCodeCacheSize=
#   JVM is running with Unscaled Compressed Oops mode in which the Java heap is
#     placed in the first 4GB address space. The Java Heap base address is the
#     maximum limit for the native heap growth. Please use -XX:HeapBaseMinAddress
#     to set the Java Heap base and to place the Java Heap above 4GB virtual address.
# This output file may be truncated or incomplete.
#
#  Out of Memory Error (arena.cpp:79), pid=22856, tid=18512
#
# JRE version: OpenJDK Runtime Environment Temurin-17.0.13+11 (17.0.13+11) (build 17.0.13+11)
# Java VM: OpenJDK 64-Bit Server VM Temurin-17.0.13+11 (17.0.13+11, mixed mode, tiered, compressed oops, compressed class ptrs, parallel gc, windows-amd64)
# No core dump will be written. Minidumps are not enabled by default on client versions of Windows
#

---------------  S U M M A R Y ------------

Command Line: --add-modules=ALL-SYSTEM --add-opens=java.base/java.util=ALL-UNNAMED --add-opens=java.base/java.lang=ALL-UNNAMED --add-opens=java.base/sun.nio.fs=ALL-UNNAMED -Declipse.application=org.eclipse.jdt.ls.core.id1 -Dosgi.bundles.defaultStartLevel=4 -Declipse.product=org.eclipse.jdt.ls.core.product -Djava.import.generatesMetadataFilesAtProjectRoot=false -DDetectVMInstallationsJob.disabled=true -Dfile.encoding=utf8 -XX:+UseParallelGC -XX:GCTimeRatio=4 -XX:AdaptiveSizePolicyWeight=90 -Dsun.zip.disableMemoryMapping=true -Xmx1G -Xms100m -Xlog:disable -javaagent:c:\Users\HP\.vscode\extensions\redhat.java-1.38.0-win32-x64\lombok\lombok-1.18.34.jar c:\Users\HP\.vscode\extensions\redhat.java-1.38.0-win32-x64\server\plugins\org.eclipse.equinox.launcher_1.6.900.v20240613-2009.jar -configuration c:\Users\HP\AppData\Roaming\Code\User\globalStorage\redhat.java\1.38.0\config_ss_win -data c:\Users\HP\AppData\Roaming\Code\User\workspaceStorage\95766eaade6a7466387557eabee0eaaf\redhat.java\ss_ws --pipe=\\.\pipe\lsp-6d62e9bf6ef893f639042cfe853466db-sock

Host: Intel(R) Core(TM) i5-6300U CPU @ 2.40GHz, 4 cores, 7G,  Windows 10 , 64 bit Build 19041 (10.0.19041.5198)
Time: Fri Dec 27 01:03:20 2024 W. Central Africa Standard Time elapsed time: 219.977613 seconds (0d 0h 3m 39s)

---------------  T H R E A D  ---------------

Current thread (0x000002477acb7090):  JavaThread "C1 CompilerThread0" daemon [_thread_in_native, id=18512, stack(0x0000006a76900000,0x0000006a76a00000)]


Current CompileTask:
C1: 219977 6307   !   3       java.lang.invoke.AbstractValidatingLambdaMetafactory::<init> (559 bytes)

Stack: [0x0000006a76900000,0x0000006a76a00000]
Native frames: (J=compiled Java code, j=interpreted, Vv=VM code, C=native code)
V  [jvm.dll+0x682a19]
V  [jvm.dll+0x839538]
V  [jvm.dll+0x83afe3]
V  [jvm.dll+0x83b653]
V  [jvm.dll+0x24704f]
V  [jvm.dll+0xad03c]
V  [jvm.dll+0xad4cc]
V  [jvm.dll+0x11c7d5]
V  [jvm.dll+0x180136]
V  [jvm.dll+0x18199d]
V  [jvm.dll+0x1811fa]
V  [jvm.dll+0x14a40b]
V  [jvm.dll+0x134bb8]
V  [jvm.dll+0x134d40]
V  [jvm.dll+0x135018]
V  [jvm.dll+0x1344a1]
V  [jvm.dll+0x13618d]
V  [jvm.dll+0x22788c]
V  [jvm.dll+0x2259eb]
V  [jvm.dll+0x7eec98]
V  [jvm.dll+0x7e8ffc]
V  [jvm.dll+0x6818f7]
C  [ucrtbase.dll+0x21bb2]
C  [KERNEL32.DLL+0x17374]
C  [ntdll.dll+0x4cc91]


---------------  P R O C E S S  ---------------

Threads class SMR info:
_java_thread_list=0x000002471ab64790, length=32, elements={
0x0000024775e4c4b0, 0x000002477ac8d740, 0x000002477ac8f5e0, 0x000002470f008190,
0x000002470f008e20, 0x000002470f0099b0, 0x000002470f00d2a0, 0x000002470f00df50,
0x000002477acb7090, 0x000002477acb8510, 0x0000024775eb0310, 0x000002470f356f60,
0x000002470f8b49c0, 0x000002470f998100, 0x000002470f998890, 0x000002470fca1fe0,
0x000002470fb00ed0, 0x000002470fb018f0, 0x000002470fb03c60, 0x000002470fb01e00,
0x000002470fb02d30, 0x000002470fb03240, 0x000002470fb02820, 0x000002470fb03750,
0x000002470fb02310, 0x000002470fb004b0, 0x000002470ff55420, 0x000002470ff54f10,
0x000002470ff5aa30, 0x000002470ff57280, 0x000002470ff5af40, 0x000002470ff55e40
}

Java Threads: ( => current thread )
  0x0000024775e4c4b0 JavaThread "main" [_thread_blocked, id=15036, stack(0x0000006a75f00000,0x0000006a76000000)]
  0x000002477ac8d740 JavaThread "Reference Handler" daemon [_thread_blocked, id=12992, stack(0x0000006a76200000,0x0000006a76300000)]
  0x000002477ac8f5e0 JavaThread "Finalizer" daemon [_thread_blocked, id=14024, stack(0x0000006a76300000,0x0000006a76400000)]
  0x000002470f008190 JavaThread "Signal Dispatcher" daemon [_thread_blocked, id=23376, stack(0x0000006a76400000,0x0000006a76500000)]
  0x000002470f008e20 JavaThread "Attach Listener" daemon [_thread_blocked, id=25024, stack(0x0000006a76500000,0x0000006a76600000)]
  0x000002470f0099b0 JavaThread "Service Thread" daemon [_thread_blocked, id=18888, stack(0x0000006a76600000,0x0000006a76700000)]
  0x000002470f00d2a0 JavaThread "Monitor Deflation Thread" daemon [_thread_blocked, id=23988, stack(0x0000006a76700000,0x0000006a76800000)]
  0x000002470f00df50 JavaThread "C2 CompilerThread0" daemon [_thread_blocked, id=24764, stack(0x0000006a76800000,0x0000006a76900000)]
=>0x000002477acb7090 JavaThread "C1 CompilerThread0" daemon [_thread_in_native, id=18512, stack(0x0000006a76900000,0x0000006a76a00000)]
  0x000002477acb8510 JavaThread "Sweeper thread" daemon [_thread_blocked, id=24592, stack(0x0000006a76a00000,0x0000006a76b00000)]
  0x0000024775eb0310 JavaThread "Common-Cleaner" daemon [_thread_blocked, id=21744, stack(0x0000006a76b00000,0x0000006a76c00000)]
  0x000002470f356f60 JavaThread "Notification Thread" daemon [_thread_blocked, id=19580, stack(0x0000006a76c00000,0x0000006a76d00000)]
  0x000002470f8b49c0 JavaThread "Active Thread: Equinox Container: 1cf0438e-1194-4b8f-9198-25756ba70455" [_thread_blocked, id=23008, stack(0x0000006a77100000,0x0000006a77200000)]
  0x000002470f998100 JavaThread "Framework Event Dispatcher: Equinox Container: 1cf0438e-1194-4b8f-9198-25756ba70455" daemon [_thread_blocked, id=25508, stack(0x0000006a77200000,0x0000006a77300000)]
  0x000002470f998890 JavaThread "Start Level: Equinox Container: 1cf0438e-1194-4b8f-9198-25756ba70455" daemon [_thread_blocked, id=12136, stack(0x0000006a77300000,0x0000006a77400000)]
  0x000002470fca1fe0 JavaThread "SCR Component Actor" daemon [_thread_blocked, id=24688, stack(0x0000006a77400000,0x0000006a77500000)]
  0x000002470fb00ed0 JavaThread "Worker-JM" [_thread_blocked, id=24924, stack(0x0000006a77600000,0x0000006a77700000)]
  0x000002470fb018f0 JavaThread "JNA Cleaner" daemon [_thread_blocked, id=7152, stack(0x0000006a77700000,0x0000006a77800000)]
  0x000002470fb03c60 JavaThread "Worker-1" [_thread_blocked, id=19844, stack(0x0000006a77900000,0x0000006a77a00000)]
  0x000002470fb01e00 JavaThread "Thread-2" daemon [_thread_in_native, id=19124, stack(0x0000006a77c00000,0x0000006a77d00000)]
  0x000002470fb02d30 JavaThread "Thread-3" daemon [_thread_in_native, id=16196, stack(0x0000006a77d00000,0x0000006a77e00000)]
  0x000002470fb03240 JavaThread "Thread-4" daemon [_thread_in_native, id=18348, stack(0x0000006a77e00000,0x0000006a77f00000)]
  0x000002470fb02820 JavaThread "Thread-5" daemon [_thread_in_native, id=24568, stack(0x0000006a77f00000,0x0000006a78000000)]
  0x000002470fb03750 JavaThread "Thread-6" daemon [_thread_in_native, id=18404, stack(0x0000006a78000000,0x0000006a78100000)]
  0x000002470fb02310 JavaThread "pool-2-thread-1" [_thread_blocked, id=18456, stack(0x0000006a78100000,0x0000006a78200000)]
  0x000002470fb004b0 JavaThread "Worker-2: Shutdown..." [_thread_blocked, id=11396, stack(0x0000006a78200000,0x0000006a78300000)]
  0x000002470ff55420 JavaThread "WorkspaceEventsHandler" [_thread_blocked, id=18336, stack(0x0000006a78300000,0x0000006a78400000)]
  0x000002470ff54f10 JavaThread "pool-1-thread-1" [_thread_blocked, id=13860, stack(0x0000006a78400000,0x0000006a78500000)]
  0x000002470ff5aa30 JavaThread "ForkJoinPool.commonPool-worker-3" daemon [_thread_blocked, id=21988, stack(0x0000006a78600000,0x0000006a78700000)]
  0x000002470ff57280 JavaThread "Worker-3" [_thread_blocked, id=9380, stack(0x0000006a75c00000,0x0000006a75d00000)]
  0x000002470ff5af40 JavaThread "pool-3-thread-1" [_thread_blocked, id=15004, stack(0x0000006a75d00000,0x0000006a75e00000)]
  0x000002470ff55e40 JavaThread "ForkJoinPool-3-worker-1" daemon [_thread_in_native, id=19172, stack(0x0000006a75e00000,0x0000006a75f00000)]

Other Threads:
  0x0000024775eeecf0 VMThread "VM Thread" [stack: 0x0000006a76100000,0x0000006a76200000] [id=13504]
  0x000002470f36f260 WatcherThread [stack: 0x0000006a76d00000,0x0000006a76e00000] [id=24620]
  0x0000024775e630a0 GCTaskThread "GC Thread#0" [stack: 0x0000006a76000000,0x0000006a76100000] [id=19404]
  0x000002470f9a3410 GCTaskThread "GC Thread#1" [stack: 0x0000006a76e00000,0x0000006a76f00000] [id=6052]
  0x000002470f82f290 GCTaskThread "GC Thread#2" [stack: 0x0000006a76f00000,0x0000006a77000000] [id=12216]
  0x000002470f8873e0 GCTaskThread "GC Thread#3" [stack: 0x0000006a77000000,0x0000006a77100000] [id=14552]

Threads with active compile tasks:
C1 CompilerThread0   220250 6307   !   3       java.lang.invoke.AbstractValidatingLambdaMetafactory::<init> (559 bytes)

VM state: not at safepoint (normal execution)

VM Mutex/Monitor currently owned by a thread: None

OutOfMemory and StackOverflow Exception counts:
OutOfMemoryError java_heap_errors=1
LinkageErrors=89

Heap address: 0x00000000c0000000, size: 1024 MB, Compressed Oops mode: 32-bit

CDS archive(s) not mapped
Compressed class space mapped at: 0x0000000100000000-0x0000000140000000, reserved size: 1073741824
Narrow klass base: 0x0000000000000000, Narrow klass shift: 3, Narrow klass range: 0x140000000

GC Precious Log:
 CPUs: 4 total, 4 available
 Memory: 8071M
 Large Page Support: Disabled
 NUMA Support: Disabled
 Compressed Oops: Enabled (32-bit)
 Alignments: Space 512K, Generation 512K, Heap 2M
 Heap Min Capacity: 100M
 Heap Initial Capacity: 100M
 Heap Max Capacity: 1G
 Pre-touch: Disabled
 Parallel Workers: 4

Heap:
 PSYoungGen      total 21504K, used 3201K [0x00000000eab00000, 0x00000000ec100000, 0x0000000100000000)
  eden space 20992K, 15% used [0x00000000eab00000,0x00000000eae20510,0x00000000ebf80000)
  from space 512K, 0% used [0x00000000ec080000,0x00000000ec080000,0x00000000ec100000)
  to   space 512K, 0% used [0x00000000ec000000,0x00000000ec000000,0x00000000ec080000)
 ParOldGen       total 268288K, used 219388K [0x00000000c0000000, 0x00000000d0600000, 0x00000000eab00000)
  object space 268288K, 81% used [0x00000000c0000000,0x00000000cd63f278,0x00000000d0600000)
 Metaspace       used 50703K, committed 51456K, reserved 1114112K
  class space    used 5049K, committed 5376K, reserved 1048576K

Card table byte_map: [0x00000247757d0000,0x00000247759e0000] _byte_map_base: 0x00000247751d0000

Marking Bits: (ParMarkBitMap*) 0x00007ffaaad56940
 Begin Bits: [0x0000024778ad0000, 0x0000024779ad0000)
 End Bits:   [0x0000024779ad0000, 0x000002477aad0000)

Polling page: 0x0000024773df0000

Metaspace:

Usage:
  Non-class:     44.58 MB used.
      Class:      4.93 MB used.
       Both:     49.52 MB used.

Virtual space:
  Non-class space:       64.00 MB reserved,      45.00 MB ( 70%) committed,  1 nodes.
      Class space:        1.00 GB reserved,       5.25 MB ( <1%) committed,  1 nodes.
             Both:        1.06 GB reserved,      50.25 MB (  5%) committed. 

Chunk freelists:
   Non-Class:  2.86 MB
       Class:  10.81 MB
        Both:  13.67 MB

MaxMetaspaceSize: unlimited
CompressedClassSpaceSize: 1.00 GB
Initial GC threshold: 21.00 MB
Current GC threshold: 83.75 MB
CDS: off
MetaspaceReclaimPolicy: balanced
 - commit_granule_bytes: 65536.
 - commit_granule_words: 8192.
 - virtual_space_node_default_size: 8388608.
 - enlarge_chunks_in_place: 1.
 - new_chunks_are_fully_committed: 0.
 - uncommit_free_chunks: 1.
 - use_allocation_guard: 0.
 - handle_deallocations: 1.


Internal statistics:

num_allocs_failed_limit: 6.
num_arena_births: 564.
num_arena_deaths: 152.
num_vsnodes_births: 2.
num_vsnodes_deaths: 0.
num_space_committed: 804.
num_space_uncommitted: 0.
num_chunks_returned_to_freelist: 165.
num_chunks_taken_from_freelist: 2341.
num_chunk_merges: 57.
num_chunk_splits: 1505.
num_chunks_enlarged: 974.
num_inconsistent_stats: 0.

CodeHeap 'non-profiled nmethods': size=120000Kb used=3258Kb max_used=3258Kb free=116741Kb
 bounds [0x0000024707ad0000, 0x0000024707e00000, 0x000002470f000000]
CodeHeap 'profiled nmethods': size=120000Kb used=11110Kb max_used=11173Kb free=108889Kb
 bounds [0x0000024700000000, 0x0000024700af0000, 0x0000024707530000]
CodeHeap 'non-nmethods': size=5760Kb used=1348Kb max_used=1437Kb free=4411Kb
 bounds [0x0000024707530000, 0x00000247077a0000, 0x0000024707ad0000]
 total_blobs=6249 nmethods=5552 adapters=611
 compilation: enabled
              stopped_count=0, restarted_count=0
 full_count=0

Compilation events (20 events):
Event: 219.158 Thread 0x000002477acb7090 nmethod 6295 0x00000247007b2710 code [0x00000247007b28a0, 0x00000247007b2a18]
Event: 219.158 Thread 0x000002477acb7090 6296       3       java.util.Date::<init> (10 bytes)
Event: 219.160 Thread 0x000002477acb7090 nmethod 6296 0x00000247007b2310 code [0x00000247007b24a0, 0x00000247007b2618]
Event: 219.234 Thread 0x000002477acb7090 6298       3       com.sun.org.apache.xerces.internal.util.ParserConfigurationSettings::addRecognizedProperties (15 bytes)
Event: 219.253 Thread 0x000002477acb7090 nmethod 6298 0x00000247007b1990 code [0x00000247007b1b80, 0x00000247007b20f8]
Event: 219.254 Thread 0x000002477acb7090 6299       1       java.util.logging.Logger::getName (5 bytes)
Event: 219.254 Thread 0x000002477acb7090 nmethod 6299 0x0000024707dfa690 code [0x0000024707dfa820, 0x0000024707dfa8f8]
Event: 219.335 Thread 0x000002477acb7090 6300       1       jdk.xml.internal.XMLSecurityManager$Limit::systemProperty (5 bytes)
Event: 219.336 Thread 0x000002477acb7090 nmethod 6300 0x0000024707dfa990 code [0x0000024707dfab20, 0x0000024707dfabf8]
Event: 219.808 Thread 0x000002477acb7090 6302       3       org.eclipse.core.internal.jobs.InternalJob::internalSetState (15 bytes)
Event: 219.809 Thread 0x000002477acb7090 nmethod 6302 0x00000247007b1610 code [0x00000247007b17a0, 0x00000247007b18b8]
Event: 219.895 Thread 0x000002477acb7090 6303       3       jdk.internal.org.objectweb.asm.MethodVisitor::visitMethodInsn (80 bytes)
Event: 219.896 Thread 0x000002477acb7090 nmethod 6303 0x00000247007b0e90 code [0x00000247007b1060, 0x00000247007b14e8]
Event: 219.896 Thread 0x000002477acb7090 6304       3       jdk.internal.org.objectweb.asm.MethodVisitor::visitMaxs (17 bytes)
Event: 219.896 Thread 0x000002477acb7090 nmethod 6304 0x00000247007b0a10 code [0x00000247007b0bc0, 0x00000247007b0dc8]
Event: 219.896 Thread 0x000002477acb7090 6305       3       jdk.internal.org.objectweb.asm.MethodVisitor::visitEnd (15 bytes)
Event: 219.896 Thread 0x000002477acb7090 nmethod 6305 0x00000247007b0590 code [0x00000247007b0740, 0x00000247007b0948]
Event: 219.919 Thread 0x000002477acb7090 6306       3       jdk.internal.org.objectweb.asm.ClassReader::readConst (276 bytes)
Event: 219.930 Thread 0x000002477acb7090 nmethod 6306 0x00000247007ada10 code [0x00000247007adea0, 0x00000247007afad8]
Event: 219.930 Thread 0x000002477acb7090 6307   !   3       java.lang.invoke.AbstractValidatingLambdaMetafactory::<init> (559 bytes)

GC Heap History (20 events):
Event: 209.203 GC heap before
{Heap before GC invocations=277 (full 2):
 PSYoungGen      total 20992K, used 20575K [0x00000000eab00000, 0x00000000ec100000, 0x0000000100000000)
  eden space 20480K, 99% used [0x00000000eab00000,0x00000000ebefffe0,0x00000000ebf00000)
  from space 512K, 18% used [0x00000000ec080000,0x00000000ec098000,0x00000000ec100000)
  to   space 512K, 0% used [0x00000000ec000000,0x00000000ec000000,0x00000000ec080000)
 ParOldGen       total 432128K, used 416282K [0x00000000c0000000, 0x00000000da600000, 0x00000000eab00000)
  object space 432128K, 96% used [0x00000000c0000000,0x00000000d96869f0,0x00000000da600000)
 Metaspace       used 50667K, committed 51456K, reserved 1114112K
  class space    used 5054K, committed 5376K, reserved 1048576K
}
Event: 209.204 GC heap after
{Heap after GC invocations=277 (full 2):
 PSYoungGen      total 20992K, used 128K [0x00000000eab00000, 0x00000000ec100000, 0x0000000100000000)
  eden space 20480K, 0% used [0x00000000eab00000,0x00000000eab00000,0x00000000ebf00000)
  from space 512K, 25% used [0x00000000ec000000,0x00000000ec020000,0x00000000ec080000)
  to   space 512K, 0% used [0x00000000ec080000,0x00000000ec080000,0x00000000ec100000)
 ParOldGen       total 432128K, used 416290K [0x00000000c0000000, 0x00000000da600000, 0x00000000eab00000)
  object space 432128K, 96% used [0x00000000c0000000,0x00000000d96889f0,0x00000000da600000)
 Metaspace       used 50667K, committed 51456K, reserved 1114112K
  class space    used 5054K, committed 5376K, reserved 1048576K
}
Event: 209.269 GC heap before
{Heap before GC invocations=278 (full 2):
 PSYoungGen      total 20992K, used 20608K [0x00000000eab00000, 0x00000000ec100000, 0x0000000100000000)
  eden space 20480K, 100% used [0x00000000eab00000,0x00000000ebf00000,0x00000000ebf00000)
  from space 512K, 25% used [0x00000000ec000000,0x00000000ec020000,0x00000000ec080000)
  to   space 512K, 0% used [0x00000000ec080000,0x00000000ec080000,0x00000000ec100000)
 ParOldGen       total 432128K, used 416290K [0x00000000c0000000, 0x00000000da600000, 0x00000000eab00000)
  object space 432128K, 96% used [0x00000000c0000000,0x00000000d96889f0,0x00000000da600000)
 Metaspace       used 50667K, committed 51456K, reserved 1114112K
  class space    used 5054K, committed 5376K, reserved 1048576K
}
Event: 209.270 GC heap after
{Heap after GC invocations=278 (full 2):
 PSYoungGen      total 20992K, used 128K [0x00000000eab00000, 0x00000000ec100000, 0x0000000100000000)
  eden space 20480K, 0% used [0x00000000eab00000,0x00000000eab00000,0x00000000ebf00000)
  from space 512K, 25% used [0x00000000ec080000,0x00000000ec0a0000,0x00000000ec100000)
  to   space 512K, 0% used [0x00000000ec000000,0x00000000ec000000,0x00000000ec080000)
 ParOldGen       total 432128K, used 416290K [0x00000000c0000000, 0x00000000da600000, 0x00000000eab00000)
  object space 432128K, 96% used [0x00000000c0000000,0x00000000d96889f0,0x00000000da600000)
 Metaspace       used 50667K, committed 51456K, reserved 1114112K
  class space    used 5054K, committed 5376K, reserved 1048576K
}
Event: 209.335 GC heap before
{Heap before GC invocations=279 (full 2):
 PSYoungGen      total 20992K, used 20608K [0x00000000eab00000, 0x00000000ec100000, 0x0000000100000000)
  eden space 20480K, 100% used [0x00000000eab00000,0x00000000ebf00000,0x00000000ebf00000)
  from space 512K, 25% used [0x00000000ec080000,0x00000000ec0a0000,0x00000000ec100000)
  to   space 512K, 0% used [0x00000000ec000000,0x00000000ec000000,0x00000000ec080000)
 ParOldGen       total 432128K, used 416290K [0x00000000c0000000, 0x00000000da600000, 0x00000000eab00000)
  object space 432128K, 96% used [0x00000000c0000000,0x00000000d96889f0,0x00000000da600000)
 Metaspace       used 50667K, committed 51456K, reserved 1114112K
  class space    used 5054K, committed 5376K, reserved 1048576K
}
Event: 209.336 GC heap after
{Heap after GC invocations=279 (full 2):
 PSYoungGen      total 20992K, used 128K [0x00000000eab00000, 0x00000000ec100000, 0x0000000100000000)
  eden space 20480K, 0% used [0x00000000eab00000,0x00000000eab00000,0x00000000ebf00000)
  from space 512K, 25% used [0x00000000ec000000,0x00000000ec020000,0x00000000ec080000)
  to   space 512K, 0% used [0x00000000ec080000,0x00000000ec080000,0x00000000ec100000)
 ParOldGen       total 432128K, used 416290K [0x00000000c0000000, 0x00000000da600000, 0x00000000eab00000)
  object space 432128K, 96% used [0x00000000c0000000,0x00000000d96889f0,0x00000000da600000)
 Metaspace       used 50667K, committed 51456K, reserved 1114112K
  class space    used 5054K, committed 5376K, reserved 1048576K
}
Event: 209.387 GC heap before
{Heap before GC invocations=280 (full 2):
 PSYoungGen      total 20992K, used 20608K [0x00000000eab00000, 0x00000000ec100000, 0x0000000100000000)
  eden space 20480K, 100% used [0x00000000eab00000,0x00000000ebf00000,0x00000000ebf00000)
  from space 512K, 25% used [0x00000000ec000000,0x00000000ec020000,0x00000000ec080000)
  to   space 512K, 0% used [0x00000000ec080000,0x00000000ec080000,0x00000000ec100000)
 ParOldGen       total 432128K, used 416290K [0x00000000c0000000, 0x00000000da600000, 0x00000000eab00000)
  object space 432128K, 96% used [0x00000000c0000000,0x00000000d96889f0,0x00000000da600000)
 Metaspace       used 50667K, committed 51456K, reserved 1114112K
  class space    used 5054K, committed 5376K, reserved 1048576K
}
Event: 209.388 GC heap after
{Heap after GC invocations=280 (full 2):
 PSYoungGen      total 20992K, used 128K [0x00000000eab00000, 0x00000000ec100000, 0x0000000100000000)
  eden space 20480K, 0% used [0x00000000eab00000,0x00000000eab00000,0x00000000ebf00000)
  from space 512K, 25% used [0x00000000ec080000,0x00000000ec0a0000,0x00000000ec100000)
  to   space 512K, 0% used [0x00000000ec000000,0x00000000ec000000,0x00000000ec080000)
 ParOldGen       total 432128K, used 416290K [0x00000000c0000000, 0x00000000da600000, 0x00000000eab00000)
  object space 432128K, 96% used [0x00000000c0000000,0x00000000d96889f0,0x00000000da600000)
 Metaspace       used 50667K, committed 51456K, reserved 1114112K
  class space    used 5054K, committed 5376K, reserved 1048576K
}
Event: 209.457 GC heap before
{Heap before GC invocations=281 (full 2):
 PSYoungGen      total 20992K, used 20608K [0x00000000eab00000, 0x00000000ec100000, 0x0000000100000000)
  eden space 20480K, 100% used [0x00000000eab00000,0x00000000ebf00000,0x00000000ebf00000)
  from space 512K, 25% used [0x00000000ec080000,0x00000000ec0a0000,0x00000000ec100000)
  to   space 512K, 0% used [0x00000000ec000000,0x00000000ec000000,0x00000000ec080000)
 ParOldGen       total 432128K, used 416290K [0x00000000c0000000, 0x00000000da600000, 0x00000000eab00000)
  object space 432128K, 96% used [0x00000000c0000000,0x00000000d96889f0,0x00000000da600000)
 Metaspace       used 50667K, committed 51456K, reserved 1114112K
  class space    used 5054K, committed 5376K, reserved 1048576K
}
Event: 209.458 GC heap after
{Heap after GC invocations=281 (full 2):
 PSYoungGen      total 20992K, used 64K [0x00000000eab00000, 0x00000000ec100000, 0x0000000100000000)
  eden space 20480K, 0% used [0x00000000eab00000,0x00000000eab00000,0x00000000ebf00000)
  from space 512K, 12% used [0x00000000ec000000,0x00000000ec010000,0x00000000ec080000)
  to   space 512K, 0% used [0x00000000ec080000,0x00000000ec080000,0x00000000ec100000)
 ParOldGen       total 432128K, used 416290K [0x00000000c0000000, 0x00000000da600000, 0x00000000eab00000)
  object space 432128K, 96% used [0x00000000c0000000,0x00000000d96889f0,0x00000000da600000)
 Metaspace       used 50667K, committed 51456K, reserved 1114112K
  class space    used 5054K, committed 5376K, reserved 1048576K
}
Event: 209.494 GC heap before
{Heap before GC invocations=282 (full 2):
 PSYoungGen      total 20992K, used 9917K [0x00000000eab00000, 0x00000000ec100000, 0x0000000100000000)
  eden space 20480K, 48% used [0x00000000eab00000,0x00000000eb49f550,0x00000000ebf00000)
  from space 512K, 12% used [0x00000000ec000000,0x00000000ec010000,0x00000000ec080000)
  to   space 512K, 0% used [0x00000000ec080000,0x00000000ec080000,0x00000000ec100000)
 ParOldGen       total 432128K, used 416290K [0x00000000c0000000, 0x00000000da600000, 0x00000000eab00000)
  object space 432128K, 96% used [0x00000000c0000000,0x00000000d96889f0,0x00000000da600000)
 Metaspace       used 50667K, committed 51456K, reserved 1114112K
  class space    used 5054K, committed 5376K, reserved 1048576K
}
Event: 209.495 GC heap after
{Heap after GC invocations=282 (full 2):
 PSYoungGen      total 20992K, used 96K [0x00000000eab00000, 0x00000000ec100000, 0x0000000100000000)
  eden space 20480K, 0% used [0x00000000eab00000,0x00000000eab00000,0x00000000ebf00000)
  from space 512K, 18% used [0x00000000ec080000,0x00000000ec098000,0x00000000ec100000)
  to   space 512K, 0% used [0x00000000ec000000,0x00000000ec000000,0x00000000ec080000)
 ParOldGen       total 432128K, used 416290K [0x00000000c0000000, 0x00000000da600000, 0x00000000eab00000)
  object space 432128K, 96% used [0x00000000c0000000,0x00000000d96889f0,0x00000000da600000)
 Metaspace       used 50667K, committed 51456K, reserved 1114112K
  class space    used 5054K, committed 5376K, reserved 1048576K
}
Event: 209.499 GC heap before
{Heap before GC invocations=283 (full 2):
 PSYoungGen      total 20992K, used 96K [0x00000000eab00000, 0x00000000ec100000, 0x0000000100000000)
  eden space 20480K, 0% used [0x00000000eab00000,0x00000000eab00000,0x00000000ebf00000)
  from space 512K, 18% used [0x00000000ec080000,0x00000000ec098000,0x00000000ec100000)
  to   space 512K, 0% used [0x00000000ec000000,0x00000000ec000000,0x00000000ec080000)
 ParOldGen       total 432128K, used 416290K [0x00000000c0000000, 0x00000000da600000, 0x00000000eab00000)
  object space 432128K, 96% used [0x00000000c0000000,0x00000000d96889f0,0x00000000da600000)
 Metaspace       used 50667K, committed 51456K, reserved 1114112K
  class space    used 5054K, committed 5376K, reserved 1048576K
}
Event: 209.499 GC heap after
{Heap after GC invocations=283 (full 2):
 PSYoungGen      total 20992K, used 0K [0x00000000eab00000, 0x00000000ec100000, 0x0000000100000000)
  eden space 20480K, 0% used [0x00000000eab00000,0x00000000eab00000,0x00000000ebf00000)
  from space 512K, 0% used [0x00000000ec000000,0x00000000ec000000,0x00000000ec080000)
  to   space 512K, 0% used [0x00000000ec080000,0x00000000ec080000,0x00000000ec100000)
 ParOldGen       total 432128K, used 416322K [0x00000000c0000000, 0x00000000da600000, 0x00000000eab00000)
  object space 432128K, 96% used [0x00000000c0000000,0x00000000d96909f0,0x00000000da600000)
 Metaspace       used 50667K, committed 51456K, reserved 1114112K
  class space    used 5054K, committed 5376K, reserved 1048576K
}
Event: 209.499 GC heap before
{Heap before GC invocations=284 (full 3):
 PSYoungGen      total 20992K, used 0K [0x00000000eab00000, 0x00000000ec100000, 0x0000000100000000)
  eden space 20480K, 0% used [0x00000000eab00000,0x00000000eab00000,0x00000000ebf00000)
  from space 512K, 0% used [0x00000000ec000000,0x00000000ec000000,0x00000000ec080000)
  to   space 512K, 0% used [0x00000000ec080000,0x00000000ec080000,0x00000000ec100000)
 ParOldGen       total 432128K, used 416322K [0x00000000c0000000, 0x00000000da600000, 0x00000000eab00000)
  object space 432128K, 96% used [0x00000000c0000000,0x00000000d96909f0,0x00000000da600000)
 Metaspace       used 50667K, committed 51456K, reserved 1114112K
  class space    used 5054K, committed 5376K, reserved 1048576K
}
Event: 210.603 GC heap after
{Heap after GC invocations=284 (full 3):
 PSYoungGen      total 20992K, used 0K [0x00000000eab00000, 0x00000000ec100000, 0x0000000100000000)
  eden space 20480K, 0% used [0x00000000eab00000,0x00000000eab00000,0x00000000ebf00000)
  from space 512K, 0% used [0x00000000ec080000,0x00000000ec080000,0x00000000ec100000)
  to   space 512K, 0% used [0x00000000ec000000,0x00000000ec000000,0x00000000ec080000)
 ParOldGen       total 246784K, used 221402K [0x00000000c0000000, 0x00000000cf100000, 0x00000000eab00000)
  object space 246784K, 89% used [0x00000000c0000000,0x00000000cd836938,0x00000000cf100000)
 Metaspace       used 50667K, committed 51456K, reserved 1114112K
  class space    used 5054K, committed 5376K, reserved 1048576K
}
Event: 210.603 GC heap before
{Heap before GC invocations=285 (full 3):
 PSYoungGen      total 20992K, used 0K [0x00000000eab00000, 0x00000000ec100000, 0x0000000100000000)
  eden space 20480K, 0% used [0x00000000eab00000,0x00000000eab00000,0x00000000ebf00000)
  from space 512K, 0% used [0x00000000ec080000,0x00000000ec080000,0x00000000ec100000)
  to   space 512K, 0% used [0x00000000ec000000,0x00000000ec000000,0x00000000ec080000)
 ParOldGen       total 246784K, used 221402K [0x00000000c0000000, 0x00000000cf100000, 0x00000000eab00000)
  object space 246784K, 89% used [0x00000000c0000000,0x00000000cd836938,0x00000000cf100000)
 Metaspace       used 50667K, committed 51456K, reserved 1114112K
  class space    used 5054K, committed 5376K, reserved 1048576K
}
Event: 210.603 GC heap after
{Heap after GC invocations=285 (full 3):
 PSYoungGen      total 20992K, used 0K [0x00000000eab00000, 0x00000000ec100000, 0x0000000100000000)
  eden space 20480K, 0% used [0x00000000eab00000,0x00000000eab00000,0x00000000ebf00000)
  from space 512K, 0% used [0x00000000ec000000,0x00000000ec000000,0x00000000ec080000)
  to   space 512K, 0% used [0x00000000ec080000,0x00000000ec080000,0x00000000ec100000)
 ParOldGen       total 246784K, used 221402K [0x00000000c0000000, 0x00000000cf100000, 0x00000000eab00000)
  object space 246784K, 89% used [0x00000000c0000000,0x00000000cd836938,0x00000000cf100000)
 Metaspace       used 50667K, committed 51456K, reserved 1114112K
  class space    used 5054K, committed 5376K, reserved 1048576K
}
Event: 210.603 GC heap before
{Heap before GC invocations=286 (full 4):
 PSYoungGen      total 20992K, used 0K [0x00000000eab00000, 0x00000000ec100000, 0x0000000100000000)
  eden space 20480K, 0% used [0x00000000eab00000,0x00000000eab00000,0x00000000ebf00000)
  from space 512K, 0% used [0x00000000ec000000,0x00000000ec000000,0x00000000ec080000)
  to   space 512K, 0% used [0x00000000ec080000,0x00000000ec080000,0x00000000ec100000)
 ParOldGen       total 246784K, used 221402K [0x00000000c0000000, 0x00000000cf100000, 0x00000000eab00000)
  object space 246784K, 89% used [0x00000000c0000000,0x00000000cd836938,0x00000000cf100000)
 Metaspace       used 50667K, committed 51456K, reserved 1114112K
  class space    used 5054K, committed 5376K, reserved 1048576K
}
Event: 211.000 GC heap after
{Heap after GC invocations=286 (full 4):
 PSYoungGen      total 21504K, used 0K [0x00000000eab00000, 0x00000000ec100000, 0x0000000100000000)
  eden space 20992K, 0% used [0x00000000eab00000,0x00000000eab00000,0x00000000ebf80000)
  from space 512K, 0% used [0x00000000ec080000,0x00000000ec080000,0x00000000ec100000)
  to   space 512K, 0% used [0x00000000ec000000,0x00000000ec000000,0x00000000ec080000)
 ParOldGen       total 268288K, used 219388K [0x00000000c0000000, 0x00000000d0600000, 0x00000000eab00000)
  object space 268288K, 81% used [0x00000000c0000000,0x00000000cd63f278,0x00000000d0600000)
 Metaspace       used 50527K, committed 51456K, reserved 1114112K
  class space    used 5019K, committed 5376K, reserved 1048576K
}

Dll operation events (10 events):
Event: 0.105 Loaded shared library c:\Users\HP\.vscode\extensions\redhat.java-1.38.0-win32-x64\jre\17.0.13-win32-x86_64\bin\java.dll
Event: 0.720 Loaded shared library c:\Users\HP\.vscode\extensions\redhat.java-1.38.0-win32-x64\jre\17.0.13-win32-x86_64\bin\zip.dll
Event: 0.730 Loaded shared library C:\Users\HP\.vscode\extensions\redhat.java-1.38.0-win32-x64\jre\17.0.13-win32-x86_64\bin\instrument.dll
Event: 0.758 Loaded shared library C:\Users\HP\.vscode\extensions\redhat.java-1.38.0-win32-x64\jre\17.0.13-win32-x86_64\bin\net.dll
Event: 0.766 Loaded shared library C:\Users\HP\.vscode\extensions\redhat.java-1.38.0-win32-x64\jre\17.0.13-win32-x86_64\bin\nio.dll
Event: 0.781 Loaded shared library C:\Users\HP\.vscode\extensions\redhat.java-1.38.0-win32-x64\jre\17.0.13-win32-x86_64\bin\zip.dll
Event: 0.830 Loaded shared library C:\Users\HP\.vscode\extensions\redhat.java-1.38.0-win32-x64\jre\17.0.13-win32-x86_64\bin\jimage.dll
Event: 0.966 Loaded shared library c:\Users\HP\.vscode\extensions\redhat.java-1.38.0-win32-x64\jre\17.0.13-win32-x86_64\bin\verify.dll
Event: 3.156 Loaded shared library C:\Users\HP\AppData\Roaming\Code\User\globalStorage\redhat.java\1.38.0\config_ss_win\org.eclipse.equinox.launcher\org.eclipse.equinox.launcher.win32.win32.x86_64_1.2.1100.v20240722-2106\eclipse_11904.dll
Event: 5.679 Loaded shared library C:\Users\HP\AppData\Local\Temp\jna-2312\jna960870869152417468.dll

Deoptimization events (20 events):
Event: 219.260 Thread 0x000002470fb004b0 Uncommon trap: trap_request=0xffffffde fr.pc=0x0000024707c79724 relative=0x0000000000000084
Event: 219.262 Thread 0x000002470fb004b0 Uncommon trap: reason=class_check action=maybe_recompile pc=0x0000024707c79724 method=java.util.Spliterators$1Adapter.hasNext()Z @ 12 c2
Event: 219.262 Thread 0x000002470fb004b0 DEOPT PACKING pc=0x0000024707c79724 sp=0x0000006a782fe810
Event: 219.262 Thread 0x000002470fb004b0 DEOPT UNPACKING pc=0x00000247075866a3 sp=0x0000006a782fe7a8 mode 2
Event: 219.262 Thread 0x000002470fb004b0 Uncommon trap: trap_request=0xffffffde fr.pc=0x0000024707c79724 relative=0x0000000000000084
Event: 219.262 Thread 0x000002470fb004b0 Uncommon trap: reason=class_check action=maybe_recompile pc=0x0000024707c79724 method=java.util.Spliterators$1Adapter.hasNext()Z @ 12 c2
Event: 219.262 Thread 0x000002470fb004b0 DEOPT PACKING pc=0x0000024707c79724 sp=0x0000006a782fe820
Event: 219.262 Thread 0x000002470fb004b0 DEOPT UNPACKING pc=0x00000247075866a3 sp=0x0000006a782fe7b8 mode 2
Event: 219.262 Thread 0x000002470fb004b0 Uncommon trap: trap_request=0xffffffde fr.pc=0x0000024707c79724 relative=0x0000000000000084
Event: 219.262 Thread 0x000002470fb004b0 Uncommon trap: reason=class_check action=maybe_recompile pc=0x0000024707c79724 method=java.util.Spliterators$1Adapter.hasNext()Z @ 12 c2
Event: 219.262 Thread 0x000002470fb004b0 DEOPT PACKING pc=0x0000024707c79724 sp=0x0000006a782fe820
Event: 219.262 Thread 0x000002470fb004b0 DEOPT UNPACKING pc=0x00000247075866a3 sp=0x0000006a782fe7b8 mode 2
Event: 219.362 Thread 0x000002470fb004b0 Uncommon trap: trap_request=0xffffffde fr.pc=0x0000024707df20c0 relative=0x0000000000000520
Event: 219.362 Thread 0x000002470fb004b0 Uncommon trap: reason=class_check action=maybe_recompile pc=0x0000024707df20c0 method=java.util.stream.AbstractPipeline.evaluate(Ljava/util/stream/TerminalOp;)Ljava/lang/Object; @ 80 c2
Event: 219.362 Thread 0x000002470fb004b0 DEOPT PACKING pc=0x0000024707df20c0 sp=0x0000006a782fec40
Event: 219.362 Thread 0x000002470fb004b0 DEOPT UNPACKING pc=0x00000247075866a3 sp=0x0000006a782febf8 mode 2
Event: 219.896 Thread 0x000002470ff595f0 Uncommon trap: trap_request=0xffffff45 fr.pc=0x0000024707db083c relative=0x00000000000000bc
Event: 219.896 Thread 0x000002470ff595f0 Uncommon trap: reason=unstable_if action=reinterpret pc=0x0000024707db083c method=java.util.stream.AbstractPipeline.sourceSpliterator(I)Ljava/util/Spliterator; @ 82 c2
Event: 219.896 Thread 0x000002470ff595f0 DEOPT PACKING pc=0x0000024707db083c sp=0x0000006a75efef80
Event: 219.896 Thread 0x000002470ff595f0 DEOPT UNPACKING pc=0x00000247075866a3 sp=0x0000006a75efeee0 mode 2

Classes loaded (20 events):
Event: 219.179 Loading class java/util/concurrent/Executors$DelegatedExecutorService done
Event: 219.179 Loading class java/util/concurrent/Executors$DelegatedScheduledExecutorService done
Event: 219.354 Loading class java/util/concurrent/ConcurrentHashMap$EntrySpliterator
Event: 219.357 Loading class java/util/concurrent/ConcurrentHashMap$EntrySpliterator done
Event: 219.884 Loading class java/util/concurrent/ForkJoinTask$AdaptedCallable
Event: 219.888 Loading class java/util/concurrent/ForkJoinTask$AdaptedCallable done
Event: 219.891 Loading class java/util/concurrent/CountedCompleter
Event: 219.896 Loading class java/util/stream/Nodes$CollectorTask$OfRef
Event: 219.901 Loading class java/util/concurrent/CountedCompleter done
Event: 219.909 Loading class java/util/stream/Nodes$CollectorTask
Event: 219.909 Loading class java/util/stream/AbstractTask
Event: 219.912 Loading class java/util/stream/AbstractTask done
Event: 219.912 Loading class java/util/stream/Nodes$CollectorTask done
Event: 219.912 Loading class java/util/stream/Nodes$CollectorTask$OfRef done
Event: 219.912 Loading class java/util/function/LongFunction
Event: 219.914 Loading class java/util/function/LongFunction done
Event: 219.915 Loading class java/util/stream/Nodes$ConcNode
Event: 219.915 Loading class java/util/stream/Nodes$AbstractConcNode
Event: 219.927 Loading class java/util/stream/Nodes$AbstractConcNode done
Event: 219.927 Loading class java/util/stream/Nodes$ConcNode done

Classes unloaded (20 events):
Event: 210.631 Thread 0x0000024775eeecf0 Unloading class 0x00000001001cc000 'java/lang/invoke/LambdaForm$MH+0x00000001001cc000'
Event: 210.633 Thread 0x0000024775eeecf0 Unloading class 0x00000001001a1800 'java/lang/invoke/LambdaForm$MH+0x00000001001a1800'
Event: 210.633 Thread 0x0000024775eeecf0 Unloading class 0x00000001001a1400 'java/lang/invoke/LambdaForm$MH+0x00000001001a1400'
Event: 210.633 Thread 0x0000024775eeecf0 Unloading class 0x00000001001a1000 'java/lang/invoke/LambdaForm$MH+0x00000001001a1000'
Event: 210.633 Thread 0x0000024775eeecf0 Unloading class 0x00000001001a0c00 'java/lang/invoke/LambdaForm$MH+0x00000001001a0c00'
Event: 210.634 Thread 0x0000024775eeecf0 Unloading class 0x00000001001a0800 'java/lang/invoke/LambdaForm$MH+0x00000001001a0800'
Event: 210.634 Thread 0x0000024775eeecf0 Unloading class 0x00000001001a0400 'java/lang/invoke/LambdaForm$MH+0x00000001001a0400'
Event: 210.634 Thread 0x0000024775eeecf0 Unloading class 0x00000001001a0000 'java/lang/invoke/LambdaForm$MH+0x00000001001a0000'
Event: 210.634 Thread 0x0000024775eeecf0 Unloading class 0x000000010019cc00 'java/lang/invoke/LambdaForm$MH+0x000000010019cc00'
Event: 210.634 Thread 0x0000024775eeecf0 Unloading class 0x000000010019c400 'java/lang/invoke/LambdaForm$MH+0x000000010019c400'
Event: 210.636 Thread 0x0000024775eeecf0 Unloading class 0x000000010019bc00 'java/lang/invoke/LambdaForm$MH+0x000000010019bc00'
Event: 210.636 Thread 0x0000024775eeecf0 Unloading class 0x000000010019b800 'java/lang/invoke/LambdaForm$MH+0x000000010019b800'
Event: 210.636 Thread 0x0000024775eeecf0 Unloading class 0x000000010019b000 'java/lang/invoke/LambdaForm$MH+0x000000010019b000'
Event: 210.636 Thread 0x0000024775eeecf0 Unloading class 0x000000010019ac00 'java/lang/invoke/LambdaForm$MH+0x000000010019ac00'
Event: 210.636 Thread 0x0000024775eeecf0 Unloading class 0x000000010019a400 'java/lang/invoke/LambdaForm$MH+0x000000010019a400'
Event: 210.638 Thread 0x0000024775eeecf0 Unloading class 0x0000000100129000 'jdk/internal/reflect/GeneratedMethodAccessor5'
Event: 210.638 Thread 0x0000024775eeecf0 Unloading class 0x0000000100128c00 'jdk/internal/reflect/GeneratedMethodAccessor4'
Event: 210.638 Thread 0x0000024775eeecf0 Unloading class 0x0000000100128800 'jdk/internal/reflect/GeneratedMethodAccessor3'
Event: 210.638 Thread 0x0000024775eeecf0 Unloading class 0x0000000100128400 'jdk/internal/reflect/GeneratedMethodAccessor2'
Event: 210.638 Thread 0x0000024775eeecf0 Unloading class 0x0000000100128000 'jdk/internal/reflect/GeneratedMethodAccessor1'

Classes redefined (0 events):
No events

Internal exceptions (20 events):
Event: 209.486 Thread 0x000002470ff54f10 Exception <a 'java/io/IOException'{0x00000000eb320180}> (0x00000000eb320180) 
thrown [s\src\hotspot\share\prims\jni.cpp, line 516]
Event: 209.486 Thread 0x000002470ff54f10 Exception <a 'java/io/IOException'{0x00000000eb333ba8}> (0x00000000eb333ba8) 
thrown [s\src\hotspot\share\prims\jni.cpp, line 516]
Event: 209.486 Thread 0x000002470ff54f10 Exception <a 'java/io/IOException'{0x00000000eb3475d0}> (0x00000000eb3475d0) 
thrown [s\src\hotspot\share\prims\jni.cpp, line 516]
Event: 209.486 Thread 0x000002470ff54f10 Exception <a 'java/io/IOException'{0x00000000eb35aff8}> (0x00000000eb35aff8) 
thrown [s\src\hotspot\share\prims\jni.cpp, line 516]
Event: 209.486 Thread 0x000002470ff54f10 Exception <a 'java/io/IOException'{0x00000000eb36f5b0}> (0x00000000eb36f5b0) 
thrown [s\src\hotspot\share\prims\jni.cpp, line 516]
Event: 209.486 Thread 0x000002470ff54f10 Exception <a 'java/io/IOException'{0x00000000eb382fd8}> (0x00000000eb382fd8) 
thrown [s\src\hotspot\share\prims\jni.cpp, line 516]
Event: 209.487 Thread 0x000002470ff54f10 Exception <a 'java/io/IOException'{0x00000000eb396a00}> (0x00000000eb396a00) 
thrown [s\src\hotspot\share\prims\jni.cpp, line 516]
Event: 209.487 Thread 0x000002470ff54f10 Exception <a 'java/io/IOException'{0x00000000eb3aa428}> (0x00000000eb3aa428) 
thrown [s\src\hotspot\share\prims\jni.cpp, line 516]
Event: 209.487 Thread 0x000002470ff54f10 Exception <a 'java/io/IOException'{0x00000000eb3bde50}> (0x00000000eb3bde50) 
thrown [s\src\hotspot\share\prims\jni.cpp, line 516]
Event: 209.487 Thread 0x000002470ff54f10 Exception <a 'java/io/IOException'{0x00000000eb3cf868}> (0x00000000eb3cf868) 
thrown [s\src\hotspot\share\prims\jni.cpp, line 516]
Event: 209.488 Thread 0x000002470ff54f10 Exception <a 'java/io/IOException'{0x00000000eb3e54f0}> (0x00000000eb3e54f0) 
thrown [s\src\hotspot\share\prims\jni.cpp, line 516]
Event: 209.488 Thread 0x000002470ff54f10 Exception <a 'java/io/IOException'{0x00000000eb3f8f18}> (0x00000000eb3f8f18) 
thrown [s\src\hotspot\share\prims\jni.cpp, line 516]
Event: 209.488 Thread 0x000002470ff54f10 Exception <a 'java/io/IOException'{0x00000000eb40c940}> (0x00000000eb40c940) 
thrown [s\src\hotspot\share\prims\jni.cpp, line 516]
Event: 209.488 Thread 0x000002470ff54f10 Exception <a 'java/io/IOException'{0x00000000eb420368}> (0x00000000eb420368) 
thrown [s\src\hotspot\share\prims\jni.cpp, line 516]
Event: 209.489 Thread 0x000002470ff54f10 Exception <a 'java/io/IOException'{0x00000000eb433d90}> (0x00000000eb433d90) 
thrown [s\src\hotspot\share\prims\jni.cpp, line 516]
Event: 209.489 Thread 0x000002470ff54f10 Exception <a 'java/io/IOException'{0x00000000eb447a38}> (0x00000000eb447a38) 
thrown [s\src\hotspot\share\prims\jni.cpp, line 516]
Event: 209.489 Thread 0x000002470ff54f10 Exception <a 'java/io/IOException'{0x00000000eb45b460}> (0x00000000eb45b460) 
thrown [s\src\hotspot\share\prims\jni.cpp, line 516]
Event: 211.002 Thread 0x000002470ff54f10 Exception <a 'java/lang/OutOfMemoryError'{0x00000000c01374f8}> (0x00000000c01374f8) 
thrown [s\src\hotspot\share\gc\shared\memAllocator.cpp, line 134]
Event: 219.102 Thread 0x000002470fb02310 Implicit null exception at 0x0000024707def302 to 0x0000024707defc5c
Event: 219.111 Thread 0x000002470fb02310 Implicit null exception at 0x0000024707b1270d to 0x0000024707b12adc

VM Operations (20 events):
Event: 208.826 Executing VM operation: ParallelGCFailedAllocation
Event: 208.827 Executing VM operation: ParallelGCFailedAllocation done
Event: 208.931 Executing VM operation: ParallelGCFailedAllocation
Event: 208.931 Executing VM operation: ParallelGCFailedAllocation done
Event: 209.022 Executing VM operation: ParallelGCFailedAllocation
Event: 209.060 Executing VM operation: ParallelGCFailedAllocation done
Event: 209.139 Executing VM operation: ParallelGCFailedAllocation
Event: 209.140 Executing VM operation: ParallelGCFailedAllocation done
Event: 209.203 Executing VM operation: ParallelGCFailedAllocation
Event: 209.204 Executing VM operation: ParallelGCFailedAllocation done
Event: 209.269 Executing VM operation: ParallelGCFailedAllocation
Event: 209.270 Executing VM operation: ParallelGCFailedAllocation done
Event: 209.335 Executing VM operation: ParallelGCFailedAllocation
Event: 209.336 Executing VM operation: ParallelGCFailedAllocation done
Event: 209.387 Executing VM operation: ParallelGCFailedAllocation
Event: 209.388 Executing VM operation: ParallelGCFailedAllocation done
Event: 209.457 Executing VM operation: ParallelGCFailedAllocation
Event: 209.458 Executing VM operation: ParallelGCFailedAllocation done
Event: 209.494 Executing VM operation: ParallelGCFailedAllocation
Event: 211.000 Executing VM operation: ParallelGCFailedAllocation done

Memory protections (0 events):
No events

Nmethod flushes (20 events):
Event: 180.919 Thread 0x000002477acb8510 flushing  nmethod 0x0000024700981e90
Event: 180.919 Thread 0x000002477acb8510 flushing  nmethod 0x0000024700989b10
Event: 180.919 Thread 0x000002477acb8510 flushing  nmethod 0x000002470098a710
Event: 180.919 Thread 0x000002477acb8510 flushing  nmethod 0x000002470098e710
Event: 180.919 Thread 0x000002477acb8510 flushing  nmethod 0x0000024700992a90
Event: 180.919 Thread 0x000002477acb8510 flushing  nmethod 0x0000024700994410
Event: 180.919 Thread 0x000002477acb8510 flushing  nmethod 0x0000024700998910
Event: 180.919 Thread 0x000002477acb8510 flushing  nmethod 0x0000024700998e90
Event: 180.920 Thread 0x000002477acb8510 flushing  nmethod 0x000002470099a110
Event: 180.920 Thread 0x000002477acb8510 flushing  nmethod 0x000002470099a810
Event: 180.920 Thread 0x000002477acb8510 flushing  nmethod 0x000002470099b890
Event: 180.920 Thread 0x000002477acb8510 flushing  nmethod 0x00000247009a2490
Event: 180.920 Thread 0x000002477acb8510 flushing  nmethod 0x00000247009a2d90
Event: 180.920 Thread 0x000002477acb8510 flushing  nmethod 0x00000247009a3990
Event: 180.920 Thread 0x000002477acb8510 flushing  nmethod 0x00000247009a8090
Event: 180.920 Thread 0x000002477acb8510 flushing  nmethod 0x00000247009b3090
Event: 180.920 Thread 0x000002477acb8510 flushing  nmethod 0x00000247009c1c10
Event: 180.920 Thread 0x000002477acb8510 flushing  nmethod 0x00000247009c2b90
Event: 180.920 Thread 0x000002477acb8510 flushing  nmethod 0x00000247009c5190
Event: 180.921 Thread 0x000002477acb8510 flushing osr nmethod 0x00000247009fec10

Events (20 events):
Event: 9.054 Thread 0x000002470fb03c60 Thread added: 0x000002470fb004b0
Event: 9.375 Thread 0x0000024775e4c4b0 Thread added: 0x000002470ff55420
Event: 9.375 Thread 0x0000024775e4c4b0 Thread added: 0x000002470ff54f10
Event: 11.019 Thread 0x000002470f900c20 Thread exited: 0x000002470f900c20
Event: 26.673 Thread 0x000002470ff54f10 Thread added: 0x000002470ff55e40
Event: 27.847 Thread 0x000002470ff54f10 Thread added: 0x000002470ff56350
Event: 29.297 Thread 0x000002470ff54f10 Thread added: 0x000002470ff5aa30
Event: 92.327 Thread 0x000002470fb013e0 Thread exited: 0x000002470fb013e0
Event: 92.440 Thread 0x000002470ff56350 Thread exited: 0x000002470ff56350
Event: 168.241 Thread 0x000002470ff55e40 Thread exited: 0x000002470ff55e40
Event: 181.635 Thread 0x000002470fb004b0 Thread added: 0x000002470ff57280
Event: 183.452 Thread 0x000002477acb7090 Thread added: 0x000002470f8706b0
Event: 184.145 Thread 0x000002470f8706b0 Thread exited: 0x000002470f8706b0
Event: 184.294 Thread 0x000002477acb7090 Thread added: 0x000002470f8706b0
Event: 186.300 Thread 0x000002470f8706b0 Thread exited: 0x000002470f8706b0
Event: 188.140 Thread 0x000002470f00df50 Thread added: 0x000002470f8706b0
Event: 189.359 Thread 0x000002470f8706b0 Thread exited: 0x000002470f8706b0
Event: 219.192 Thread 0x000002470fb02310 Thread added: 0x000002470ff5af40
Event: 219.891 Thread 0x000002470fb004b0 Thread added: 0x000002470ff595f0
Event: 219.932 Thread 0x000002470ff595f0 Thread exited: 0x000002470ff595f0


Dynamic libraries:
0x00007ff7aec70000 - 0x00007ff7aec7e000 	c:\Users\HP\.vscode\extensions\redhat.java-1.38.0-win32-x64\jre\17.0.13-win32-x86_64\bin\java.exe
0x00007ffb5c670000 - 0x00007ffb5c868000 	C:\WINDOWS\SYSTEM32\ntdll.dll
0x00007ffb5a840000 - 0x00007ffb5a902000 	C:\WINDOWS\System32\KERNEL32.DLL
0x00007ffb59d10000 - 0x00007ffb5a00e000 	C:\WINDOWS\System32\KERNELBASE.dll
0x00007ffb5a480000 - 0x00007ffb5a580000 	C:\WINDOWS\System32\ucrtbase.dll
0x00007ffb34640000 - 0x00007ffb34657000 	c:\Users\HP\.vscode\extensions\redhat.java-1.38.0-win32-x64\jre\17.0.13-win32-x86_64\bin\jli.dll
0x00007ffb5b4f0000 - 0x00007ffb5b68d000 	C:\WINDOWS\System32\USER32.dll
0x00007ffb5a450000 - 0x00007ffb5a472000 	C:\WINDOWS\System32\win32u.dll
0x00007ffb5c1c0000 - 0x00007ffb5c1eb000 	C:\WINDOWS\System32\GDI32.dll
0x00007ffb5a300000 - 0x00007ffb5a417000 	C:\WINDOWS\System32\gdi32full.dll
0x00007ffb5a580000 - 0x00007ffb5a61d000 	C:\WINDOWS\System32\msvcp_win.dll
0x00007ffb28180000 - 0x00007ffb2819e000 	c:\Users\HP\.vscode\extensions\redhat.java-1.38.0-win32-x64\jre\17.0.13-win32-x86_64\bin\VCRUNTIME140.dll
0x00007ffb44000000 - 0x00007ffb4429a000 	C:\WINDOWS\WinSxS\amd64_microsoft.windows.common-controls_6595b64144ccf1df_6.0.19041.4355_none_60b8b9eb71f62e16\COMCTL32.dll
0x00007ffb5c300000 - 0x00007ffb5c39e000 	C:\WINDOWS\System32\msvcrt.dll
0x00007ffb5c190000 - 0x00007ffb5c1bf000 	C:\WINDOWS\System32\IMM32.DLL
0x0000000057e30000 - 0x0000000057e3c000 	C:\Program Files (x86)\360\Total Security\safemon\SafeWrapper.dll
0x00007ffb5b7d0000 - 0x00007ffb5b881000 	C:\WINDOWS\System32\ADVAPI32.dll
0x00007ffb5b890000 - 0x00007ffb5b92f000 	C:\WINDOWS\System32\sechost.dll
0x00007ffb5c470000 - 0x00007ffb5c593000 	C:\WINDOWS\System32\RPCRT4.dll
0x00007ffb5a420000 - 0x00007ffb5a447000 	C:\WINDOWS\System32\bcrypt.dll
0x00007ffb1b930000 - 0x00007ffb1b9dc000 	C:\Program Files (x86)\360\Total Security\safemon\libzdtp64.dll
0x00007ffb5b940000 - 0x00007ffb5c0ad000 	C:\WINDOWS\System32\SHELL32.dll
0x00007ffb5c5c0000 - 0x00007ffb5c615000 	C:\WINDOWS\System32\SHLWAPI.dll
0x00007ffb597a0000 - 0x00007ffb597aa000 	C:\WINDOWS\SYSTEM32\VERSION.dll
0x00007ffb32430000 - 0x00007ffb3243c000 	c:\Users\HP\.vscode\extensions\redhat.java-1.38.0-win32-x64\jre\17.0.13-win32-x86_64\bin\vcruntime140_1.dll
0x00007ffaddc60000 - 0x00007ffaddced000 	c:\Users\HP\.vscode\extensions\redhat.java-1.38.0-win32-x64\jre\17.0.13-win32-x86_64\bin\msvcp140.dll
0x00007ffaaa1b0000 - 0x00007ffaaae1b000 	c:\Users\HP\.vscode\extensions\redhat.java-1.38.0-win32-x64\jre\17.0.13-win32-x86_64\bin\server\jvm.dll
0x00007ffb5ab30000 - 0x00007ffb5ab9b000 	C:\WINDOWS\System32\WS2_32.dll
0x00007ffb59b70000 - 0x00007ffb59bbb000 	C:\WINDOWS\SYSTEM32\POWRPROF.dll
0x00007ffb3f6a0000 - 0x00007ffb3f6c7000 	C:\WINDOWS\SYSTEM32\WINMM.dll
0x00007ffb59b50000 - 0x00007ffb59b62000 	C:\WINDOWS\SYSTEM32\UMPDC.dll
0x00007ffb58510000 - 0x00007ffb58522000 	C:\WINDOWS\SYSTEM32\kernel.appcore.dll
0x00007ffb2f110000 - 0x00007ffb2f11a000 	c:\Users\HP\.vscode\extensions\redhat.java-1.38.0-win32-x64\jre\17.0.13-win32-x86_64\bin\jimage.dll
0x00007ffb582a0000 - 0x00007ffb58484000 	C:\WINDOWS\SYSTEM32\DBGHELP.DLL
0x00007ffb381d0000 - 0x00007ffb38204000 	C:\WINDOWS\SYSTEM32\dbgcore.DLL
0x00007ffb5a010000 - 0x00007ffb5a092000 	C:\WINDOWS\System32\bcryptPrimitives.dll
0x00007ffb2eb80000 - 0x00007ffb2eb8e000 	c:\Users\HP\.vscode\extensions\redhat.java-1.38.0-win32-x64\jre\17.0.13-win32-x86_64\bin\instrument.dll
0x00007ffae3650000 - 0x00007ffae3675000 	c:\Users\HP\.vscode\extensions\redhat.java-1.38.0-win32-x64\jre\17.0.13-win32-x86_64\bin\java.dll
0x00007ffb1e9c0000 - 0x00007ffb1e9d8000 	c:\Users\HP\.vscode\extensions\redhat.java-1.38.0-win32-x64\jre\17.0.13-win32-x86_64\bin\zip.dll
0x00007ffb57a30000 - 0x00007ffb581d4000 	C:\WINDOWS\SYSTEM32\windows.storage.dll
0x00007ffb5aba0000 - 0x00007ffb5aef3000 	C:\WINDOWS\System32\combase.dll
0x00007ffb59600000 - 0x00007ffb5962e000 	C:\WINDOWS\SYSTEM32\Wldp.dll
0x00007ffb5c3a0000 - 0x00007ffb5c46d000 	C:\WINDOWS\System32\OLEAUT32.dll
0x00007ffb5a910000 - 0x00007ffb5a9bd000 	C:\WINDOWS\System32\SHCORE.dll
0x00007ffb59c40000 - 0x00007ffb59c64000 	C:\WINDOWS\SYSTEM32\profapi.dll
0x00007ffb1d780000 - 0x00007ffb1d799000 	C:\Users\HP\.vscode\extensions\redhat.java-1.38.0-win32-x64\jre\17.0.13-win32-x86_64\bin\net.dll
0x00007ffb4d450000 - 0x00007ffb4d55d000 	C:\WINDOWS\SYSTEM32\WINHTTP.dll
0x00007ffb59360000 - 0x00007ffb593ca000 	C:\WINDOWS\system32\mswsock.dll
0x00007ffb16e10000 - 0x00007ffb16e26000 	C:\Users\HP\.vscode\extensions\redhat.java-1.38.0-win32-x64\jre\17.0.13-win32-x86_64\bin\nio.dll
0x00007ffb280b0000 - 0x00007ffb280c0000 	c:\Users\HP\.vscode\extensions\redhat.java-1.38.0-win32-x64\jre\17.0.13-win32-x86_64\bin\verify.dll
0x00007ffae0910000 - 0x00007ffae0955000 	C:\Users\HP\AppData\Roaming\Code\User\globalStorage\redhat.java\1.38.0\config_ss_win\org.eclipse.equinox.launcher\org.eclipse.equinox.launcher.win32.win32.x86_64_1.2.1100.v20240722-2106\eclipse_11904.dll
0x00007ffb5b6a0000 - 0x00007ffb5b7cb000 	C:\WINDOWS\System32\ole32.dll
0x00007ffb59550000 - 0x00007ffb59568000 	C:\WINDOWS\SYSTEM32\CRYPTSP.dll
0x00007ffb58c80000 - 0x00007ffb58cb4000 	C:\WINDOWS\system32\rsaenh.dll
0x00007ffb59c00000 - 0x00007ffb59c2e000 	C:\WINDOWS\SYSTEM32\USERENV.dll
0x00007ffb59570000 - 0x00007ffb5957c000 	C:\WINDOWS\SYSTEM32\CRYPTBASE.dll
0x00007ffb59040000 - 0x00007ffb5907b000 	C:\WINDOWS\SYSTEM32\IPHLPAPI.DLL
0x00007ffb5c620000 - 0x00007ffb5c628000 	C:\WINDOWS\System32\NSI.dll
0x00007ffb4db20000 - 0x00007ffb4db37000 	C:\WINDOWS\SYSTEM32\dhcpcsvc6.DLL
0x00007ffb4e6c0000 - 0x00007ffb4e6dd000 	C:\WINDOWS\SYSTEM32\dhcpcsvc.DLL
0x00007ffb59080000 - 0x00007ffb5914a000 	C:\WINDOWS\SYSTEM32\DNSAPI.dll
0x00007ffadffa0000 - 0x00007ffadffe9000 	C:\Users\HP\AppData\Local\Temp\jna-2312\jna960870869152417468.dll
0x00007ffb5b930000 - 0x00007ffb5b938000 	C:\WINDOWS\System32\PSAPI.DLL
0x00007ffb58ed0000 - 0x00007ffb58f03000 	C:\WINDOWS\SYSTEM32\ntmarta.dll

dbghelp: loaded successfully - version: 4.0.5 - missing functions: none
symbol engine: initialized successfully - sym options: 0x614 - pdb path: .;c:\Users\HP\.vscode\extensions\redhat.java-1.38.0-win32-x64\jre\17.0.13-win32-x86_64\bin;C:\WINDOWS\SYSTEM32;C:\WINDOWS\WinSxS\amd64_microsoft.windows.common-controls_6595b64144ccf1df_6.0.19041.4355_none_60b8b9eb71f62e16;C:\Program Files (x86)\360\Total Security\safemon;c:\Users\HP\.vscode\extensions\redhat.java-1.38.0-win32-x64\jre\17.0.13-win32-x86_64\bin\server;C:\Users\HP\AppData\Roaming\Code\User\globalStorage\redhat.java\1.38.0\config_ss_win\org.eclipse.equinox.launcher\org.eclipse.equinox.launcher.win32.win32.x86_64_1.2.1100.v20240722-2106;C:\Users\HP\AppData\Local\Temp\jna-2312

VM Arguments:
jvm_args: --add-modules=ALL-SYSTEM --add-opens=java.base/java.util=ALL-UNNAMED --add-opens=java.base/java.lang=ALL-UNNAMED --add-opens=java.base/sun.nio.fs=ALL-UNNAMED -Declipse.application=org.eclipse.jdt.ls.core.id1 -Dosgi.bundles.defaultStartLevel=4 -Declipse.product=org.eclipse.jdt.ls.core.product -Djava.import.generatesMetadataFilesAtProjectRoot=false -DDetectVMInstallationsJob.disabled=true -Dfile.encoding=utf8 -XX:+UseParallelGC -XX:GCTimeRatio=4 -XX:AdaptiveSizePolicyWeight=90 -Dsun.zip.disableMemoryMapping=true -Xmx1G -Xms100m -Xlog:disable -javaagent:c:\Users\HP\.vscode\extensions\redhat.java-1.38.0-win32-x64\lombok\lombok-1.18.34.jar 
java_command: c:\Users\HP\.vscode\extensions\redhat.java-1.38.0-win32-x64\server\plugins\org.eclipse.equinox.launcher_1.6.900.v20240613-2009.jar -configuration c:\Users\HP\AppData\Roaming\Code\User\globalStorage\redhat.java\1.38.0\config_ss_win -data c:\Users\HP\AppData\Roaming\Code\User\workspaceStorage\95766eaade6a7466387557eabee0eaaf\redhat.java\ss_ws --pipe=\\.\pipe\lsp-6d62e9bf6ef893f639042cfe853466db-sock
java_class_path (initial): c:\Users\HP\.vscode\extensions\redhat.java-1.38.0-win32-x64\server\plugins\org.eclipse.equinox.launcher_1.6.900.v20240613-2009.jar
Launcher Type: SUN_STANDARD

[Global flags]
    uintx AdaptiveSizePolicyWeight                 = 90                                        {product} {command line}
     intx CICompilerCount                          = 3                                         {product} {ergonomic}
    uintx GCTimeRatio                              = 4                                         {product} {command line}
   size_t InitialHeapSize                          = 104857600                                 {product} {command line}
   size_t MaxHeapSize                              = 1073741824                                {product} {command line}
   size_t MaxNewSize                               = 357564416                                 {product} {ergonomic}
   size_t MinHeapDeltaBytes                        = 524288                                    {product} {ergonomic}
   size_t MinHeapSize                              = 104857600                                 {product} {command line}
   size_t NewSize                                  = 34603008                                  {product} {ergonomic}
    uintx NonNMethodCodeHeapSize                   = 5832780                                {pd product} {ergonomic}
    uintx NonProfiledCodeHeapSize                  = 122912730                              {pd product} {ergonomic}
   size_t OldSize                                  = 70254592                                  {product} {ergonomic}
    uintx ProfiledCodeHeapSize                     = 122912730                              {pd product} {ergonomic}
    uintx ReservedCodeCacheSize                    = 251658240                              {pd product} {ergonomic}
     bool SegmentedCodeCache                       = true                                      {product} {ergonomic}
   size_t SoftMaxHeapSize                          = 1073741824                             {manageable} {ergonomic}
     bool UseCompressedClassPointers               = true                           {product lp64_product} {ergonomic}
     bool UseCompressedOops                        = true                           {product lp64_product} {ergonomic}
     bool UseLargePagesIndividualAllocation        = false                                  {pd product} {ergonomic}
     bool UseParallelGC                            = true                                      {product} {command line}

Logging:
Log output configuration:
 #0: stdout all=off uptime,level,tags
 #1: stderr all=off uptime,level,tags

Environment Variables:
PATH=C:\Program Files\Common Files\Oracle\Java\javapath;C:\WINDOWS\system32;C:\WINDOWS;C:\WINDOWS\System32\Wbem;C:\WINDOWS\System32\WindowsPowerShell\v1.0\;C:\WINDOWS\System32\OpenSSH\;C:\Program Files\Git\cmd;C:\Users\HP\AppData\Local\Microsoft\WindowsApps;C:\Users\HP\AppData\Local\Programs\Microsoft VS Code\bin
USERNAME=HP
OS=Windows_NT
PROCESSOR_IDENTIFIER=Intel64 Family 6 Model 78 Stepping 3, GenuineIntel
TMP=C:\Users\HP\AppData\Local\Temp
TEMP=C:\Users\HP\AppData\Local\Temp



Periodic native trim disabled


---------------  S Y S T E M  ---------------

OS:
 Windows 10 , 64 bit Build 19041 (10.0.19041.5198)
OS uptime: 2 days 10:40 hours

CPU: total 4 (initial active 4) (2 cores per cpu, 2 threads per core) family 6 model 78 stepping 3 microcode 0xf0, cx8, cmov, fxsr, ht, mmx, 3dnowpref, sse, sse2, sse3, ssse3, sse4.1, sse4.2, popcnt, lzcnt, tsc, tscinvbit, avx, avx2, aes, erms, clmul, bmi1, bmi2, rtm, adx, fma, vzeroupper, clflush, clflushopt
Processor Information for all 4 processors :
  Max Mhz: 2496, Current Mhz: 2396, Mhz Limit: 2396

Memory: 4k page, system-wide physical 8071M (417M free)
TotalPageFile size 21024M (AvailPageFile size 68M)
current process WorkingSet (physical memory assigned to process): 377M, peak: 518M
current process commit charge ("private bytes"): 443M, peak: 860M

vm_info: OpenJDK 64-Bit Server VM (17.0.13+11) for windows-amd64 JRE (17.0.13+11), built on Oct 16 2024 00:10:08 by "admin" with MS VC++ 17.7 (VS2022)

END.
