#
# There is insufficient memory for the Java Runtime Environment to continue.
# Native memory allocation (mmap) failed to map 65536 bytes. Error detail: Failed to commit metaspace.
# Possible reasons:
#   The system is out of physical RAM or swap space
#   This process is running with CompressedOops enabled, and the Java Heap may be blocking the growth of the native heap
# Possible solutions:
#   Reduce memory load on the system
#   Increase physical memory or swap space
#   Check if swap backing store is full
#   Decrease Java heap size (-Xmx/-Xms)
#   Decrease number of Java threads
#   Decrease Java thread stack sizes (-Xss)
#   Set larger code cache with -XX:ReservedCodeCacheSize=
#   JVM is running with Unscaled Compressed Oops mode in which the Java heap is
#     placed in the first 4GB address space. The Java Heap base address is the
#     maximum limit for the native heap growth. Please use -XX:HeapBaseMinAddress
#     to set the Java Heap base and to place the Java Heap above 4GB virtual address.
# This output file may be truncated or incomplete.
#
#  Out of Memory Error (virtualSpaceNode.cpp:110), pid=24840, tid=24976
#
# JRE version: OpenJDK Runtime Environment Temurin-17.0.13+11 (17.0.13+11) (build 17.0.13+11)
# Java VM: OpenJDK 64-Bit Server VM Temurin-17.0.13+11 (17.0.13+11, mixed mode, tiered, compressed oops, compressed class ptrs, parallel gc, windows-amd64)
# No core dump will be written. Minidumps are not enabled by default on client versions of Windows
#

---------------  S U M M A R Y ------------

Command Line: --add-modules=ALL-SYSTEM --add-opens=java.base/java.util=ALL-UNNAMED --add-opens=java.base/java.lang=ALL-UNNAMED --add-opens=java.base/sun.nio.fs=ALL-UNNAMED -Declipse.application=org.eclipse.jdt.ls.core.id1 -Dosgi.bundles.defaultStartLevel=4 -Declipse.product=org.eclipse.jdt.ls.core.product -Djava.import.generatesMetadataFilesAtProjectRoot=false -DDetectVMInstallationsJob.disabled=true -Dfile.encoding=utf8 -XX:+UseParallelGC -XX:GCTimeRatio=4 -XX:AdaptiveSizePolicyWeight=90 -Dsun.zip.disableMemoryMapping=true -Xmx1G -Xms100m -Xlog:disable -javaagent:c:\Users\HP\.vscode\extensions\redhat.java-1.38.0-win32-x64\lombok\lombok-1.18.34.jar c:\Users\HP\.vscode\extensions\redhat.java-1.38.0-win32-x64\server\plugins\org.eclipse.equinox.launcher_1.6.900.v20240613-2009.jar -configuration c:\Users\HP\AppData\Roaming\Code\User\globalStorage\redhat.java\1.38.0\config_ss_win -data c:\Users\HP\AppData\Roaming\Code\User\workspaceStorage\95766eaade6a7466387557eabee0eaaf\redhat.java\ss_ws --pipe=\\.\pipe\lsp-98ec74c86eee17d0f0c63d2c99150f30-sock

Host: Intel(R) Core(TM) i5-6300U CPU @ 2.40GHz, 4 cores, 7G,  Windows 10 , 64 bit Build 19041 (10.0.19041.5198)
Time: Fri Dec 27 00:55:05 2024 W. Central Africa Standard Time elapsed time: 1.649964 seconds (0d 0h 0m 1s)

---------------  T H R E A D  ---------------

Current thread (0x000001ff4f16c160):  JavaThread "main" [_thread_in_vm, id=24976, stack(0x000000bdaf400000,0x000000bdaf500000)]

Stack: [0x000000bdaf400000,0x000000bdaf500000]
Native frames: (J=compiled Java code, j=interpreted, Vv=VM code, C=native code)
V  [jvm.dll+0x682a19]
V  [jvm.dll+0x839538]
V  [jvm.dll+0x83afe3]
V  [jvm.dll+0x83b653]
V  [jvm.dll+0x24704f]
V  [jvm.dll+0x83530d]
V  [jvm.dll+0x62762e]
V  [jvm.dll+0x1bf044]
V  [jvm.dll+0x629f9f]
V  [jvm.dll+0x627ff6]
V  [jvm.dll+0x23addf]
V  [jvm.dll+0x631ef5]
V  [jvm.dll+0x1e8b31]
V  [jvm.dll+0x1e913a]
V  [jvm.dll+0x1e9b2d]
V  [jvm.dll+0x1df251]
V  [jvm.dll+0x54611b]
V  [jvm.dll+0x7b3058]
V  [jvm.dll+0x7b3144]
V  [jvm.dll+0x412703]
V  [jvm.dll+0x419229]
C  [java.dll+0x17ec]

Java frames: (J=compiled Java code, j=interpreted, Vv=VM code)
J 850  java.lang.ClassLoader.defineClass1(Ljava/lang/ClassLoader;Ljava/lang/String;[BIILjava/security/ProtectionDomain;Ljava/lang/String;)Ljava/lang/Class; java.base@17.0.13 (0 bytes) @ 0x000001ff59943adb [0x000001ff59943a20+0x00000000000000bb]
j  java.lang.ClassLoader.defineClass(Ljava/lang/String;[BIILjava/security/ProtectionDomain;)Ljava/lang/Class;+27 java.base@17.0.13
j  java.security.SecureClassLoader.defineClass(Ljava/lang/String;[BIILjava/security/CodeSource;)Ljava/lang/Class;+12 java.base@17.0.13
j  java.net.URLClassLoader.defineClass(Ljava/lang/String;Ljdk/internal/loader/Resource;)Ljava/lang/Class;+221 java.base@17.0.13
j  java.net.URLClassLoader$1.run()Ljava/lang/Class;+43 java.base@17.0.13
j  java.net.URLClassLoader$1.run()Ljava/lang/Object;+1 java.base@17.0.13
j  java.security.AccessController.executePrivileged(Ljava/security/PrivilegedExceptionAction;Ljava/security/AccessControlContext;Ljava/lang/Class;)Ljava/lang/Object;+29 java.base@17.0.13
j  java.security.AccessController.doPrivileged(Ljava/security/PrivilegedExceptionAction;Ljava/security/AccessControlContext;)Ljava/lang/Object;+13 java.base@17.0.13
j  java.net.URLClassLoader.findClass(Ljava/lang/String;)Ljava/lang/Class;+13 java.base@17.0.13
j  java.lang.ClassLoader.loadClass(Ljava/lang/String;Z)Ljava/lang/Class;+69 java.base@17.0.13
J 781 c1 java.lang.ClassLoader.loadClass(Ljava/lang/String;)Ljava/lang/Class; java.base@17.0.13 (7 bytes) @ 0x000001ff51f5e9bc [0x000001ff51f5e8c0+0x00000000000000fc]
v  ~StubRoutines::call_stub
j  org.eclipse.osgi.internal.log.LoggerContextTargetMap.getLogService(Lorg/osgi/framework/Bundle;Lorg/eclipse/osgi/internal/log/ExtendedLogServiceFactory;)Lorg/eclipse/osgi/internal/log/ExtendedLogServiceImpl;+24
j  org.eclipse.osgi.internal.log.ExtendedLogServiceFactory.getLogService(Lorg/osgi/framework/Bundle;)Lorg/eclipse/osgi/internal/log/ExtendedLogServiceImpl;+16
j  org.eclipse.osgi.internal.log.LogServiceManager.<init>(ILorg/osgi/service/log/LogLevel;Z[Lorg/osgi/service/log/LogListener;)V+45
j  org.eclipse.osgi.internal.log.EquinoxLogServices.<init>(Lorg/eclipse/osgi/internal/framework/EquinoxConfiguration;)V+357
j  org.eclipse.osgi.internal.framework.EquinoxContainer.<init>(Ljava/util/Map;Lorg/osgi/framework/connect/ModuleConnector;)V+97
j  org.eclipse.osgi.launch.Equinox.<init>(Ljava/util/Map;Lorg/osgi/framework/connect/ModuleConnector;)V+10
j  org.eclipse.osgi.launch.Equinox.<init>(Ljava/util/Map;)V+3
j  org.eclipse.core.runtime.adaptor.EclipseStarter.startup([Ljava/lang/String;Ljava/lang/Runnable;)Lorg/osgi/framework/BundleContext;+28
j  org.eclipse.core.runtime.adaptor.EclipseStarter.run([Ljava/lang/String;Ljava/lang/Runnable;)Ljava/lang/Object;+21
v  ~StubRoutines::call_stub
j  jdk.internal.reflect.NativeMethodAccessorImpl.invoke0(Ljava/lang/reflect/Method;Ljava/lang/Object;[Ljava/lang/Object;)Ljava/lang/Object;+0 java.base@17.0.13
j  jdk.internal.reflect.NativeMethodAccessorImpl.invoke(Ljava/lang/Object;[Ljava/lang/Object;)Ljava/lang/Object;+133 java.base@17.0.13
j  jdk.internal.reflect.DelegatingMethodAccessorImpl.invoke(Ljava/lang/Object;[Ljava/lang/Object;)Ljava/lang/Object;+6 java.base@17.0.13
j  java.lang.reflect.Method.invoke(Ljava/lang/Object;[Ljava/lang/Object;)Ljava/lang/Object;+59 java.base@17.0.13
j  org.eclipse.equinox.launcher.Main.invokeFramework([Ljava/lang/String;[Ljava/net/URL;)V+202
j  org.eclipse.equinox.launcher.Main.basicRun([Ljava/lang/String;)V+159
j  org.eclipse.equinox.launcher.Main.run([Ljava/lang/String;)I+4
j  org.eclipse.equinox.launcher.Main.main([Ljava/lang/String;)V+10
v  ~StubRoutines::call_stub

Compiled method (n/a)    1779  850     n 0       java.lang.ClassLoader::defineClass1 (native)
 total in heap  [0x000001ff59943890,0x000001ff59943ce8] = 1112
 relocation     [0x000001ff599439e8,0x000001ff59943a18] = 48
 main code      [0x000001ff59943a20,0x000001ff59943ce8] = 712

[Constant Pool (empty)]

[MachCode]
[Entry Point]
  # {method} {0x000001ff6401de70} 'defineClass1' '(Ljava/lang/ClassLoader;Ljava/lang/String;[BIILjava/security/ProtectionDomain;Ljava/lang/String;)Ljava/lang/Class;' in 'java/lang/ClassLoader'
  # parm0:    rdx:rdx   = 'java/lang/ClassLoader'
  # parm1:    r8:r8     = 'java/lang/String'
  # parm2:    r9:r9     = '[B'
  # parm3:    rdi       = int
  # parm4:    rsi       = int
  # parm5:    rcx:rcx   = 'java/security/ProtectionDomain'
  # parm6:    [sp+0xa0]   = 'java/lang/String'  (sp of caller)
  0x000001ff59943a20: 448b 5208 | 49c1 e203 | 493b c20f | 8407 0000 

  0x000001ff59943a30: ;   {runtime_call ic_miss_stub}
  0x000001ff59943a30: 00e9 4ad3 | a5ff 6690 
[Verified Entry Point]
  0x000001ff59943a38: 8984 2400 | 90ff ff55 | 488b ec48 | 81ec 9000 | 0000 4881 | 7d10 0000 | 0000 488d | 4510 480f 
  0x000001ff59943a58: 4445 1048 | 8944 2440 | 4889 4c24 | 7048 83f9 | 0048 8d44 | 2470 480f | 4444 2470 | 4889 4424 
  0x000001ff59943a78: 3848 8974 | 2430 4889 | 7c24 284c | 894c 2458 | 4983 f900 | 488d 4424 | 5848 0f44 | 4424 5848 
  0x000001ff59943a98: 8944 2420 | 4c89 4424 | 5049 83f8 | 004c 8d4c | 2450 4c0f | 444c 2450 | 4889 5424 | 4848 83fa 
  0x000001ff59943ab8: 004c 8d44 | 2448 4c0f | 4444 2448 

  0x000001ff59943ac4: ;   {oop(a 'java/lang/Class'{0x00000000eab00eb0} = 'java/lang/ClassLoader')}
  0x000001ff59943ac4: 49be b00e | b0ea 0000 | 0000 4c89 | 7424 784c | 8d74 2478 | 498b d6c5 

  0x000001ff59943adc: ;   {internal_word}
  0x000001ff59943adc: f877 49ba | db3a 9459 | ff01 0000 | 4d89 97a0 | 0200 0049 | 89a7 9802 

  0x000001ff59943af4: ;   {external_word}
  0x000001ff59943af4: 0000 49ba | 7ec6 cbad | fa7f 0000 | 4180 3a00 | 0f84 5200 | 0000 5241 

  0x000001ff59943b0c: ;   {metadata({method} {0x000001ff6401de70} 'defineClass1' '(Ljava/lang/ClassLoader;Ljava/lang/String;[BIILjava/security/ProtectionDomain;Ljava/lang/String;)Ljava/lang/Class;' in 'java/lang/ClassLoader')}
  0x000001ff59943b0c: 5041 5148 | ba68 de01 | 64ff 0100 | 0049 8bcf | 4883 ec20 | f7c4 0f00 | 0000 0f84 | 1a00 0000 
  0x000001ff59943b2c: 4883 ec08 

  0x000001ff59943b30: ;   {runtime_call}
  0x000001ff59943b30: 49ba 6086 | 81ad fa7f | 0000 41ff | d248 83c4 | 08e9 0d00 

  0x000001ff59943b44: ;   {runtime_call}
  0x000001ff59943b44: 0000 49ba | 6086 81ad | fa7f 0000 | 41ff d248 | 83c4 2041 | 5941 585a | 498d 8fb8 | 0200 0041 
  0x000001ff59943b64: c787 4803 | 0000 0400 

  0x000001ff59943b6c: ;   {runtime_call}
  0x000001ff59943b6c: 0000 49ba | ac16 27e0 | fa7f 0000 | 41ff d2c5 | f877 41c7 | 8748 0300 | 0005 0000 | 00f0 8344 
  0x000001ff59943b8c: 24c0 0049 | 3baf 5003 | 0000 0f87 | 1100 0000 | 4181 bf38 | 0300 0000 | 0000 000f | 842c 0000 
  0x000001ff59943bac: 00c5 f877 | 4889 45f8 | 498b cf4c | 8be4 4883 | ec20 4883 

  0x000001ff59943bc0: ;   {runtime_call}
  0x000001ff59943bc0: e4f0 49ba | b094 91ad | fa7f 0000 | 41ff d249 | 8be4 4d33 | e448 8b45 | f841 c787 | 4803 0000 
  0x000001ff59943be0: 0800 0000 | 4181 bfb8 | 0300 0002 | 0000 000f | 84c5 0000 

  0x000001ff59943bf4: ;   {external_word}
  0x000001ff59943bf4: 0049 ba7e | c6cb adfa | 7f00 0041 | 803a 000f | 8450 0000 | 0048 8945 

  0x000001ff59943c0c: ;   {metadata({method} {0x000001ff6401de70} 'defineClass1' '(Ljava/lang/ClassLoader;Ljava/lang/String;[BIILjava/security/ProtectionDomain;Ljava/lang/String;)Ljava/lang/Class;' in 'java/lang/ClassLoader')}
  0x000001ff59943c0c: f848 ba68 | de01 64ff | 0100 0049 | 8bcf 4883 | ec20 f7c4 | 0f00 0000 | 0f84 1a00 | 0000 4883 
  0x000001ff59943c2c: ;   {runtime_call}
  0x000001ff59943c2c: ec08 49ba | 6086 81ad | fa7f 0000 | 41ff d248 | 83c4 08e9 | 0d00 0000 

  0x000001ff59943c44: ;   {runtime_call}
  0x000001ff59943c44: 49ba 6086 | 81ad fa7f | 0000 41ff | d248 83c4 | 2048 8b45 | f849 c787 | 9802 0000 | 0000 0000 
  0x000001ff59943c64: 49c7 87a0 | 0200 0000 | 0000 00c5 | f877 4885 | c00f 8419 | 0000 0048 | f7c0 0100 | 0000 0f84 
  0x000001ff59943c84: 0900 0000 | 488b 40ff | e903 0000 | 0048 8b00 | 498b 8fd8 | 0000 00c7 | 8100 0100 | 0000 0000 
  0x000001ff59943ca4: 00c9 4981 | 7f08 0000 | 0000 0f85 | 0100 0000 

  0x000001ff59943cb4: ;   {runtime_call StubRoutines (1)}
  0x000001ff59943cb4: c3e9 46d2 | a0ff c5f8 | 7748 8945 | f84c 8be4 | 4883 ec20 | 4883 e4f0 

  0x000001ff59943ccc: ;   {runtime_call}
  0x000001ff59943ccc: 49ba 80b7 | 81ad fa7f | 0000 41ff | d249 8be4 | 4d33 e448 | 8b45 f8e9 | 0dff ffff 
[/MachCode]


Compiled method (c1)    1804  781       3       java.lang.ClassLoader::loadClass (7 bytes)
 total in heap  [0x000001ff51f5e710,0x000001ff51f5eaf0] = 992
 relocation     [0x000001ff51f5e868,0x000001ff51f5e8a8] = 64
 main code      [0x000001ff51f5e8c0,0x000001ff51f5ea40] = 384
 stub code      [0x000001ff51f5ea40,0x000001ff51f5ea88] = 72
 metadata       [0x000001ff51f5ea88,0x000001ff51f5ea90] = 8
 scopes data    [0x000001ff51f5ea90,0x000001ff51f5eaa8] = 24
 scopes pcs     [0x000001ff51f5eaa8,0x000001ff51f5eae8] = 64
 dependencies   [0x000001ff51f5eae8,0x000001ff51f5eaf0] = 8

[Constant Pool (empty)]

[MachCode]
[Entry Point]
  # {method} {0x000001ff6401d378} 'loadClass' '(Ljava/lang/String;)Ljava/lang/Class;' in 'java/lang/ClassLoader'
  # this:     rdx:rdx   = 'java/lang/ClassLoader'
  # parm0:    r8:r8     = 'java/lang/String'
  #           [sp+0x40]  (sp of caller)
  0x000001ff51f5e8c0: 448b 5208 | 49c1 e203 

  0x000001ff51f5e8c8: ;   {runtime_call ic_miss_stub}
  0x000001ff51f5e8c8: 4c3b d00f | 85af 2444 | 0766 6666 | 0f1f 8400 | 0000 0000 | 6666 6690 
[Verified Entry Point]
  0x000001ff51f5e8e0: 8984 2400 | 90ff ff55 | 4883 ec30 

  0x000001ff51f5e8ec: ;   {metadata(method data for {method} {0x000001ff6401d378} 'loadClass' '(Ljava/lang/String;)Ljava/lang/Class;' in 'java/lang/ClassLoader')}
  0x000001ff51f5e8ec: 49b9 c888 | 9664 ff01 | 0000 418b | b1cc 0000 | 0083 c602 | 4189 b1cc | 0000 0081 | e6fe 0700 
  0x000001ff51f5e90c: 0083 fe00 | 0f84 b900 | 0000 4c8b 

  0x000001ff51f5e918: ;   {metadata(method data for {method} {0x000001ff6401d378} 'loadClass' '(Ljava/lang/String;)Ljava/lang/Class;' in 'java/lang/ClassLoader')}
  0x000001ff51f5e918: ca48 bec8 | 8896 64ff | 0100 0045 | 8b49 0849 | c1e1 034c | 3b8e 2001 | 0000 750d | 4883 8628 
  0x000001ff51f5e938: 0100 0001 | e966 0000 | 004c 3b8e | 3001 0000 | 750d 4883 | 8638 0100 | 0001 e950 | 0000 0048 
  0x000001ff51f5e958: 81be 2001 | 0000 0000 | 0000 7517 | 4c89 8e20 | 0100 0048 | c786 2801 | 0000 0100 | 0000 e92c 
  0x000001ff51f5e978: 0000 0048 | 81be 3001 | 0000 0000 | 0000 7517 | 4c89 8e30 | 0100 0048 | c786 3801 | 0000 0100 
  0x000001ff51f5e998: 0000 e908 | 0000 0048 | 8386 1001 | 0000 0141 | b900 0000 | 0048 b8ff | ffff ffff 

  0x000001ff51f5e9b4: ;   {virtual_call}
  0x000001ff51f5e9b4: ffff ffe8 

  0x000001ff51f5e9b8: ; ImmutableOopMap {}
                      ;*invokevirtual loadClass {reexecute=0 rethrow=0 return_oop=0}
                      ; - java.lang.ClassLoader::loadClass@3
  0x000001ff51f5e9b8: e4fd 4307 | 4883 c430 

  0x000001ff51f5e9c0: ;   {poll_return}
  0x000001ff51f5e9c0: 5d49 3ba7 | 5003 0000 | 0f87 2200 

  0x000001ff51f5e9cc: ;   {metadata({method} {0x000001ff6401d378} 'loadClass' '(Ljava/lang/String;)Ljava/lang/Class;' in 'java/lang/ClassLoader')}
  0x000001ff51f5e9cc: 0000 c349 | ba70 d301 | 64ff 0100 | 004c 8954 | 2408 48c7 | 0424 ffff 

  0x000001ff51f5e9e4: ;   {runtime_call counter_overflow Runtime1 stub}
  0x000001ff51f5e9e4: ffff e895 

  0x000001ff51f5e9e8: ; ImmutableOopMap {rdx=Oop r8=Oop }
                      ;*synchronization entry
                      ; - java.lang.ClassLoader::loadClass@-1
  0x000001ff51f5e9e8: 9e4e 07e9 | 26ff ffff 

  0x000001ff51f5e9f0: ;   {internal_word}
  0x000001ff51f5e9f0: 49ba c1e9 | f551 ff01 | 0000 4d89 | 9768 0300 

  0x000001ff51f5ea00: ;   {runtime_call SafepointBlob}
  0x000001ff51f5ea00: 00e9 fa8c | 4407 9090 | 498b 87e0 | 0300 0049 | c787 e003 | 0000 0000 | 0000 49c7 | 87e8 0300 
  0x000001ff51f5ea20: 0000 0000 | 0048 83c4 

  0x000001ff51f5ea28: ;   {runtime_call unwind_exception Runtime1 stub}
  0x000001ff51f5ea28: 305d e951 | 324e 07f4 | f4f4 f4f4 | f4f4 f4f4 | f4f4 f4f4 | f4f4 f4f4 
[Stub Code]
  0x000001ff51f5ea40: ;   {no_reloc}
  0x000001ff51f5ea40: 0f1f 4400 

  0x000001ff51f5ea44: ;   {static_stub}
  0x000001ff51f5ea44: 0048 bb00 | 0000 0000 

  0x000001ff51f5ea4c: ;   {runtime_call}
  0x000001ff51f5ea4c: 0000 00e9 | fbff ffff 
[Exception Handler]
  0x000001ff51f5ea54: ;   {runtime_call handle_exception_from_callee Runtime1 stub}
  0x000001ff51f5ea54: e827 5f4e 

  0x000001ff51f5ea58: ;   {external_word}
  0x000001ff51f5ea58: 0748 b9a0 | e9a5 adfa | 7f00 0048 

  0x000001ff51f5ea64: ;   {runtime_call}
  0x000001ff51f5ea64: 83e4 f049 | ba40 716e | adfa 7f00 | 0041 ffd2 

  0x000001ff51f5ea74: ;   {section_word}
  0x000001ff51f5ea74: f449 ba75 | eaf5 51ff | 0100 0041 

  0x000001ff51f5ea80: ;   {runtime_call DeoptimizationBlob}
  0x000001ff51f5ea80: 52e9 1a7f | 4407 f4f4 
[/MachCode]


---------------  P R O C E S S  ---------------

Threads class SMR info:
_java_thread_list=0x000001ff68c93fa0, length=12, elements={
0x000001ff4f16c160, 0x000001ff6375d740, 0x000001ff637600f0, 0x000001ff68998190,
0x000001ff68998e20, 0x000001ff6899a520, 0x000001ff6899f3c0, 0x000001ff63785950,
0x000001ff63788ac0, 0x000001ff6378ab30, 0x000001ff689fbf10, 0x000001ff68d6c8f0
}

Java Threads: ( => current thread )
=>0x000001ff4f16c160 JavaThread "main" [_thread_in_vm, id=24976, stack(0x000000bdaf400000,0x000000bdaf500000)]
  0x000001ff6375d740 JavaThread "Reference Handler" daemon [_thread_blocked, id=22856, stack(0x000000bdaf700000,0x000000bdaf800000)]
  0x000001ff637600f0 JavaThread "Finalizer" daemon [_thread_blocked, id=6376, stack(0x000000bdaf800000,0x000000bdaf900000)]
  0x000001ff68998190 JavaThread "Signal Dispatcher" daemon [_thread_blocked, id=9804, stack(0x000000bdaf900000,0x000000bdafa00000)]
  0x000001ff68998e20 JavaThread "Attach Listener" daemon [_thread_blocked, id=8400, stack(0x000000bdafa00000,0x000000bdafb00000)]
  0x000001ff6899a520 JavaThread "Service Thread" daemon [_thread_blocked, id=11500, stack(0x000000bdafb00000,0x000000bdafc00000)]
  0x000001ff6899f3c0 JavaThread "Monitor Deflation Thread" daemon [_thread_blocked, id=7588, stack(0x000000bdafc00000,0x000000bdafd00000)]
  0x000001ff63785950 JavaThread "C2 CompilerThread0" daemon [_thread_in_native, id=12416, stack(0x000000bdafd00000,0x000000bdafe00000)]
  0x000001ff63788ac0 JavaThread "C1 CompilerThread0" daemon [_thread_blocked, id=11860, stack(0x000000bdafe00000,0x000000bdaff00000)]
  0x000001ff6378ab30 JavaThread "Sweeper thread" daemon [_thread_blocked, id=18692, stack(0x000000bdaff00000,0x000000bdb0000000)]
  0x000001ff689fbf10 JavaThread "Common-Cleaner" daemon [_thread_blocked, id=21484, stack(0x000000bdb0000000,0x000000bdb0100000)]
  0x000001ff68d6c8f0 JavaThread "Notification Thread" daemon [_thread_blocked, id=12136, stack(0x000000bdb0100000,0x000000bdb0200000)]

Other Threads:
  0x000001ff63747630 VMThread "VM Thread" [stack: 0x000000bdaf600000,0x000000bdaf700000] [id=11028]
  0x000001ff68c7dd80 WatcherThread [stack: 0x000000bdb0200000,0x000000bdb0300000] [id=20564]
  0x000001ff4f17a560 GCTaskThread "GC Thread#0" [stack: 0x000000bdaf500000,0x000000bdaf600000] [id=25476]

Threads with active compile tasks:
C2 CompilerThread0     1825  786   !   4       java.util.jar.Attributes::read (498 bytes)

VM state: not at safepoint (normal execution)

VM Mutex/Monitor currently owned by a thread:  ([mutex/lock_event])
[0x000001ff4f1676f0] Metaspace_lock - owner thread: 0x000001ff4f16c160

Heap address: 0x00000000c0000000, size: 1024 MB, Compressed Oops mode: 32-bit

CDS archive(s) not mapped
Compressed class space mapped at: 0x0000000100000000-0x0000000140000000, reserved size: 1073741824
Narrow klass base: 0x0000000000000000, Narrow klass shift: 3, Narrow klass range: 0x140000000

GC Precious Log:
 CPUs: 4 total, 4 available
 Memory: 8071M
 Large Page Support: Disabled
 NUMA Support: Disabled
 Compressed Oops: Enabled (32-bit)
 Alignments: Space 512K, Generation 512K, Heap 2M
 Heap Min Capacity: 100M
 Heap Initial Capacity: 100M
 Heap Max Capacity: 1G
 Pre-touch: Disabled
 Parallel Workers: 4

Heap:
 PSYoungGen      total 29696K, used 23822K [0x00000000eab00000, 0x00000000ecc00000, 0x0000000100000000)
  eden space 25600K, 93% used [0x00000000eab00000,0x00000000ec243990,0x00000000ec400000)
  from space 4096K, 0% used [0x00000000ec800000,0x00000000ec800000,0x00000000ecc00000)
  to   space 4096K, 0% used [0x00000000ec400000,0x00000000ec400000,0x00000000ec800000)
 ParOldGen       total 68608K, used 0K [0x00000000c0000000, 0x00000000c4300000, 0x00000000eab00000)
  object space 68608K, 0% used [0x00000000c0000000,0x00000000c0000000,0x00000000c4300000)
 Metaspace       used 10502K, committed 10624K, reserved 1114112K
  class space    used 1044K, committed 1152K, reserved 1048576K

Card table byte_map: [0x000001ff61010000,0x000001ff61220000] _byte_map_base: 0x000001ff60a10000

Marking Bits: (ParMarkBitMap*) 0x00007ffaadcd6940
 Begin Bits: [0x000001ff61380000, 0x000001ff62380000)
 End Bits:   [0x000001ff62380000, 0x000001ff63380000)

Polling page: 0x000001ff4f210000

Metaspace:

Usage:
  Non-class:      9.24 MB used.
      Class:      1.02 MB used.
       Both:     10.26 MB used.

Virtual space:
  Non-class space:       64.00 MB reserved,       9.25 MB ( 14%) committed,  1 nodes.
      Class space:        1.00 GB reserved,       1.12 MB ( <1%) committed,  1 nodes.
             Both:        1.06 GB reserved,      10.38 MB ( <1%) committed. 

Chunk freelists:
   Non-Class:  6.42 MB
       Class:  14.72 MB
        Both:  21.14 MB

MaxMetaspaceSize: unlimited
CompressedClassSpaceSize: 1.00 GB
Initial GC threshold: 21.00 MB
Current GC threshold: 21.00 MB
CDS: off
MetaspaceReclaimPolicy: balanced
 - commit_granule_bytes: 65536.
 - commit_granule_words: 8192.
 - virtual_space_node_default_size: 8388608.
 - enlarge_chunks_in_place: 1.
 - new_chunks_are_fully_committed: 0.
 - uncommit_free_chunks: 1.
 - use_allocation_guard: 0.
 - handle_deallocations: 1.


Internal statistics:

num_allocs_failed_limit: 0.
num_arena_births: 16.
num_arena_deaths: 0.
num_vsnodes_births: 2.
num_vsnodes_deaths: 0.
num_space_committed: 166.
num_space_uncommitted: 0.
num_chunks_returned_to_freelist: 0.
num_chunks_taken_from_freelist: 76.
num_chunk_merges: 0.
num_chunk_splits: 51.
num_chunks_enlarged: 44.
num_inconsistent_stats: 0.

CodeHeap 'non-profiled nmethods': size=120000Kb used=336Kb max_used=336Kb free=119663Kb
 bounds [0x000001ff598f0000, 0x000001ff59b60000, 0x000001ff60e20000]
CodeHeap 'profiled nmethods': size=120000Kb used=1427Kb max_used=1427Kb free=118572Kb
 bounds [0x000001ff51e20000, 0x000001ff52090000, 0x000001ff59350000]
CodeHeap 'non-nmethods': size=5760Kb used=1138Kb max_used=1156Kb free=4621Kb
 bounds [0x000001ff59350000, 0x000001ff595c0000, 0x000001ff598f0000]
 total_blobs=1287 nmethods=858 adapters=344
 compilation: enabled
              stopped_count=0, restarted_count=0
 full_count=0

Compilation events (20 events):
Event: 1.627 Thread 0x000001ff63788ac0 nmethod 853 0x000001ff51f79790 code [0x000001ff51f79980, 0x000001ff51f79df8]
Event: 1.627 Thread 0x000001ff63788ac0  854       1       jdk.internal.event.SecurityProviderServiceEvent::isEnabled (2 bytes)
Event: 1.627 Thread 0x000001ff63788ac0 nmethod 854 0x000001ff59943d10 code [0x000001ff59943ea0, 0x000001ff59943f78]
Event: 1.628 Thread 0x000001ff63788ac0  855       3       java.lang.System$2::findBootstrapClassOrNull (5 bytes)
Event: 1.628 Thread 0x000001ff63788ac0 nmethod 855 0x000001ff51f79f90 code [0x000001ff51f7a140, 0x000001ff51f7a358]
Event: 1.628 Thread 0x000001ff63788ac0  856       3       java.lang.ClassLoader::findBootstrapClassOrNull (14 bytes)
Event: 1.628 Thread 0x000001ff63788ac0 nmethod 856 0x000001ff51f7a490 code [0x000001ff51f7a640, 0x000001ff51f7a7f8]
Event: 1.633 Thread 0x000001ff63788ac0  857       3       jdk.internal.loader.ClassLoaders$BootClassLoader::loadClassOrNull (10 bytes)
Event: 1.633 Thread 0x000001ff63788ac0 nmethod 857 0x000001ff51f7a890 code [0x000001ff51f7aa60, 0x000001ff51f7acf8]
Event: 1.633 Thread 0x000001ff63788ac0  858       3       java.io.RandomAccessFile::read (8 bytes)
Event: 1.633 Thread 0x000001ff63788ac0 nmethod 858 0x000001ff51f7ae10 code [0x000001ff51f7afa0, 0x000001ff51f7b0e8]
Event: 1.637 Thread 0x000001ff63788ac0  859       3       java.lang.StringConcatHelper::initialCoder (14 bytes)
Event: 1.637 Thread 0x000001ff63788ac0 nmethod 859 0x000001ff51f7b190 code [0x000001ff51f7b320, 0x000001ff51f7b438]
Event: 1.638 Thread 0x000001ff63788ac0  860       3       java.lang.String::concat (15 bytes)
Event: 1.641 Thread 0x000001ff63788ac0 nmethod 860 0x000001ff51f7b490 code [0x000001ff51f7b7e0, 0x000001ff51f7cc68]
Event: 1.641 Thread 0x000001ff63788ac0  861       3       java.lang.StringConcatHelper::simpleConcat (94 bytes)
Event: 1.643 Thread 0x000001ff63788ac0 nmethod 861 0x000001ff51f7d410 code [0x000001ff51f7d740, 0x000001ff51f7eb48]
Event: 1.643 Thread 0x000001ff63788ac0  862       1       java.lang.NamedPackage::module (5 bytes)
Event: 1.643 Thread 0x000001ff63788ac0 nmethod 862 0x000001ff59944010 code [0x000001ff599441a0, 0x000001ff59944278]
Event: 1.644 Thread 0x000001ff63788ac0  863   !   3       java.net.URL::<init> (543 bytes)

GC Heap History (0 events):
No events

Dll operation events (8 events):
Event: 0.012 Loaded shared library c:\Users\HP\.vscode\extensions\redhat.java-1.38.0-win32-x64\jre\17.0.13-win32-x86_64\bin\java.dll
Event: 0.262 Loaded shared library c:\Users\HP\.vscode\extensions\redhat.java-1.38.0-win32-x64\jre\17.0.13-win32-x86_64\bin\zip.dll
Event: 0.267 Loaded shared library C:\Users\HP\.vscode\extensions\redhat.java-1.38.0-win32-x64\jre\17.0.13-win32-x86_64\bin\instrument.dll
Event: 0.299 Loaded shared library C:\Users\HP\.vscode\extensions\redhat.java-1.38.0-win32-x64\jre\17.0.13-win32-x86_64\bin\net.dll
Event: 0.310 Loaded shared library C:\Users\HP\.vscode\extensions\redhat.java-1.38.0-win32-x64\jre\17.0.13-win32-x86_64\bin\nio.dll
Event: 0.327 Loaded shared library C:\Users\HP\.vscode\extensions\redhat.java-1.38.0-win32-x64\jre\17.0.13-win32-x86_64\bin\zip.dll
Event: 0.361 Loaded shared library C:\Users\HP\.vscode\extensions\redhat.java-1.38.0-win32-x64\jre\17.0.13-win32-x86_64\bin\jimage.dll
Event: 0.461 Loaded shared library c:\Users\HP\.vscode\extensions\redhat.java-1.38.0-win32-x64\jre\17.0.13-win32-x86_64\bin\verify.dll

Deoptimization events (20 events):
Event: 1.547 Thread 0x000001ff4f16c160 Uncommon trap: trap_request=0xffffffde fr.pc=0x000001ff5993f9f4 relative=0x0000000000000ab4
Event: 1.547 Thread 0x000001ff4f16c160 Uncommon trap: reason=class_check action=maybe_recompile pc=0x000001ff5993f9f4 method=java.util.HashMap.putVal(ILjava/lang/Object;Ljava/lang/Object;ZZ)Ljava/lang/Object; @ 203 c2
Event: 1.547 Thread 0x000001ff4f16c160 DEOPT PACKING pc=0x000001ff5993f9f4 sp=0x000000bdaf4fdb50
Event: 1.547 Thread 0x000001ff4f16c160 DEOPT UNPACKING pc=0x000001ff593a66a3 sp=0x000000bdaf4fdad0 mode 2
Event: 1.548 Thread 0x000001ff4f16c160 Uncommon trap: trap_request=0xffffffde fr.pc=0x000001ff5993f9f4 relative=0x0000000000000ab4
Event: 1.548 Thread 0x000001ff4f16c160 Uncommon trap: reason=class_check action=maybe_recompile pc=0x000001ff5993f9f4 method=java.util.HashMap.putVal(ILjava/lang/Object;Ljava/lang/Object;ZZ)Ljava/lang/Object; @ 203 c2
Event: 1.548 Thread 0x000001ff4f16c160 DEOPT PACKING pc=0x000001ff5993f9f4 sp=0x000000bdaf4fdb50
Event: 1.548 Thread 0x000001ff4f16c160 DEOPT UNPACKING pc=0x000001ff593a66a3 sp=0x000000bdaf4fdad0 mode 2
Event: 1.548 Thread 0x000001ff4f16c160 Uncommon trap: trap_request=0xffffffde fr.pc=0x000001ff5993f9f4 relative=0x0000000000000ab4
Event: 1.548 Thread 0x000001ff4f16c160 Uncommon trap: reason=class_check action=maybe_recompile pc=0x000001ff5993f9f4 method=java.util.HashMap.putVal(ILjava/lang/Object;Ljava/lang/Object;ZZ)Ljava/lang/Object; @ 203 c2
Event: 1.548 Thread 0x000001ff4f16c160 DEOPT PACKING pc=0x000001ff5993f9f4 sp=0x000000bdaf4fdb50
Event: 1.548 Thread 0x000001ff4f16c160 DEOPT UNPACKING pc=0x000001ff593a66a3 sp=0x000000bdaf4fdad0 mode 2
Event: 1.590 Thread 0x000001ff4f16c160 Uncommon trap: trap_request=0xffffffc6 fr.pc=0x000001ff5991d360 relative=0x00000000000002c0
Event: 1.590 Thread 0x000001ff4f16c160 Uncommon trap: reason=bimorphic_or_optimized_type_check action=maybe_recompile pc=0x000001ff5991d360 method=java.util.Collections$UnmodifiableCollection$1.next()Ljava/lang/Object; @ 4 c2
Event: 1.590 Thread 0x000001ff4f16c160 DEOPT PACKING pc=0x000001ff5991d360 sp=0x000000bdaf4fe430
Event: 1.590 Thread 0x000001ff4f16c160 DEOPT UNPACKING pc=0x000001ff593a66a3 sp=0x000000bdaf4fe3e0 mode 2
Event: 1.590 Thread 0x000001ff4f16c160 Uncommon trap: trap_request=0xffffffc6 fr.pc=0x000001ff5991d360 relative=0x00000000000002c0
Event: 1.590 Thread 0x000001ff4f16c160 Uncommon trap: reason=bimorphic_or_optimized_type_check action=maybe_recompile pc=0x000001ff5991d360 method=java.util.Collections$UnmodifiableCollection$1.next()Ljava/lang/Object; @ 4 c2
Event: 1.590 Thread 0x000001ff4f16c160 DEOPT PACKING pc=0x000001ff5991d360 sp=0x000000bdaf4fe430
Event: 1.590 Thread 0x000001ff4f16c160 DEOPT UNPACKING pc=0x000001ff593a66a3 sp=0x000000bdaf4fe3e0 mode 2

Classes loaded (20 events):
Event: 1.565 Loading class java/lang/invoke/VarHandleInts$FieldInstanceReadOnly done
Event: 1.565 Loading class java/lang/invoke/VarHandleInts$FieldInstanceReadWrite done
Event: 1.582 Loading class java/nio/file/FileVisitor
Event: 1.582 Loading class java/nio/file/FileVisitor done
Event: 1.608 Loading class java/io/StringWriter
Event: 1.608 Loading class java/io/StringWriter done
Event: 1.625 Loading class java/util/concurrent/locks/ReentrantReadWriteLock
Event: 1.625 Loading class java/util/concurrent/locks/ReadWriteLock
Event: 1.625 Loading class java/util/concurrent/locks/ReadWriteLock done
Event: 1.626 Loading class java/util/concurrent/locks/ReentrantReadWriteLock done
Event: 1.626 Loading class java/util/concurrent/locks/ReentrantReadWriteLock$NonfairSync
Event: 1.626 Loading class java/util/concurrent/locks/ReentrantReadWriteLock$Sync
Event: 1.626 Loading class java/util/concurrent/locks/ReentrantReadWriteLock$Sync done
Event: 1.626 Loading class java/util/concurrent/locks/ReentrantReadWriteLock$NonfairSync done
Event: 1.626 Loading class java/util/concurrent/locks/ReentrantReadWriteLock$Sync$ThreadLocalHoldCounter
Event: 1.626 Loading class java/util/concurrent/locks/ReentrantReadWriteLock$Sync$ThreadLocalHoldCounter done
Event: 1.626 Loading class java/util/concurrent/locks/ReentrantReadWriteLock$ReadLock
Event: 1.626 Loading class java/util/concurrent/locks/ReentrantReadWriteLock$ReadLock done
Event: 1.626 Loading class java/util/concurrent/locks/ReentrantReadWriteLock$WriteLock
Event: 1.626 Loading class java/util/concurrent/locks/ReentrantReadWriteLock$WriteLock done

Classes unloaded (0 events):
No events

Classes redefined (0 events):
No events

Internal exceptions (13 events):
Event: 0.198 Thread 0x000001ff4f16c160 Exception <a 'java/lang/NoSuchMethodError'{0x00000000eacb4c58}: 'void java.lang.invoke.DirectMethodHandle$Holder.invokeStatic(java.lang.Object, java.lang.Object, java.lang.Object)'> (0x00000000eacb4c58) 
thrown [s\src\hotspot\share\interpreter\linkResolver.cpp, line 759]
Event: 0.491 Thread 0x000001ff4f16c160 Exception <a 'java/lang/reflect/InvocationTargetException'{0x00000000eafe6350}> (0x00000000eafe6350) 
thrown [s\src\hotspot\share\runtime\reflection.cpp, line 1128]
Event: 1.172 Thread 0x000001ff4f16c160 Exception <a 'java/lang/ClassNotFoundException'{0x00000000eb880188}: sun/net/www/protocol/c/Handler> (0x00000000eb880188) 
thrown [s\src\hotspot\share\classfile\systemDictionary.cpp, line 256]
Event: 1.181 Thread 0x000001ff4f16c160 Exception <a 'java/io/FileNotFoundException'{0x00000000eb897d70}> (0x00000000eb897d70) 
thrown [s\src\hotspot\share\prims\jni.cpp, line 516]
Event: 1.181 Thread 0x000001ff4f16c160 Exception <a 'java/io/FileNotFoundException'{0x00000000eb898a50}> (0x00000000eb898a50) 
thrown [s\src\hotspot\share\prims\jni.cpp, line 516]
Event: 1.182 Thread 0x000001ff4f16c160 Exception <a 'java/io/FileNotFoundException'{0x00000000eb899710}> (0x00000000eb899710) 
thrown [s\src\hotspot\share\prims\jni.cpp, line 516]
Event: 1.182 Thread 0x000001ff4f16c160 Exception <a 'java/io/FileNotFoundException'{0x00000000eb89a3c8}> (0x00000000eb89a3c8) 
thrown [s\src\hotspot\share\prims\jni.cpp, line 516]
Event: 1.191 Thread 0x000001ff4f16c160 Implicit null exception at 0x000001ff59916672 to 0x000001ff59916bc0
Event: 1.195 Thread 0x000001ff4f16c160 Exception <a 'java/io/FileNotFoundException'{0x00000000eb8d4f00}> (0x00000000eb8d4f00) 
thrown [s\src\hotspot\share\prims\jni.cpp, line 516]
Event: 1.576 Thread 0x000001ff4f16c160 Exception <a 'java/lang/ClassNotFoundException'{0x00000000ec118040}: sun/net/www/protocol/c/Handler> (0x00000000ec118040) 
thrown [s\src\hotspot\share\classfile\systemDictionary.cpp, line 256]
Event: 1.576 Thread 0x000001ff4f16c160 Exception <a 'java/lang/ClassNotFoundException'{0x00000000ec1193b0}: sun/net/www/protocol/c/Handler> (0x00000000ec1193b0) 
thrown [s\src\hotspot\share\classfile\systemDictionary.cpp, line 256]
Event: 1.577 Thread 0x000001ff4f16c160 Exception <a 'java/lang/ClassNotFoundException'{0x00000000ec11a578}: sun/net/www/protocol/c/Handler> (0x00000000ec11a578) 
thrown [s\src\hotspot\share\classfile\systemDictionary.cpp, line 256]
Event: 1.589 Thread 0x000001ff4f16c160 Exception <a 'java/io/FileNotFoundException'{0x00000000ec13da68}> (0x00000000ec13da68) 
thrown [s\src\hotspot\share\prims\jni.cpp, line 516]

VM Operations (12 events):
Event: 0.209 Executing VM operation: HandshakeAllThreads
Event: 0.209 Executing VM operation: HandshakeAllThreads done
Event: 0.393 Executing VM operation: HandshakeAllThreads
Event: 0.393 Executing VM operation: HandshakeAllThreads done
Event: 1.126 Executing VM operation: HandshakeAllThreads
Event: 1.126 Executing VM operation: HandshakeAllThreads done
Event: 1.126 Executing VM operation: Cleanup
Event: 1.126 Executing VM operation: Cleanup done
Event: 1.156 Executing VM operation: HandshakeAllThreads
Event: 1.156 Executing VM operation: HandshakeAllThreads done
Event: 1.542 Executing VM operation: HandshakeAllThreads
Event: 1.542 Executing VM operation: HandshakeAllThreads done

Memory protections (0 events):
No events

Nmethod flushes (0 events):
No events

Events (12 events):
Event: 0.040 Thread 0x000001ff4f16c160 Thread added: 0x000001ff4f16c160
Event: 0.051 Thread 0x000001ff4f16c160 Thread added: 0x000001ff6375d740
Event: 0.051 Thread 0x000001ff4f16c160 Thread added: 0x000001ff637600f0
Event: 0.069 Thread 0x000001ff4f16c160 Thread added: 0x000001ff68998190
Event: 0.069 Thread 0x000001ff4f16c160 Thread added: 0x000001ff68998e20
Event: 0.069 Thread 0x000001ff4f16c160 Thread added: 0x000001ff6899a520
Event: 0.069 Thread 0x000001ff4f16c160 Thread added: 0x000001ff6899f3c0
Event: 0.069 Thread 0x000001ff4f16c160 Thread added: 0x000001ff63785950
Event: 0.070 Thread 0x000001ff4f16c160 Thread added: 0x000001ff63788ac0
Event: 0.070 Thread 0x000001ff4f16c160 Thread added: 0x000001ff6378ab30
Event: 0.163 Thread 0x000001ff4f16c160 Thread added: 0x000001ff689fbf10
Event: 0.648 Thread 0x000001ff4f16c160 Thread added: 0x000001ff68d6c8f0


Dynamic libraries:
0x00007ff6610f0000 - 0x00007ff6610fe000 	c:\Users\HP\.vscode\extensions\redhat.java-1.38.0-win32-x64\jre\17.0.13-win32-x86_64\bin\java.exe
0x00007ffb5c670000 - 0x00007ffb5c868000 	C:\WINDOWS\SYSTEM32\ntdll.dll
0x00007ffb5a840000 - 0x00007ffb5a902000 	C:\WINDOWS\System32\KERNEL32.DLL
0x00007ffb59d10000 - 0x00007ffb5a00e000 	C:\WINDOWS\System32\KERNELBASE.dll
0x00007ffb5a480000 - 0x00007ffb5a580000 	C:\WINDOWS\System32\ucrtbase.dll
0x00007ffb280b0000 - 0x00007ffb280c7000 	c:\Users\HP\.vscode\extensions\redhat.java-1.38.0-win32-x64\jre\17.0.13-win32-x86_64\bin\jli.dll
0x00007ffb5b4f0000 - 0x00007ffb5b68d000 	C:\WINDOWS\System32\USER32.dll
0x00007ffb5a450000 - 0x00007ffb5a472000 	C:\WINDOWS\System32\win32u.dll
0x00007ffb5c1c0000 - 0x00007ffb5c1eb000 	C:\WINDOWS\System32\GDI32.dll
0x00007ffb5a300000 - 0x00007ffb5a417000 	C:\WINDOWS\System32\gdi32full.dll
0x00007ffb5a580000 - 0x00007ffb5a61d000 	C:\WINDOWS\System32\msvcp_win.dll
0x00007ffb27f60000 - 0x00007ffb27f7e000 	c:\Users\HP\.vscode\extensions\redhat.java-1.38.0-win32-x64\jre\17.0.13-win32-x86_64\bin\VCRUNTIME140.dll
0x00007ffb44000000 - 0x00007ffb4429a000 	C:\WINDOWS\WinSxS\amd64_microsoft.windows.common-controls_6595b64144ccf1df_6.0.19041.4355_none_60b8b9eb71f62e16\COMCTL32.dll
0x00007ffb5c300000 - 0x00007ffb5c39e000 	C:\WINDOWS\System32\msvcrt.dll
0x00007ffb5c190000 - 0x00007ffb5c1bf000 	C:\WINDOWS\System32\IMM32.DLL
0x0000000057e30000 - 0x0000000057e3c000 	C:\Program Files (x86)\360\Total Security\safemon\SafeWrapper.dll
0x00007ffb5b7d0000 - 0x00007ffb5b881000 	C:\WINDOWS\System32\ADVAPI32.dll
0x00007ffb5b890000 - 0x00007ffb5b92f000 	C:\WINDOWS\System32\sechost.dll
0x00007ffb5c470000 - 0x00007ffb5c593000 	C:\WINDOWS\System32\RPCRT4.dll
0x00007ffb5a420000 - 0x00007ffb5a447000 	C:\WINDOWS\System32\bcrypt.dll
0x00007ffb1b930000 - 0x00007ffb1b9dc000 	C:\Program Files (x86)\360\Total Security\safemon\libzdtp64.dll
0x00007ffb5b940000 - 0x00007ffb5c0ad000 	C:\WINDOWS\System32\SHELL32.dll
0x00007ffb5c5c0000 - 0x00007ffb5c615000 	C:\WINDOWS\System32\SHLWAPI.dll
0x00007ffb597a0000 - 0x00007ffb597aa000 	C:\WINDOWS\SYSTEM32\VERSION.dll
0x00007ffb32430000 - 0x00007ffb3243c000 	c:\Users\HP\.vscode\extensions\redhat.java-1.38.0-win32-x64\jre\17.0.13-win32-x86_64\bin\vcruntime140_1.dll
0x00007ffadc640000 - 0x00007ffadc6cd000 	c:\Users\HP\.vscode\extensions\redhat.java-1.38.0-win32-x64\jre\17.0.13-win32-x86_64\bin\msvcp140.dll
0x00007ffaad130000 - 0x00007ffaadd9b000 	c:\Users\HP\.vscode\extensions\redhat.java-1.38.0-win32-x64\jre\17.0.13-win32-x86_64\bin\server\jvm.dll
0x00007ffb5ab30000 - 0x00007ffb5ab9b000 	C:\WINDOWS\System32\WS2_32.dll
0x00007ffb59b70000 - 0x00007ffb59bbb000 	C:\WINDOWS\SYSTEM32\POWRPROF.dll
0x00007ffb3f6a0000 - 0x00007ffb3f6c7000 	C:\WINDOWS\SYSTEM32\WINMM.dll
0x00007ffb59b50000 - 0x00007ffb59b62000 	C:\WINDOWS\SYSTEM32\UMPDC.dll
0x00007ffb58510000 - 0x00007ffb58522000 	C:\WINDOWS\SYSTEM32\kernel.appcore.dll
0x00007ffb2f110000 - 0x00007ffb2f11a000 	c:\Users\HP\.vscode\extensions\redhat.java-1.38.0-win32-x64\jre\17.0.13-win32-x86_64\bin\jimage.dll
0x00007ffb582a0000 - 0x00007ffb58484000 	C:\WINDOWS\SYSTEM32\DBGHELP.DLL
0x00007ffb381d0000 - 0x00007ffb38204000 	C:\WINDOWS\SYSTEM32\dbgcore.DLL
0x00007ffb5a010000 - 0x00007ffb5a092000 	C:\WINDOWS\System32\bcryptPrimitives.dll
0x00007ffb2eb80000 - 0x00007ffb2eb8e000 	c:\Users\HP\.vscode\extensions\redhat.java-1.38.0-win32-x64\jre\17.0.13-win32-x86_64\bin\instrument.dll
0x00007ffae0270000 - 0x00007ffae0295000 	c:\Users\HP\.vscode\extensions\redhat.java-1.38.0-win32-x64\jre\17.0.13-win32-x86_64\bin\java.dll
0x00007ffb1e9c0000 - 0x00007ffb1e9d8000 	c:\Users\HP\.vscode\extensions\redhat.java-1.38.0-win32-x64\jre\17.0.13-win32-x86_64\bin\zip.dll
0x00007ffb57a30000 - 0x00007ffb581d4000 	C:\WINDOWS\SYSTEM32\windows.storage.dll
0x00007ffb5aba0000 - 0x00007ffb5aef3000 	C:\WINDOWS\System32\combase.dll
0x00007ffb59600000 - 0x00007ffb5962e000 	C:\WINDOWS\SYSTEM32\Wldp.dll
0x00007ffb5c3a0000 - 0x00007ffb5c46d000 	C:\WINDOWS\System32\OLEAUT32.dll
0x00007ffb5a910000 - 0x00007ffb5a9bd000 	C:\WINDOWS\System32\SHCORE.dll
0x00007ffb59c40000 - 0x00007ffb59c64000 	C:\WINDOWS\SYSTEM32\profapi.dll
0x00007ffb16e10000 - 0x00007ffb16e29000 	C:\Users\HP\.vscode\extensions\redhat.java-1.38.0-win32-x64\jre\17.0.13-win32-x86_64\bin\net.dll
0x00007ffb4d450000 - 0x00007ffb4d55d000 	C:\WINDOWS\SYSTEM32\WINHTTP.dll
0x00007ffb59360000 - 0x00007ffb593ca000 	C:\WINDOWS\system32\mswsock.dll
0x00007ffae2dd0000 - 0x00007ffae2de6000 	C:\Users\HP\.vscode\extensions\redhat.java-1.38.0-win32-x64\jre\17.0.13-win32-x86_64\bin\nio.dll
0x00007ffb27a80000 - 0x00007ffb27a90000 	c:\Users\HP\.vscode\extensions\redhat.java-1.38.0-win32-x64\jre\17.0.13-win32-x86_64\bin\verify.dll

dbghelp: loaded successfully - version: 4.0.5 - missing functions: none
symbol engine: initialized successfully - sym options: 0x614 - pdb path: .;c:\Users\HP\.vscode\extensions\redhat.java-1.38.0-win32-x64\jre\17.0.13-win32-x86_64\bin;C:\WINDOWS\SYSTEM32;C:\WINDOWS\WinSxS\amd64_microsoft.windows.common-controls_6595b64144ccf1df_6.0.19041.4355_none_60b8b9eb71f62e16;C:\Program Files (x86)\360\Total Security\safemon;c:\Users\HP\.vscode\extensions\redhat.java-1.38.0-win32-x64\jre\17.0.13-win32-x86_64\bin\server

VM Arguments:
jvm_args: --add-modules=ALL-SYSTEM --add-opens=java.base/java.util=ALL-UNNAMED --add-opens=java.base/java.lang=ALL-UNNAMED --add-opens=java.base/sun.nio.fs=ALL-UNNAMED -Declipse.application=org.eclipse.jdt.ls.core.id1 -Dosgi.bundles.defaultStartLevel=4 -Declipse.product=org.eclipse.jdt.ls.core.product -Djava.import.generatesMetadataFilesAtProjectRoot=false -DDetectVMInstallationsJob.disabled=true -Dfile.encoding=utf8 -XX:+UseParallelGC -XX:GCTimeRatio=4 -XX:AdaptiveSizePolicyWeight=90 -Dsun.zip.disableMemoryMapping=true -Xmx1G -Xms100m -Xlog:disable -javaagent:c:\Users\HP\.vscode\extensions\redhat.java-1.38.0-win32-x64\lombok\lombok-1.18.34.jar 
java_command: c:\Users\HP\.vscode\extensions\redhat.java-1.38.0-win32-x64\server\plugins\org.eclipse.equinox.launcher_1.6.900.v20240613-2009.jar -configuration c:\Users\HP\AppData\Roaming\Code\User\globalStorage\redhat.java\1.38.0\config_ss_win -data c:\Users\HP\AppData\Roaming\Code\User\workspaceStorage\95766eaade6a7466387557eabee0eaaf\redhat.java\ss_ws --pipe=\\.\pipe\lsp-98ec74c86eee17d0f0c63d2c99150f30-sock
java_class_path (initial): c:\Users\HP\.vscode\extensions\redhat.java-1.38.0-win32-x64\server\plugins\org.eclipse.equinox.launcher_1.6.900.v20240613-2009.jar
Launcher Type: SUN_STANDARD

[Global flags]
    uintx AdaptiveSizePolicyWeight                 = 90                                        {product} {command line}
     intx CICompilerCount                          = 3                                         {product} {ergonomic}
    uintx GCTimeRatio                              = 4                                         {product} {command line}
   size_t InitialHeapSize                          = 104857600                                 {product} {command line}
   size_t MaxHeapSize                              = 1073741824                                {product} {command line}
   size_t MaxNewSize                               = 357564416                                 {product} {ergonomic}
   size_t MinHeapDeltaBytes                        = 524288                                    {product} {ergonomic}
   size_t MinHeapSize                              = 104857600                                 {product} {command line}
   size_t NewSize                                  = 34603008                                  {product} {ergonomic}
    uintx NonNMethodCodeHeapSize                   = 5832780                                {pd product} {ergonomic}
    uintx NonProfiledCodeHeapSize                  = 122912730                              {pd product} {ergonomic}
   size_t OldSize                                  = 70254592                                  {product} {ergonomic}
    uintx ProfiledCodeHeapSize                     = 122912730                              {pd product} {ergonomic}
    uintx ReservedCodeCacheSize                    = 251658240                              {pd product} {ergonomic}
     bool SegmentedCodeCache                       = true                                      {product} {ergonomic}
   size_t SoftMaxHeapSize                          = 1073741824                             {manageable} {ergonomic}
     bool UseCompressedClassPointers               = true                           {product lp64_product} {ergonomic}
     bool UseCompressedOops                        = true                           {product lp64_product} {ergonomic}
     bool UseLargePagesIndividualAllocation        = false                                  {pd product} {ergonomic}
     bool UseParallelGC                            = true                                      {product} {command line}

Logging:
Log output configuration:
 #0: stdout all=off uptime,level,tags
 #1: stderr all=off uptime,level,tags

Environment Variables:
PATH=C:\Program Files\Common Files\Oracle\Java\javapath;C:\WINDOWS\system32;C:\WINDOWS;C:\WINDOWS\System32\Wbem;C:\WINDOWS\System32\WindowsPowerShell\v1.0\;C:\WINDOWS\System32\OpenSSH\;C:\Program Files\Git\cmd;C:\Users\HP\AppData\Local\Microsoft\WindowsApps;C:\Users\HP\AppData\Local\Programs\Microsoft VS Code\bin
USERNAME=HP
OS=Windows_NT
PROCESSOR_IDENTIFIER=Intel64 Family 6 Model 78 Stepping 3, GenuineIntel
TMP=C:\Users\HP\AppData\Local\Temp
TEMP=C:\Users\HP\AppData\Local\Temp



Periodic native trim disabled


---------------  S Y S T E M  ---------------

OS:
 Windows 10 , 64 bit Build 19041 (10.0.19041.5198)
OS uptime: 2 days 10:31 hours

CPU: total 4 (initial active 4) (2 cores per cpu, 2 threads per core) family 6 model 78 stepping 3 microcode 0xf0, cx8, cmov, fxsr, ht, mmx, 3dnowpref, sse, sse2, sse3, ssse3, sse4.1, sse4.2, popcnt, lzcnt, tsc, tscinvbit, avx, avx2, aes, erms, clmul, bmi1, bmi2, rtm, adx, fma, vzeroupper, clflush, clflushopt
Processor Information for all 4 processors :
  Max Mhz: 2496, Current Mhz: 2396, Mhz Limit: 2396

Memory: 4k page, system-wide physical 8071M (326M free)
TotalPageFile size 21024M (AvailPageFile size 0M)
current process WorkingSet (physical memory assigned to process): 68M, peak: 68M
current process commit charge ("private bytes"): 184M, peak: 184M

vm_info: OpenJDK 64-Bit Server VM (17.0.13+11) for windows-amd64 JRE (17.0.13+11), built on Oct 16 2024 00:10:08 by "admin" with MS VC++ 17.7 (VS2022)

END.
