#
# There is insufficient memory for the Java Runtime Environment to continue.
# Native memory allocation (malloc) failed to allocate 2066960 bytes. Error detail: Chunk::new
# Possible reasons:
#   The system is out of physical RAM or swap space
#   This process is running with CompressedOops enabled, and the Java Heap may be blocking the growth of the native heap
# Possible solutions:
#   Reduce memory load on the system
#   Increase physical memory or swap space
#   Check if swap backing store is full
#   Decrease Java heap size (-Xmx/-Xms)
#   Decrease number of Java threads
#   Decrease Java thread stack sizes (-Xss)
#   Set larger code cache with -XX:ReservedCodeCacheSize=
#   JVM is running with Unscaled Compressed Oops mode in which the Java heap is
#     placed in the first 4GB address space. The Java Heap base address is the
#     maximum limit for the native heap growth. Please use -XX:HeapBaseMinAddress
#     to set the Java Heap base and to place the Java Heap above 4GB virtual address.
# This output file may be truncated or incomplete.
#
#  Out of Memory Error (arena.cpp:191), pid=25300, tid=22972
#
# JRE version: OpenJDK Runtime Environment Temurin-17.0.13+11 (17.0.13+11) (build 17.0.13+11)
# Java VM: OpenJDK 64-Bit Server VM Temurin-17.0.13+11 (17.0.13+11, mixed mode, tiered, compressed oops, compressed class ptrs, parallel gc, windows-amd64)
# No core dump will be written. Minidumps are not enabled by default on client versions of Windows
#

---------------  S U M M A R Y ------------

Command Line: --add-modules=ALL-SYSTEM --add-opens=java.base/java.util=ALL-UNNAMED --add-opens=java.base/java.lang=ALL-UNNAMED --add-opens=java.base/sun.nio.fs=ALL-UNNAMED -Declipse.application=org.eclipse.jdt.ls.core.id1 -Dosgi.bundles.defaultStartLevel=4 -Declipse.product=org.eclipse.jdt.ls.core.product -Djava.import.generatesMetadataFilesAtProjectRoot=false -DDetectVMInstallationsJob.disabled=true -Dfile.encoding=utf8 -XX:+UseParallelGC -XX:GCTimeRatio=4 -XX:AdaptiveSizePolicyWeight=90 -Dsun.zip.disableMemoryMapping=true -Xmx1G -Xms100m -Xlog:disable -javaagent:c:\Users\HP\.vscode\extensions\redhat.java-1.38.0-win32-x64\lombok\lombok-1.18.34.jar -XX:+HeapDumpOnOutOfMemoryError -XX:HeapDumpPath=c:\Users\HP\AppData\Roaming\Code\User\workspaceStorage\95766eaade6a7466387557eabee0eaaf\redhat.java -Daether.dependencyCollector.impl=bf c:\Users\HP\.vscode\extensions\redhat.java-1.38.0-win32-x64\server\plugins\org.eclipse.equinox.launcher_1.6.900.v20240613-2009.jar -configuration c:\Users\HP\AppData\Roaming\Code\User\globalStorage\redhat.java\1.38.0\config_win -data c:\Users\HP\AppData\Roaming\Code\User\workspaceStorage\95766eaade6a7466387557eabee0eaaf\redhat.java\jdt_ws --pipe=\\.\pipe\lsp-30298b0e533daf164b2c7fc1c878374d-sock

Host: Intel(R) Core(TM) i5-6300U CPU @ 2.40GHz, 4 cores, 7G,  Windows 10 , 64 bit Build 19041 (10.0.19041.5198)
Time: Fri Dec 27 00:59:58 2024 W. Central Africa Standard Time elapsed time: 12.942086 seconds (0d 0h 0m 12s)

---------------  T H R E A D  ---------------

Current thread (0x000001c776d62ca0):  JavaThread "C2 CompilerThread0" daemon [_thread_in_native, id=22972, stack(0x000000a989f00000,0x000000a98a000000)]


Current CompileTask:
C2:  12942 5289   !   4       org.eclipse.osgi.internal.loader.classpath.ClasspathManager::findClassImpl (308 bytes)

Stack: [0x000000a989f00000,0x000000a98a000000]
Native frames: (J=compiled Java code, j=interpreted, Vv=VM code, C=native code)
V  [jvm.dll+0x682a19]
V  [jvm.dll+0x839538]
V  [jvm.dll+0x83afe3]
V  [jvm.dll+0x83b653]
V  [jvm.dll+0x24704f]
V  [jvm.dll+0xace34]
V  [jvm.dll+0xad4cc]
V  [jvm.dll+0x36597e]
V  [jvm.dll+0x1ba793]
V  [jvm.dll+0x2181a7]
V  [jvm.dll+0x21748f]
V  [jvm.dll+0x1a3070]
V  [jvm.dll+0x22788c]
V  [jvm.dll+0x2259eb]
V  [jvm.dll+0x7eec98]
V  [jvm.dll+0x7e8ffc]
V  [jvm.dll+0x6818f7]
C  [ucrtbase.dll+0x21bb2]
C  [KERNEL32.DLL+0x17374]
C  [ntdll.dll+0x4cc91]


---------------  P R O C E S S  ---------------

Threads class SMR info:
_java_thread_list=0x000001c77f1181b0, length=40, elements={
0x000001c771efde80, 0x000001c771f9b5e0, 0x000001c771f9d2b0, 0x000001c77bef9080,
0x000001c77bef9a50, 0x000001c77befe840, 0x000001c77beff110, 0x000001c776d62ca0,
0x000001c77bf4a590, 0x000001c77bf4b620, 0x000001c771f5e460, 0x000001c77c2deed0,
0x000001c77c72dfb0, 0x000001c77cabe050, 0x000001c77ca9e650, 0x000001c77ca9eb30,
0x000001c77d2713c0, 0x000001c77d109f40, 0x000001c77d109010, 0x000001c77d10a450,
0x000001c77d106ca0, 0x000001c77d107bd0, 0x000001c77d109a30, 0x000001c77d1071b0,
0x000001c77d1085f0, 0x000001c77d1076c0, 0x000001c77d109520, 0x000001c77d108b00,
0x000001c77ef20ec0, 0x000001c77ef22d20, 0x000001c77ef255a0, 0x000001c77ef264d0,
0x000001c77ef23c50, 0x000001c77ef1f060, 0x000001c77ef21df0, 0x000001c77ef1fa80,
0x000001c77ef22300, 0x000001c77ef213d0, 0x000001c77ef24160, 0x000001c77ef269e0
}

Java Threads: ( => current thread )
  0x000001c771efde80 JavaThread "main" [_thread_blocked, id=24920, stack(0x000000a989500000,0x000000a989600000)]
  0x000001c771f9b5e0 JavaThread "Reference Handler" daemon [_thread_blocked, id=22204, stack(0x000000a989800000,0x000000a989900000)]
  0x000001c771f9d2b0 JavaThread "Finalizer" daemon [_thread_blocked, id=21188, stack(0x000000a989900000,0x000000a989a00000)]
  0x000001c77bef9080 JavaThread "Signal Dispatcher" daemon [_thread_blocked, id=22768, stack(0x000000a989b00000,0x000000a989c00000)]
  0x000001c77bef9a50 JavaThread "Attach Listener" daemon [_thread_blocked, id=11692, stack(0x000000a989c00000,0x000000a989d00000)]
  0x000001c77befe840 JavaThread "Service Thread" daemon [_thread_blocked, id=20268, stack(0x000000a989d00000,0x000000a989e00000)]
  0x000001c77beff110 JavaThread "Monitor Deflation Thread" daemon [_thread_blocked, id=25312, stack(0x000000a989e00000,0x000000a989f00000)]
=>0x000001c776d62ca0 JavaThread "C2 CompilerThread0" daemon [_thread_in_native, id=22972, stack(0x000000a989f00000,0x000000a98a000000)]
  0x000001c77bf4a590 JavaThread "C1 CompilerThread0" daemon [_thread_blocked, id=24392, stack(0x000000a98a000000,0x000000a98a100000)]
  0x000001c77bf4b620 JavaThread "Sweeper thread" daemon [_thread_blocked, id=20744, stack(0x000000a98a100000,0x000000a98a200000)]
  0x000001c771f5e460 JavaThread "Common-Cleaner" daemon [_thread_blocked, id=18280, stack(0x000000a98a200000,0x000000a98a300000)]
  0x000001c77c2deed0 JavaThread "Notification Thread" daemon [_thread_blocked, id=12140, stack(0x000000a98a300000,0x000000a98a400000)]
  0x000001c77c72dfb0 JavaThread "Active Thread: Equinox Container: 7656f52c-9bdd-4870-a3da-80771a71d773" [_thread_blocked, id=14488, stack(0x000000a98a800000,0x000000a98a900000)]
  0x000001c77cabe050 JavaThread "Refresh Thread: Equinox Container: 7656f52c-9bdd-4870-a3da-80771a71d773" daemon [_thread_blocked, id=18248, stack(0x000000a98a900000,0x000000a98aa00000)]
  0x000001c77ca9e650 JavaThread "Framework Event Dispatcher: Equinox Container: 7656f52c-9bdd-4870-a3da-80771a71d773" daemon [_thread_blocked, id=23832, stack(0x000000a98aa00000,0x000000a98ab00000)]
  0x000001c77ca9eb30 JavaThread "Start Level: Equinox Container: 7656f52c-9bdd-4870-a3da-80771a71d773" daemon [_thread_blocked, id=22400, stack(0x000000a98ab00000,0x000000a98ac00000)]
  0x000001c77d2713c0 JavaThread "Bundle File Closer" daemon [_thread_blocked, id=21380, stack(0x000000a98ac00000,0x000000a98ad00000)]
  0x000001c77d109f40 JavaThread "SCR Component Actor" daemon [_thread_blocked, id=14152, stack(0x000000a98ad00000,0x000000a98ae00000)]
  0x000001c77d109010 JavaThread "SCR Component Registry" daemon [_thread_blocked, id=23192, stack(0x000000a98ae00000,0x000000a98af00000)]
  0x000001c77d10a450 JavaThread "Worker-JM" [_thread_blocked, id=1880, stack(0x000000a98af00000,0x000000a98b000000)]
  0x000001c77d106ca0 JavaThread "JNA Cleaner" daemon [_thread_blocked, id=25380, stack(0x000000a98b000000,0x000000a98b100000)]
  0x000001c77d107bd0 JavaThread "Worker-0" [_thread_blocked, id=1868, stack(0x000000a98b100000,0x000000a98b200000)]
  0x000001c77d109a30 JavaThread "Worker-1: Updating Maven Dependencies" [_thread_blocked, id=11388, stack(0x000000a98b200000,0x000000a98b300000)]
  0x000001c77d1071b0 JavaThread "Worker-2: Java indexing... " [_thread_blocked, id=23780, stack(0x000000a98b300000,0x000000a98b400000)]
  0x000001c77d1085f0 JavaThread "Java indexing" daemon [_thread_in_Java, id=10660, stack(0x000000a98b400000,0x000000a98b500000)]
  0x000001c77d1076c0 JavaThread "Worker-3: Repository registry initialization" [_thread_in_Java, id=16564, stack(0x000000a98b500000,0x000000a98b600000)]
  0x000001c77d109520 JavaThread "Worker-4: Building" [_thread_in_native, id=13800, stack(0x000000a98b600000,0x000000a98b700000)]
  0x000001c77d108b00 JavaThread "Thread-2" daemon [_thread_in_native, id=19760, stack(0x000000a98b900000,0x000000a98ba00000)]
  0x000001c77ef20ec0 JavaThread "Thread-3" daemon [_thread_in_native, id=23428, stack(0x000000a98ba00000,0x000000a98bb00000)]
  0x000001c77ef22d20 JavaThread "Thread-4" daemon [_thread_in_native, id=4384, stack(0x000000a98bb00000,0x000000a98bc00000)]
  0x000001c77ef255a0 JavaThread "Thread-5" daemon [_thread_in_native, id=21008, stack(0x000000a98bc00000,0x000000a98bd00000)]
  0x000001c77ef264d0 JavaThread "Thread-6" daemon [_thread_in_native, id=14280, stack(0x000000a98bd00000,0x000000a98be00000)]
  0x000001c77ef23c50 JavaThread "Worker-5" [_thread_blocked, id=2884, stack(0x000000a98be00000,0x000000a98bf00000)]
  0x000001c77ef1f060 JavaThread "pool-2-thread-1" [_thread_blocked, id=18220, stack(0x000000a98bf00000,0x000000a98c000000)]
  0x000001c77ef21df0 JavaThread "WorkspaceEventsHandler" [_thread_blocked, id=24524, stack(0x000000a98c000000,0x000000a98c100000)]
  0x000001c77ef1fa80 JavaThread "pool-1-thread-1" [_thread_blocked, id=9544, stack(0x000000a98c100000,0x000000a98c200000)]
  0x000001c77ef22300 JavaThread "Worker-6" [_thread_blocked, id=5432, stack(0x000000a98c200000,0x000000a98c300000)]
  0x000001c77ef213d0 JavaThread "LocalFile Deleter" daemon [_thread_blocked, id=11896, stack(0x000000a98c300000,0x000000a98c400000)]
  0x000001c77ef24160 JavaThread "LocalFile Deleter" daemon [_thread_blocked, id=872, stack(0x000000a98c400000,0x000000a98c500000)]
  0x000001c77ef269e0 JavaThread "Compiler Source File Reader" daemon [_thread_blocked, id=23724, stack(0x000000a98c500000,0x000000a98c600000)]

Other Threads:
  0x000001c776d2d360 VMThread "VM Thread" [stack: 0x000000a989700000,0x000000a989800000] [id=19880]
  0x000001c77c1c1ca0 WatcherThread [stack: 0x000000a98a400000,0x000000a98a500000] [id=24976]
  0x000001c76fe0ac10 GCTaskThread "GC Thread#0" [stack: 0x000000a989600000,0x000000a989700000] [id=16080]
  0x000001c77c719010 GCTaskThread "GC Thread#1" [stack: 0x000000a98a500000,0x000000a98a600000] [id=11044]
  0x000001c77c7192d0 GCTaskThread "GC Thread#2" [stack: 0x000000a98a600000,0x000000a98a700000] [id=19708]
  0x000001c77c989830 GCTaskThread "GC Thread#3" [stack: 0x000000a98a700000,0x000000a98a800000] [id=24096]

Threads with active compile tasks:
C2 CompilerThread0    13108 5289   !   4       org.eclipse.osgi.internal.loader.classpath.ClasspathManager::findClassImpl (308 bytes)

VM state: not at safepoint (normal execution)

VM Mutex/Monitor currently owned by a thread: None

Heap address: 0x00000000c0000000, size: 1024 MB, Compressed Oops mode: 32-bit

CDS archive(s) not mapped
Compressed class space mapped at: 0x0000000100000000-0x0000000140000000, reserved size: 1073741824
Narrow klass base: 0x0000000000000000, Narrow klass shift: 3, Narrow klass range: 0x140000000

GC Precious Log:
 CPUs: 4 total, 4 available
 Memory: 8071M
 Large Page Support: Disabled
 NUMA Support: Disabled
 Compressed Oops: Enabled (32-bit)
 Alignments: Space 512K, Generation 512K, Heap 2M
 Heap Min Capacity: 100M
 Heap Initial Capacity: 100M
 Heap Max Capacity: 1G
 Pre-touch: Disabled
 Parallel Workers: 4

Heap:
 PSYoungGen      total 22528K, used 18585K [0x00000000eab00000, 0x00000000ec380000, 0x0000000100000000)
  eden space 21504K, 82% used [0x00000000eab00000,0x00000000ebc3e400,0x00000000ec000000)
  from space 1024K, 90% used [0x00000000ec280000,0x00000000ec368000,0x00000000ec380000)
  to   space 1536K, 0% used [0x00000000ec080000,0x00000000ec080000,0x00000000ec200000)
 ParOldGen       total 68608K, used 34280K [0x00000000c0000000, 0x00000000c4300000, 0x00000000eab00000)
  object space 68608K, 49% used [0x00000000c0000000,0x00000000c217a130,0x00000000c4300000)
 Metaspace       used 52611K, committed 53696K, reserved 1114112K
  class space    used 5616K, committed 6144K, reserved 1048576K

Card table byte_map: [0x000001c771880000,0x000001c771a90000] _byte_map_base: 0x000001c771280000

Marking Bits: (ParMarkBitMap*) 0x00007ffaaad56940
 Begin Bits: [0x000001c774b80000, 0x000001c775b80000)
 End Bits:   [0x000001c775b80000, 0x000001c776b80000)

Polling page: 0x000001c76fd70000

Metaspace:

Usage:
  Non-class:     45.89 MB used.
      Class:      5.49 MB used.
       Both:     51.38 MB used.

Virtual space:
  Non-class space:       64.00 MB reserved,      46.44 MB ( 73%) committed,  1 nodes.
      Class space:        1.00 GB reserved,       6.00 MB ( <1%) committed,  1 nodes.
             Both:        1.06 GB reserved,      52.44 MB (  5%) committed. 

Chunk freelists:
   Non-Class:  1.33 MB
       Class:  10.05 MB
        Both:  11.38 MB

MaxMetaspaceSize: unlimited
CompressedClassSpaceSize: 1.00 GB
Initial GC threshold: 21.00 MB
Current GC threshold: 58.38 MB
CDS: off
MetaspaceReclaimPolicy: balanced
 - commit_granule_bytes: 65536.
 - commit_granule_words: 8192.
 - virtual_space_node_default_size: 8388608.
 - enlarge_chunks_in_place: 1.
 - new_chunks_are_fully_committed: 0.
 - uncommit_free_chunks: 1.
 - use_allocation_guard: 0.
 - handle_deallocations: 1.


Internal statistics:

num_allocs_failed_limit: 6.
num_arena_births: 572.
num_arena_deaths: 14.
num_vsnodes_births: 2.
num_vsnodes_deaths: 0.
num_space_committed: 839.
num_space_uncommitted: 0.
num_chunks_returned_to_freelist: 20.
num_chunks_taken_from_freelist: 2624.
num_chunk_merges: 11.
num_chunk_splits: 1589.
num_chunks_enlarged: 901.
num_inconsistent_stats: 0.

CodeHeap 'non-profiled nmethods': size=120000Kb used=2000Kb max_used=2365Kb free=118000Kb
 bounds [0x000001c707ad0000, 0x000001c707d40000, 0x000001c70f000000]
CodeHeap 'profiled nmethods': size=120000Kb used=9150Kb max_used=11402Kb free=110850Kb
 bounds [0x000001c700000000, 0x000001c700b30000, 0x000001c707530000]
CodeHeap 'non-nmethods': size=5760Kb used=1310Kb max_used=1359Kb free=4449Kb
 bounds [0x000001c707530000, 0x000001c7077a0000, 0x000001c707ad0000]
 total_blobs=5623 nmethods=4976 adapters=561
 compilation: enabled
              stopped_count=0, restarted_count=0
 full_count=0

Compilation events (20 events):
Event: 12.862 Thread 0x000001c77bf4a590 nmethod 5777 0x000001c707ae6610 code [0x000001c707ae67a0, 0x000001c707ae6878]
Event: 12.862 Thread 0x000001c77bf4a590 5778       1       com.google.inject.spi.ProvisionListenerBinding::getListeners (5 bytes)
Event: 12.862 Thread 0x000001c77bf4a590 nmethod 5778 0x000001c707af8a90 code [0x000001c707af8c20, 0x000001c707af8cf8]
Event: 12.862 Thread 0x000001c77bf4a590 5779       1       com.google.inject.internal.BindingProcessor::access$000 (5 bytes)
Event: 12.863 Thread 0x000001c77bf4a590 nmethod 5779 0x000001c707af8790 code [0x000001c707af8920, 0x000001c707af89d8]
Event: 12.880 Thread 0x000001c77bf4a590 5781       3       java.nio.DirectByteBuffer::<init> (60 bytes)
Event: 12.881 Thread 0x000001c77bf4a590 nmethod 5781 0x000001c70004fb90 code [0x000001c70004fd60, 0x000001c700050138]
Event: 12.892 Thread 0x000001c77bf4a590 5782       3       org.eclipse.jdt.internal.compiler.util.SimpleLookupTable::put (104 bytes)
Event: 12.893 Thread 0x000001c77bf4a590 nmethod 5782 0x000001c70011e690 code [0x000001c70011e8a0, 0x000001c70011f168]
Event: 12.906 Thread 0x000001c77bf4a590 5784       3       java.nio.file.SimpleFileVisitor::postVisitDirectory (15 bytes)
Event: 12.906 Thread 0x000001c77bf4a590 nmethod 5784 0x000001c70053a290 code [0x000001c70053a440, 0x000001c70053a6e8]
Event: 12.912 Thread 0x000001c77bf4a590 5785       3       java.nio.IntBuffer::<init> (24 bytes)
Event: 12.912 Thread 0x000001c77bf4a590 nmethod 5785 0x000001c700396410 code [0x000001c7003965a0, 0x000001c700396728]
Event: 12.912 Thread 0x000001c77bf4a590 5786       3       java.nio.IntBuffer::<init> (14 bytes)
Event: 12.912 Thread 0x000001c77bf4a590 nmethod 5786 0x000001c7003c1d90 code [0x000001c7003c1f40, 0x000001c7003c2088]
Event: 12.912 Thread 0x000001c77bf4a590 5787       3       java.nio.IntBuffer::limit (6 bytes)
Event: 12.912 Thread 0x000001c77bf4a590 nmethod 5787 0x000001c700457e90 code [0x000001c700458040, 0x000001c7004581e8]
Event: 12.927 Thread 0x000001c77bf4a590 5789   !   2       lombok.launch.ShadowClassLoader::loadClass (242 bytes)
Event: 12.929 Thread 0x000001c77bf4a590 nmethod 5789 0x000001c700045310 code [0x000001c700045640, 0x000001c700046018]
Event: 12.929 Thread 0x000001c77bf4a590 5791       2       java.util.IdentityHashMap::nextKeyIndex (15 bytes)

GC Heap History (20 events):
Event: 10.439 GC heap before
{Heap before GC invocations=17 (full 2):
 PSYoungGen      total 23552K, used 23537K [0x00000000eab00000, 0x00000000eca80000, 0x0000000100000000)
  eden space 21504K, 100% used [0x00000000eab00000,0x00000000ec000000,0x00000000ec000000)
  from space 2048K, 99% used [0x00000000ec500000,0x00000000ec6fc440,0x00000000ec700000)
  to   space 5120K, 0% used [0x00000000ec000000,0x00000000ec000000,0x00000000ec500000)
 ParOldGen       total 68608K, used 18752K [0x00000000c0000000, 0x00000000c4300000, 0x00000000eab00000)
  object space 68608K, 27% used [0x00000000c0000000,0x00000000c12501a8,0x00000000c4300000)
 Metaspace       used 43798K, committed 44800K, reserved 1114112K
  class space    used 4506K, committed 4928K, reserved 1048576K
}
Event: 10.444 GC heap after
{Heap after GC invocations=17 (full 2):
 PSYoungGen      total 23552K, used 1954K [0x00000000eab00000, 0x00000000ec600000, 0x0000000100000000)
  eden space 21504K, 0% used [0x00000000eab00000,0x00000000eab00000,0x00000000ec000000)
  from space 2048K, 95% used [0x00000000ec000000,0x00000000ec1e88c0,0x00000000ec200000)
  to   space 3072K, 0% used [0x00000000ec300000,0x00000000ec300000,0x00000000ec600000)
 ParOldGen       total 68608K, used 20536K [0x00000000c0000000, 0x00000000c4300000, 0x00000000eab00000)
  object space 68608K, 29% used [0x00000000c0000000,0x00000000c140e1e8,0x00000000c4300000)
 Metaspace       used 43798K, committed 44800K, reserved 1114112K
  class space    used 4506K, committed 4928K, reserved 1048576K
}
Event: 10.731 GC heap before
{Heap before GC invocations=18 (full 2):
 PSYoungGen      total 23552K, used 23458K [0x00000000eab00000, 0x00000000ec600000, 0x0000000100000000)
  eden space 21504K, 100% used [0x00000000eab00000,0x00000000ec000000,0x00000000ec000000)
  from space 2048K, 95% used [0x00000000ec000000,0x00000000ec1e88c0,0x00000000ec200000)
  to   space 3072K, 0% used [0x00000000ec300000,0x00000000ec300000,0x00000000ec600000)
 ParOldGen       total 68608K, used 20536K [0x00000000c0000000, 0x00000000c4300000, 0x00000000eab00000)
  object space 68608K, 29% used [0x00000000c0000000,0x00000000c140e1e8,0x00000000c4300000)
 Metaspace       used 44588K, committed 45504K, reserved 1114112K
  class space    used 4592K, committed 4992K, reserved 1048576K
}
Event: 10.736 GC heap after
{Heap after GC invocations=18 (full 2):
 PSYoungGen      total 23552K, used 1847K [0x00000000eab00000, 0x00000000ec500000, 0x0000000100000000)
  eden space 21504K, 0% used [0x00000000eab00000,0x00000000eab00000,0x00000000ec000000)
  from space 2048K, 90% used [0x00000000ec300000,0x00000000ec4cdf78,0x00000000ec500000)
  to   space 2560K, 0% used [0x00000000ec000000,0x00000000ec000000,0x00000000ec280000)
 ParOldGen       total 68608K, used 22298K [0x00000000c0000000, 0x00000000c4300000, 0x00000000eab00000)
  object space 68608K, 32% used [0x00000000c0000000,0x00000000c15c6a98,0x00000000c4300000)
 Metaspace       used 44588K, committed 45504K, reserved 1114112K
  class space    used 4592K, committed 4992K, reserved 1048576K
}
Event: 10.855 GC heap before
{Heap before GC invocations=19 (full 2):
 PSYoungGen      total 23552K, used 23351K [0x00000000eab00000, 0x00000000ec500000, 0x0000000100000000)
  eden space 21504K, 100% used [0x00000000eab00000,0x00000000ec000000,0x00000000ec000000)
  from space 2048K, 90% used [0x00000000ec300000,0x00000000ec4cdf78,0x00000000ec500000)
  to   space 2560K, 0% used [0x00000000ec000000,0x00000000ec000000,0x00000000ec280000)
 ParOldGen       total 68608K, used 22298K [0x00000000c0000000, 0x00000000c4300000, 0x00000000eab00000)
  object space 68608K, 32% used [0x00000000c0000000,0x00000000c15c6a98,0x00000000c4300000)
 Metaspace       used 44738K, committed 45632K, reserved 1114112K
  class space    used 4615K, committed 4992K, reserved 1048576K
}
Event: 10.860 GC heap after
{Heap after GC invocations=19 (full 2):
 PSYoungGen      total 24064K, used 2450K [0x00000000eab00000, 0x00000000ec600000, 0x0000000100000000)
  eden space 21504K, 0% used [0x00000000eab00000,0x00000000eab00000,0x00000000ec000000)
  from space 2560K, 95% used [0x00000000ec000000,0x00000000ec264bb8,0x00000000ec280000)
  to   space 3072K, 0% used [0x00000000ec300000,0x00000000ec300000,0x00000000ec600000)
 ParOldGen       total 68608K, used 23898K [0x00000000c0000000, 0x00000000c4300000, 0x00000000eab00000)
  object space 68608K, 34% used [0x00000000c0000000,0x00000000c1756ab8,0x00000000c4300000)
 Metaspace       used 44738K, committed 45632K, reserved 1114112K
  class space    used 4615K, committed 4992K, reserved 1048576K
}
Event: 11.005 GC heap before
{Heap before GC invocations=20 (full 2):
 PSYoungGen      total 24064K, used 23954K [0x00000000eab00000, 0x00000000ec600000, 0x0000000100000000)
  eden space 21504K, 100% used [0x00000000eab00000,0x00000000ec000000,0x00000000ec000000)
  from space 2560K, 95% used [0x00000000ec000000,0x00000000ec264bb8,0x00000000ec280000)
  to   space 3072K, 0% used [0x00000000ec300000,0x00000000ec300000,0x00000000ec600000)
 ParOldGen       total 68608K, used 23898K [0x00000000c0000000, 0x00000000c4300000, 0x00000000eab00000)
  object space 68608K, 34% used [0x00000000c0000000,0x00000000c1756ab8,0x00000000c4300000)
 Metaspace       used 45432K, committed 46272K, reserved 1114112K
  class space    used 4693K, committed 5056K, reserved 1048576K
}
Event: 11.010 GC heap after
{Heap after GC invocations=20 (full 2):
 PSYoungGen      total 23040K, used 1440K [0x00000000eab00000, 0x00000000ec480000, 0x0000000100000000)
  eden space 21504K, 0% used [0x00000000eab00000,0x00000000eab00000,0x00000000ec000000)
  from space 1536K, 93% used [0x00000000ec300000,0x00000000ec468000,0x00000000ec480000)
  to   space 2048K, 0% used [0x00000000ec080000,0x00000000ec080000,0x00000000ec280000)
 ParOldGen       total 68608K, used 26183K [0x00000000c0000000, 0x00000000c4300000, 0x00000000eab00000)
  object space 68608K, 38% used [0x00000000c0000000,0x00000000c1991ff8,0x00000000c4300000)
 Metaspace       used 45432K, committed 46272K, reserved 1114112K
  class space    used 4693K, committed 5056K, reserved 1048576K
}
Event: 11.126 GC heap before
{Heap before GC invocations=21 (full 2):
 PSYoungGen      total 23040K, used 22944K [0x00000000eab00000, 0x00000000ec480000, 0x0000000100000000)
  eden space 21504K, 100% used [0x00000000eab00000,0x00000000ec000000,0x00000000ec000000)
  from space 1536K, 93% used [0x00000000ec300000,0x00000000ec468000,0x00000000ec480000)
  to   space 2048K, 0% used [0x00000000ec080000,0x00000000ec080000,0x00000000ec280000)
 ParOldGen       total 68608K, used 26183K [0x00000000c0000000, 0x00000000c4300000, 0x00000000eab00000)
  object space 68608K, 38% used [0x00000000c0000000,0x00000000c1991ff8,0x00000000c4300000)
 Metaspace       used 46644K, committed 47552K, reserved 1114112K
  class space    used 4814K, committed 5184K, reserved 1048576K
}
Event: 11.130 GC heap after
{Heap after GC invocations=21 (full 2):
 PSYoungGen      total 23552K, used 1552K [0x00000000eab00000, 0x00000000ec400000, 0x0000000100000000)
  eden space 21504K, 0% used [0x00000000eab00000,0x00000000eab00000,0x00000000ec000000)
  from space 2048K, 75% used [0x00000000ec080000,0x00000000ec204118,0x00000000ec280000)
  to   space 1536K, 0% used [0x00000000ec280000,0x00000000ec280000,0x00000000ec400000)
 ParOldGen       total 68608K, used 27542K [0x00000000c0000000, 0x00000000c4300000, 0x00000000eab00000)
  object space 68608K, 40% used [0x00000000c0000000,0x00000000c1ae5be0,0x00000000c4300000)
 Metaspace       used 46644K, committed 47552K, reserved 1114112K
  class space    used 4814K, committed 5184K, reserved 1048576K
}
Event: 11.491 GC heap before
{Heap before GC invocations=22 (full 2):
 PSYoungGen      total 23552K, used 23033K [0x00000000eab00000, 0x00000000ec400000, 0x0000000100000000)
  eden space 21504K, 99% used [0x00000000eab00000,0x00000000ebffa410,0x00000000ec000000)
  from space 2048K, 75% used [0x00000000ec080000,0x00000000ec204118,0x00000000ec280000)
  to   space 1536K, 0% used [0x00000000ec280000,0x00000000ec280000,0x00000000ec400000)
 ParOldGen       total 68608K, used 27542K [0x00000000c0000000, 0x00000000c4300000, 0x00000000eab00000)
  object space 68608K, 40% used [0x00000000c0000000,0x00000000c1ae5be0,0x00000000c4300000)
 Metaspace       used 47914K, committed 48832K, reserved 1114112K
  class space    used 4985K, committed 5376K, reserved 1048576K
}
Event: 11.493 GC heap after
{Heap after GC invocations=22 (full 2):
 PSYoungGen      total 23040K, used 1062K [0x00000000eab00000, 0x00000000ec400000, 0x0000000100000000)
  eden space 21504K, 0% used [0x00000000eab00000,0x00000000eab00000,0x00000000ec000000)
  from space 1536K, 69% used [0x00000000ec280000,0x00000000ec389af8,0x00000000ec400000)
  to   space 1536K, 0% used [0x00000000ec100000,0x00000000ec100000,0x00000000ec280000)
 ParOldGen       total 68608K, used 28874K [0x00000000c0000000, 0x00000000c4300000, 0x00000000eab00000)
  object space 68608K, 42% used [0x00000000c0000000,0x00000000c1c328e0,0x00000000c4300000)
 Metaspace       used 47914K, committed 48832K, reserved 1114112K
  class space    used 4985K, committed 5376K, reserved 1048576K
}
Event: 11.762 GC heap before
{Heap before GC invocations=23 (full 2):
 PSYoungGen      total 23040K, used 22566K [0x00000000eab00000, 0x00000000ec400000, 0x0000000100000000)
  eden space 21504K, 100% used [0x00000000eab00000,0x00000000ec000000,0x00000000ec000000)
  from space 1536K, 69% used [0x00000000ec280000,0x00000000ec389af8,0x00000000ec400000)
  to   space 1536K, 0% used [0x00000000ec100000,0x00000000ec100000,0x00000000ec280000)
 ParOldGen       total 68608K, used 28874K [0x00000000c0000000, 0x00000000c4300000, 0x00000000eab00000)
  object space 68608K, 42% used [0x00000000c0000000,0x00000000c1c328e0,0x00000000c4300000)
 Metaspace       used 49140K, committed 50112K, reserved 1114112K
  class space    used 5124K, committed 5504K, reserved 1048576K
}
Event: 11.767 GC heap after
{Heap after GC invocations=23 (full 2):
 PSYoungGen      total 23040K, used 1506K [0x00000000eab00000, 0x00000000ec600000, 0x0000000100000000)
  eden space 21504K, 0% used [0x00000000eab00000,0x00000000eab00000,0x00000000ec000000)
  from space 1536K, 98% used [0x00000000ec100000,0x00000000ec278ad8,0x00000000ec280000)
  to   space 3072K, 0% used [0x00000000ec300000,0x00000000ec300000,0x00000000ec600000)
 ParOldGen       total 68608K, used 29830K [0x00000000c0000000, 0x00000000c4300000, 0x00000000eab00000)
  object space 68608K, 43% used [0x00000000c0000000,0x00000000c1d21a08,0x00000000c4300000)
 Metaspace       used 49140K, committed 50112K, reserved 1114112K
  class space    used 5124K, committed 5504K, reserved 1048576K
}
Event: 11.955 GC heap before
{Heap before GC invocations=24 (full 2):
 PSYoungGen      total 23040K, used 23010K [0x00000000eab00000, 0x00000000ec600000, 0x0000000100000000)
  eden space 21504K, 100% used [0x00000000eab00000,0x00000000ec000000,0x00000000ec000000)
  from space 1536K, 98% used [0x00000000ec100000,0x00000000ec278ad8,0x00000000ec280000)
  to   space 3072K, 0% used [0x00000000ec300000,0x00000000ec300000,0x00000000ec600000)
 ParOldGen       total 68608K, used 29830K [0x00000000c0000000, 0x00000000c4300000, 0x00000000eab00000)
  object space 68608K, 43% used [0x00000000c0000000,0x00000000c1d21a08,0x00000000c4300000)
 Metaspace       used 49895K, committed 50816K, reserved 1114112K
  class space    used 5223K, committed 5632K, reserved 1048576K
}
Event: 11.959 GC heap after
{Heap after GC invocations=24 (full 2):
 PSYoungGen      total 23552K, used 1802K [0x00000000eab00000, 0x00000000ec500000, 0x0000000100000000)
  eden space 21504K, 0% used [0x00000000eab00000,0x00000000eab00000,0x00000000ec000000)
  from space 2048K, 88% used [0x00000000ec300000,0x00000000ec4c29d0,0x00000000ec500000)
  to   space 2048K, 0% used [0x00000000ec100000,0x00000000ec100000,0x00000000ec300000)
 ParOldGen       total 68608K, used 31265K [0x00000000c0000000, 0x00000000c4300000, 0x00000000eab00000)
  object space 68608K, 45% used [0x00000000c0000000,0x00000000c1e88420,0x00000000c4300000)
 Metaspace       used 49895K, committed 50816K, reserved 1114112K
  class space    used 5223K, committed 5632K, reserved 1048576K
}
Event: 12.373 GC heap before
{Heap before GC invocations=25 (full 2):
 PSYoungGen      total 23552K, used 23306K [0x00000000eab00000, 0x00000000ec500000, 0x0000000100000000)
  eden space 21504K, 99% used [0x00000000eab00000,0x00000000ebffffe8,0x00000000ec000000)
  from space 2048K, 88% used [0x00000000ec300000,0x00000000ec4c29d0,0x00000000ec500000)
  to   space 2048K, 0% used [0x00000000ec100000,0x00000000ec100000,0x00000000ec300000)
 ParOldGen       total 68608K, used 31265K [0x00000000c0000000, 0x00000000c4300000, 0x00000000eab00000)
  object space 68608K, 45% used [0x00000000c0000000,0x00000000c1e88420,0x00000000c4300000)
 Metaspace       used 51108K, committed 52160K, reserved 1114112K
  class space    used 5392K, committed 5888K, reserved 1048576K
}
Event: 12.377 GC heap after
{Heap after GC invocations=25 (full 2):
 PSYoungGen      total 23040K, used 1504K [0x00000000eab00000, 0x00000000ec400000, 0x0000000100000000)
  eden space 21504K, 0% used [0x00000000eab00000,0x00000000eab00000,0x00000000ec000000)
  from space 1536K, 97% used [0x00000000ec100000,0x00000000ec278010,0x00000000ec280000)
  to   space 1536K, 0% used [0x00000000ec280000,0x00000000ec280000,0x00000000ec400000)
 ParOldGen       total 68608K, used 32953K [0x00000000c0000000, 0x00000000c4300000, 0x00000000eab00000)
  object space 68608K, 48% used [0x00000000c0000000,0x00000000c202e430,0x00000000c4300000)
 Metaspace       used 51108K, committed 52160K, reserved 1114112K
  class space    used 5392K, committed 5888K, reserved 1048576K
}
Event: 12.780 GC heap before
{Heap before GC invocations=26 (full 2):
 PSYoungGen      total 23040K, used 22998K [0x00000000eab00000, 0x00000000ec400000, 0x0000000100000000)
  eden space 21504K, 99% used [0x00000000eab00000,0x00000000ebffdb08,0x00000000ec000000)
  from space 1536K, 97% used [0x00000000ec100000,0x00000000ec278010,0x00000000ec280000)
  to   space 1536K, 0% used [0x00000000ec280000,0x00000000ec280000,0x00000000ec400000)
 ParOldGen       total 68608K, used 32953K [0x00000000c0000000, 0x00000000c4300000, 0x00000000eab00000)
  object space 68608K, 48% used [0x00000000c0000000,0x00000000c202e430,0x00000000c4300000)
 Metaspace       used 52083K, committed 53184K, reserved 1114112K
  class space    used 5536K, committed 6016K, reserved 1048576K
}
Event: 12.786 GC heap after
{Heap after GC invocations=26 (full 2):
 PSYoungGen      total 22528K, used 928K [0x00000000eab00000, 0x00000000ec380000, 0x0000000100000000)
  eden space 21504K, 0% used [0x00000000eab00000,0x00000000eab00000,0x00000000ec000000)
  from space 1024K, 90% used [0x00000000ec280000,0x00000000ec368000,0x00000000ec380000)
  to   space 1536K, 0% used [0x00000000ec080000,0x00000000ec080000,0x00000000ec200000)
 ParOldGen       total 68608K, used 34280K [0x00000000c0000000, 0x00000000c4300000, 0x00000000eab00000)
  object space 68608K, 49% used [0x00000000c0000000,0x00000000c217a130,0x00000000c4300000)
 Metaspace       used 52083K, committed 53184K, reserved 1114112K
  class space    used 5536K, committed 6016K, reserved 1048576K
}

Dll operation events (10 events):
Event: 0.063 Loaded shared library c:\Users\HP\.vscode\extensions\redhat.java-1.38.0-win32-x64\jre\17.0.13-win32-x86_64\bin\java.dll
Event: 0.350 Loaded shared library c:\Users\HP\.vscode\extensions\redhat.java-1.38.0-win32-x64\jre\17.0.13-win32-x86_64\bin\zip.dll
Event: 0.360 Loaded shared library C:\Users\HP\.vscode\extensions\redhat.java-1.38.0-win32-x64\jre\17.0.13-win32-x86_64\bin\instrument.dll
Event: 0.384 Loaded shared library C:\Users\HP\.vscode\extensions\redhat.java-1.38.0-win32-x64\jre\17.0.13-win32-x86_64\bin\net.dll
Event: 0.388 Loaded shared library C:\Users\HP\.vscode\extensions\redhat.java-1.38.0-win32-x64\jre\17.0.13-win32-x86_64\bin\nio.dll
Event: 0.404 Loaded shared library C:\Users\HP\.vscode\extensions\redhat.java-1.38.0-win32-x64\jre\17.0.13-win32-x86_64\bin\zip.dll
Event: 0.433 Loaded shared library C:\Users\HP\.vscode\extensions\redhat.java-1.38.0-win32-x64\jre\17.0.13-win32-x86_64\bin\jimage.dll
Event: 0.594 Loaded shared library c:\Users\HP\.vscode\extensions\redhat.java-1.38.0-win32-x64\jre\17.0.13-win32-x86_64\bin\verify.dll
Event: 2.997 Loaded shared library C:\Users\HP\AppData\Roaming\Code\User\globalStorage\redhat.java\1.38.0\config_win\org.eclipse.equinox.launcher\org.eclipse.equinox.launcher.win32.win32.x86_64_1.2.1100.v20240722-2106\eclipse_11904.dll
Event: 7.142 Loaded shared library C:\Users\HP\AppData\Local\Temp\jna-2312\jna170423023969530412.dll

Deoptimization events (20 events):
Event: 12.500 Thread 0x000001c77d1076c0 Uncommon trap: trap_request=0xffffff45 fr.pc=0x000001c707c8c160 relative=0x0000000000000de0
Event: 12.500 Thread 0x000001c77d1076c0 Uncommon trap: reason=unstable_if action=reinterpret pc=0x000001c707c8c160 method=java.util.TreeMap.put(Ljava/lang/Object;Ljava/lang/Object;Z)Ljava/lang/Object; @ 27 c2
Event: 12.500 Thread 0x000001c77d1076c0 DEOPT PACKING pc=0x000001c707c8c160 sp=0x000000a98b5fdbe0
Event: 12.500 Thread 0x000001c77d1076c0 DEOPT UNPACKING pc=0x000001c7075866a3 sp=0x000000a98b5fdb80 mode 2
Event: 12.549 Thread 0x000001c77d1076c0 Uncommon trap: trap_request=0xffffff45 fr.pc=0x000001c707be2164 relative=0x00000000000001c4
Event: 12.549 Thread 0x000001c77d1076c0 Uncommon trap: reason=unstable_if action=reinterpret pc=0x000001c707be2164 method=java.lang.ClassLoader.checkName(Ljava/lang/String;)Z @ 1 c2
Event: 12.549 Thread 0x000001c77d1076c0 DEOPT PACKING pc=0x000001c707be2164 sp=0x000000a98b5fd9e0
Event: 12.549 Thread 0x000001c77d1076c0 DEOPT UNPACKING pc=0x000001c7075866a3 sp=0x000000a98b5fd978 mode 2
Event: 12.549 Thread 0x000001c77d1076c0 Uncommon trap: trap_request=0xffffff45 fr.pc=0x000001c707b4f944 relative=0x0000000000001504
Event: 12.549 Thread 0x000001c77d1076c0 Uncommon trap: reason=unstable_if action=reinterpret pc=0x000001c707b4f944 method=lombok.patcher.ScriptManager$OurClassFileTransformer.transform(Ljava/lang/ClassLoader;Ljava/lang/String;Ljava/lang/Class;Ljava/security/ProtectionDomain;[B)[B @ 1 c2
Event: 12.549 Thread 0x000001c77d1076c0 DEOPT PACKING pc=0x000001c707b4f944 sp=0x000000a98b5fc500
Event: 12.549 Thread 0x000001c77d1076c0 DEOPT UNPACKING pc=0x000001c7075866a3 sp=0x000000a98b5fc488 mode 2
Event: 12.585 Thread 0x000001c77d1076c0 Uncommon trap: trap_request=0xffffff45 fr.pc=0x000001c707af4fb8 relative=0x0000000000000038
Event: 12.585 Thread 0x000001c77d1076c0 Uncommon trap: reason=unstable_if action=reinterpret pc=0x000001c707af4fb8 method=java.lang.StringLatin1.canEncode(I)Z @ 4 c2
Event: 12.585 Thread 0x000001c77d1076c0 DEOPT PACKING pc=0x000001c707af4fb8 sp=0x000000a98b5fdb30
Event: 12.585 Thread 0x000001c77d1076c0 DEOPT UNPACKING pc=0x000001c7075866a3 sp=0x000000a98b5fdac0 mode 2
Event: 12.887 Thread 0x000001c77d1085f0 Uncommon trap: trap_request=0xffffff45 fr.pc=0x000001c707cceebc relative=0x000000000000095c
Event: 12.887 Thread 0x000001c77d1085f0 Uncommon trap: reason=unstable_if action=reinterpret pc=0x000001c707cceebc method=org.eclipse.jdt.internal.compiler.util.SimpleLookupTable.put(Ljava/lang/Object;Ljava/lang/Object;)Ljava/lang/Object; @ 45 c2
Event: 12.887 Thread 0x000001c77d1085f0 DEOPT PACKING pc=0x000001c707cceebc sp=0x000000a98b4ff1c0
Event: 12.887 Thread 0x000001c77d1085f0 DEOPT UNPACKING pc=0x000001c7075866a3 sp=0x000000a98b4ff158 mode 2

Classes loaded (20 events):
Event: 11.772 Loading class java/util/concurrent/ForkJoinPool$DefaultForkJoinWorkerThreadFactory$1
Event: 11.772 Loading class java/util/concurrent/ForkJoinPool$DefaultForkJoinWorkerThreadFactory$1 done
Event: 12.005 Loading class java/util/concurrent/CompletionService
Event: 12.005 Loading class java/util/concurrent/CompletionService done
Event: 12.041 Loading class sun/reflect/generics/scope/ConstructorScope
Event: 12.041 Loading class sun/reflect/generics/scope/ConstructorScope done
Event: 12.041 Loading class sun/reflect/generics/tree/VoidDescriptor
Event: 12.042 Loading class sun/reflect/generics/tree/VoidDescriptor done
Event: 12.053 Loading class java/nio/channels/SocketChannel
Event: 12.053 Loading class java/nio/channels/NetworkChannel
Event: 12.053 Loading class java/nio/channels/NetworkChannel done
Event: 12.053 Loading class java/nio/channels/spi/AbstractSelectableChannel
Event: 12.053 Loading class java/nio/channels/spi/AbstractSelectableChannel done
Event: 12.053 Loading class java/nio/channels/SocketChannel done
Event: 12.054 Loading class java/nio/channels/ServerSocketChannel
Event: 12.054 Loading class java/nio/channels/ServerSocketChannel done
Event: 12.122 Loading class sun/reflect/generics/repository/FieldRepository
Event: 12.122 Loading class sun/reflect/generics/repository/FieldRepository done
Event: 12.584 Loading class java/util/function/ToIntFunction
Event: 12.584 Loading class java/util/function/ToIntFunction done

Classes unloaded (7 events):
Event: 9.233 Thread 0x000001c776d2d360 Unloading class 0x000000010025c000 'java/lang/invoke/LambdaForm$MH+0x000000010025c000'
Event: 9.233 Thread 0x000001c776d2d360 Unloading class 0x000000010025bc00 'java/lang/invoke/LambdaForm$MH+0x000000010025bc00'
Event: 9.233 Thread 0x000001c776d2d360 Unloading class 0x000000010025b800 'java/lang/invoke/LambdaForm$MH+0x000000010025b800'
Event: 9.233 Thread 0x000001c776d2d360 Unloading class 0x000000010025b400 'java/lang/invoke/LambdaForm$MH+0x000000010025b400'
Event: 9.233 Thread 0x000001c776d2d360 Unloading class 0x000000010025b000 'java/lang/invoke/LambdaForm$BMH+0x000000010025b000'
Event: 9.233 Thread 0x000001c776d2d360 Unloading class 0x000000010025ac00 'java/lang/invoke/LambdaForm$DMH+0x000000010025ac00'
Event: 9.233 Thread 0x000001c776d2d360 Unloading class 0x0000000100258400 'java/lang/invoke/LambdaForm$DMH+0x0000000100258400'

Classes redefined (0 events):
No events

Internal exceptions (20 events):
Event: 10.700 Thread 0x000001c77d1076c0 Exception <a 'java/lang/NoClassDefFoundError'{0x00000000ebd88510}: javax/enterprise/inject/Typed> (0x00000000ebd88510) 
thrown [s\src\hotspot\share\classfile\systemDictionary.cpp, line 245]
Event: 10.970 Thread 0x000001c77d109520 Exception <a 'java/lang/NoSuchMethodError'{0x00000000ebb97ba8}: 'java.lang.Object java.lang.invoke.DirectMethodHandle$Holder.invokeVirtual(java.lang.Object, java.lang.Object, java.lang.Object)'> (0x00000000ebb97ba8) 
thrown [s\src\hotspot\share\interpreter\linkResolver.cpp, line 759]
Event: 11.759 Thread 0x000001c77d109520 Exception <a 'sun/nio/fs/WindowsException'{0x00000000ebf8ee50}> (0x00000000ebf8ee50) 
thrown [s\src\hotspot\share\prims\jni.cpp, line 516]
Event: 11.819 Thread 0x000001c77d109520 Exception <a 'sun/nio/fs/WindowsException'{0x00000000eb81d6d0}> (0x00000000eb81d6d0) 
thrown [s\src\hotspot\share\prims\jni.cpp, line 516]
Event: 11.825 Thread 0x000001c77d109520 Exception <a 'sun/nio/fs/WindowsException'{0x00000000eb867ec8}> (0x00000000eb867ec8) 
thrown [s\src\hotspot\share\prims\jni.cpp, line 516]
Event: 11.847 Thread 0x000001c77d109520 Exception <a 'sun/nio/fs/WindowsException'{0x00000000eb933d20}> (0x00000000eb933d20) 
thrown [s\src\hotspot\share\prims\jni.cpp, line 516]
Event: 11.869 Thread 0x000001c77d109520 Exception <a 'sun/nio/fs/WindowsException'{0x00000000eb9443d0}> (0x00000000eb9443d0) 
thrown [s\src\hotspot\share\prims\jni.cpp, line 516]
Event: 11.886 Thread 0x000001c77d109520 Exception <a 'sun/nio/fs/WindowsException'{0x00000000eba413d0}> (0x00000000eba413d0) 
thrown [s\src\hotspot\share\prims\jni.cpp, line 516]
Event: 11.904 Thread 0x000001c77d109520 Exception <a 'sun/nio/fs/WindowsException'{0x00000000eba51a88}> (0x00000000eba51a88) 
thrown [s\src\hotspot\share\prims\jni.cpp, line 516]
Event: 11.917 Thread 0x000001c77d109520 Exception <a 'sun/nio/fs/WindowsException'{0x00000000ebc4f000}> (0x00000000ebc4f000) 
thrown [s\src\hotspot\share\prims\jni.cpp, line 516]
Event: 11.932 Thread 0x000001c77d109520 Exception <a 'sun/nio/fs/WindowsException'{0x00000000ebc64258}> (0x00000000ebc64258) 
thrown [s\src\hotspot\share\prims\jni.cpp, line 516]
Event: 11.951 Thread 0x000001c77d109520 Exception <a 'sun/nio/fs/WindowsException'{0x00000000ebdae178}> (0x00000000ebdae178) 
thrown [s\src\hotspot\share\prims\jni.cpp, line 516]
Event: 11.972 Thread 0x000001c77d109520 Exception <a 'sun/nio/fs/WindowsException'{0x00000000eac61ed0}> (0x00000000eac61ed0) 
thrown [s\src\hotspot\share\prims\jni.cpp, line 516]
Event: 12.008 Thread 0x000001c77d109520 Exception <a 'sun/nio/fs/WindowsException'{0x00000000eb44eb40}> (0x00000000eb44eb40) 
thrown [s\src\hotspot\share\prims\jni.cpp, line 516]
Event: 12.037 Thread 0x000001c77d109520 Exception <a 'sun/nio/fs/WindowsException'{0x00000000eb714178}> (0x00000000eb714178) 
thrown [s\src\hotspot\share\prims\jni.cpp, line 516]
Event: 12.477 Thread 0x000001c77d1076c0 Exception <a 'java/lang/ExceptionInInitializerError'{0x00000000eb27b1e8}> (0x00000000eb27b1e8) 
thrown [s\src\hotspot\share\oops\instanceKlass.cpp, line 1218]
Event: 12.500 Thread 0x000001c77d1076c0 Implicit null exception at 0x000001c707c8b3cf to 0x000001c707c8c148
Event: 12.549 Thread 0x000001c77d1076c0 Implicit null exception at 0x000001c707be1faf to 0x000001c707be2158
Event: 12.549 Thread 0x000001c77d1076c0 Implicit null exception at 0x000001c707b4e489 to 0x000001c707b4f920
Event: 12.586 Thread 0x000001c77d1076c0 Exception <a 'java/lang/NoSuchMethodError'{0x00000000ebaf0f68}: 'java.lang.Object java.lang.invoke.Invokers$Holder.invokeExact_MT(java.lang.Object, int, java.lang.Object)'> (0x00000000ebaf0f68) 
thrown [s\src\hotspot\share\interpreter\linkResolver.cpp, line 759]

VM Operations (20 events):
Event: 11.716 Executing VM operation: HandshakeAllThreads
Event: 11.716 Executing VM operation: HandshakeAllThreads done
Event: 11.759 Executing VM operation: HandshakeAllThreads
Event: 11.760 Executing VM operation: HandshakeAllThreads done
Event: 11.762 Executing VM operation: ParallelGCFailedAllocation
Event: 11.767 Executing VM operation: ParallelGCFailedAllocation done
Event: 11.955 Executing VM operation: ParallelGCFailedAllocation
Event: 11.959 Executing VM operation: ParallelGCFailedAllocation done
Event: 12.309 Executing VM operation: ParallelGCFailedAllocation
Event: 12.377 Executing VM operation: ParallelGCFailedAllocation done
Event: 12.445 Executing VM operation: HandshakeAllThreads
Event: 12.450 Executing VM operation: HandshakeAllThreads done
Event: 12.463 Executing VM operation: HandshakeAllThreads
Event: 12.463 Executing VM operation: HandshakeAllThreads done
Event: 12.484 Executing VM operation: HandshakeAllThreads
Event: 12.493 Executing VM operation: HandshakeAllThreads done
Event: 12.718 Executing VM operation: ParallelGCFailedAllocation
Event: 12.786 Executing VM operation: ParallelGCFailedAllocation done
Event: 12.792 Executing VM operation: HandshakeAllThreads
Event: 12.793 Executing VM operation: HandshakeAllThreads done

Memory protections (0 events):
No events

Nmethod flushes (20 events):
Event: 12.502 Thread 0x000001c77bf4b620 flushing  nmethod 0x000001c700a38e10
Event: 12.502 Thread 0x000001c77bf4b620 flushing  nmethod 0x000001c700a39710
Event: 12.502 Thread 0x000001c77bf4b620 flushing  nmethod 0x000001c700a39e90
Event: 12.502 Thread 0x000001c77bf4b620 flushing  nmethod 0x000001c700a4ca90
Event: 12.502 Thread 0x000001c77bf4b620 flushing  nmethod 0x000001c700a4da10
Event: 12.502 Thread 0x000001c77bf4b620 flushing  nmethod 0x000001c700a4e090
Event: 12.502 Thread 0x000001c77bf4b620 flushing  nmethod 0x000001c700a55190
Event: 12.502 Thread 0x000001c77bf4b620 flushing  nmethod 0x000001c700a55890
Event: 12.502 Thread 0x000001c77bf4b620 flushing  nmethod 0x000001c700a56710
Event: 12.502 Thread 0x000001c77bf4b620 flushing  nmethod 0x000001c700a59210
Event: 12.502 Thread 0x000001c77bf4b620 flushing  nmethod 0x000001c700a5af90
Event: 12.502 Thread 0x000001c77bf4b620 flushing  nmethod 0x000001c700a5c310
Event: 12.502 Thread 0x000001c77bf4b620 flushing  nmethod 0x000001c700a5cb10
Event: 12.502 Thread 0x000001c77bf4b620 flushing  nmethod 0x000001c700a5d110
Event: 12.502 Thread 0x000001c77bf4b620 flushing  nmethod 0x000001c700a61d90
Event: 12.502 Thread 0x000001c77bf4b620 flushing  nmethod 0x000001c700a63510
Event: 12.502 Thread 0x000001c77bf4b620 flushing  nmethod 0x000001c700a6fe10
Event: 12.502 Thread 0x000001c77bf4b620 flushing  nmethod 0x000001c700a74410
Event: 12.502 Thread 0x000001c77bf4b620 flushing  nmethod 0x000001c700a78e90
Event: 12.502 Thread 0x000001c77bf4b620 flushing  nmethod 0x000001c700a91590

Events (20 events):
Event: 7.177 Thread 0x000001c77ca9eb30 Thread added: 0x000001c77d106ca0
Event: 7.233 Thread 0x000001c77ca9eb30 Thread added: 0x000001c77d107bd0
Event: 7.270 Thread 0x000001c77ca9eb30 Thread added: 0x000001c77d109a30
Event: 7.489 Thread 0x000001c77d109a30 Thread added: 0x000001c77d1071b0
Event: 9.164 Thread 0x000001c77ca9eb30 Thread added: 0x000001c77d1085f0
Event: 9.347 Thread 0x000001c77d109a30 Thread added: 0x000001c77d1076c0
Event: 9.352 Thread 0x000001c77d1076c0 Thread added: 0x000001c77d109520
Event: 9.701 Thread 0x000001c771efde80 Thread added: 0x000001c77d108b00
Event: 9.702 Thread 0x000001c771efde80 Thread added: 0x000001c77ef20ec0
Event: 9.702 Thread 0x000001c771efde80 Thread added: 0x000001c77ef22d20
Event: 9.702 Thread 0x000001c771efde80 Thread added: 0x000001c77ef255a0
Event: 9.702 Thread 0x000001c771efde80 Thread added: 0x000001c77ef264d0
Event: 9.773 Thread 0x000001c77d107bd0 Thread added: 0x000001c77ef23c50
Event: 9.829 Thread 0x000001c771efde80 Thread added: 0x000001c77ef1f060
Event: 10.515 Thread 0x000001c771efde80 Thread added: 0x000001c77ef21df0
Event: 10.515 Thread 0x000001c771efde80 Thread added: 0x000001c77ef1fa80
Event: 11.188 Thread 0x000001c77ef23c50 Thread added: 0x000001c77ef22300
Event: 11.773 Thread 0x000001c77d109520 Thread added: 0x000001c77ef213d0
Event: 11.778 Thread 0x000001c77ef213d0 Thread added: 0x000001c77ef24160
Event: 12.067 Thread 0x000001c77d109520 Thread added: 0x000001c77ef269e0


Dynamic libraries:
0x00007ff7aec70000 - 0x00007ff7aec7e000 	c:\Users\HP\.vscode\extensions\redhat.java-1.38.0-win32-x64\jre\17.0.13-win32-x86_64\bin\java.exe
0x00007ffb5c670000 - 0x00007ffb5c868000 	C:\WINDOWS\SYSTEM32\ntdll.dll
0x00007ffb5a840000 - 0x00007ffb5a902000 	C:\WINDOWS\System32\KERNEL32.DLL
0x00007ffb59d10000 - 0x00007ffb5a00e000 	C:\WINDOWS\System32\KERNELBASE.dll
0x00007ffb5a480000 - 0x00007ffb5a580000 	C:\WINDOWS\System32\ucrtbase.dll
0x00007ffb34640000 - 0x00007ffb34657000 	c:\Users\HP\.vscode\extensions\redhat.java-1.38.0-win32-x64\jre\17.0.13-win32-x86_64\bin\jli.dll
0x00007ffb5b4f0000 - 0x00007ffb5b68d000 	C:\WINDOWS\System32\USER32.dll
0x00007ffb5a450000 - 0x00007ffb5a472000 	C:\WINDOWS\System32\win32u.dll
0x00007ffb5c1c0000 - 0x00007ffb5c1eb000 	C:\WINDOWS\System32\GDI32.dll
0x00007ffb5a300000 - 0x00007ffb5a417000 	C:\WINDOWS\System32\gdi32full.dll
0x00007ffb5a580000 - 0x00007ffb5a61d000 	C:\WINDOWS\System32\msvcp_win.dll
0x00007ffb28180000 - 0x00007ffb2819e000 	c:\Users\HP\.vscode\extensions\redhat.java-1.38.0-win32-x64\jre\17.0.13-win32-x86_64\bin\VCRUNTIME140.dll
0x00007ffb44000000 - 0x00007ffb4429a000 	C:\WINDOWS\WinSxS\amd64_microsoft.windows.common-controls_6595b64144ccf1df_6.0.19041.4355_none_60b8b9eb71f62e16\COMCTL32.dll
0x00007ffb5c300000 - 0x00007ffb5c39e000 	C:\WINDOWS\System32\msvcrt.dll
0x00007ffb5c190000 - 0x00007ffb5c1bf000 	C:\WINDOWS\System32\IMM32.DLL
0x0000000057e30000 - 0x0000000057e3c000 	C:\Program Files (x86)\360\Total Security\safemon\SafeWrapper.dll
0x00007ffb5b7d0000 - 0x00007ffb5b881000 	C:\WINDOWS\System32\ADVAPI32.dll
0x00007ffb5b890000 - 0x00007ffb5b92f000 	C:\WINDOWS\System32\sechost.dll
0x00007ffb5c470000 - 0x00007ffb5c593000 	C:\WINDOWS\System32\RPCRT4.dll
0x00007ffb5a420000 - 0x00007ffb5a447000 	C:\WINDOWS\System32\bcrypt.dll
0x00007ffb1b930000 - 0x00007ffb1b9dc000 	C:\Program Files (x86)\360\Total Security\safemon\libzdtp64.dll
0x00007ffb5b940000 - 0x00007ffb5c0ad000 	C:\WINDOWS\System32\SHELL32.dll
0x00007ffb5c5c0000 - 0x00007ffb5c615000 	C:\WINDOWS\System32\SHLWAPI.dll
0x00007ffb597a0000 - 0x00007ffb597aa000 	C:\WINDOWS\SYSTEM32\VERSION.dll
0x00007ffb32430000 - 0x00007ffb3243c000 	c:\Users\HP\.vscode\extensions\redhat.java-1.38.0-win32-x64\jre\17.0.13-win32-x86_64\bin\vcruntime140_1.dll
0x00007ffaddc60000 - 0x00007ffaddced000 	c:\Users\HP\.vscode\extensions\redhat.java-1.38.0-win32-x64\jre\17.0.13-win32-x86_64\bin\msvcp140.dll
0x00007ffaaa1b0000 - 0x00007ffaaae1b000 	c:\Users\HP\.vscode\extensions\redhat.java-1.38.0-win32-x64\jre\17.0.13-win32-x86_64\bin\server\jvm.dll
0x00007ffb5ab30000 - 0x00007ffb5ab9b000 	C:\WINDOWS\System32\WS2_32.dll
0x00007ffb59b70000 - 0x00007ffb59bbb000 	C:\WINDOWS\SYSTEM32\POWRPROF.dll
0x00007ffb3f6a0000 - 0x00007ffb3f6c7000 	C:\WINDOWS\SYSTEM32\WINMM.dll
0x00007ffb59b50000 - 0x00007ffb59b62000 	C:\WINDOWS\SYSTEM32\UMPDC.dll
0x00007ffb58510000 - 0x00007ffb58522000 	C:\WINDOWS\SYSTEM32\kernel.appcore.dll
0x00007ffb2f110000 - 0x00007ffb2f11a000 	c:\Users\HP\.vscode\extensions\redhat.java-1.38.0-win32-x64\jre\17.0.13-win32-x86_64\bin\jimage.dll
0x00007ffb582a0000 - 0x00007ffb58484000 	C:\WINDOWS\SYSTEM32\DBGHELP.DLL
0x00007ffb381d0000 - 0x00007ffb38204000 	C:\WINDOWS\SYSTEM32\dbgcore.DLL
0x00007ffb5a010000 - 0x00007ffb5a092000 	C:\WINDOWS\System32\bcryptPrimitives.dll
0x00007ffb2eb80000 - 0x00007ffb2eb8e000 	c:\Users\HP\.vscode\extensions\redhat.java-1.38.0-win32-x64\jre\17.0.13-win32-x86_64\bin\instrument.dll
0x00007ffae3650000 - 0x00007ffae3675000 	c:\Users\HP\.vscode\extensions\redhat.java-1.38.0-win32-x64\jre\17.0.13-win32-x86_64\bin\java.dll
0x00007ffb1e9c0000 - 0x00007ffb1e9d8000 	c:\Users\HP\.vscode\extensions\redhat.java-1.38.0-win32-x64\jre\17.0.13-win32-x86_64\bin\zip.dll
0x00007ffb57a30000 - 0x00007ffb581d4000 	C:\WINDOWS\SYSTEM32\windows.storage.dll
0x00007ffb5aba0000 - 0x00007ffb5aef3000 	C:\WINDOWS\System32\combase.dll
0x00007ffb59600000 - 0x00007ffb5962e000 	C:\WINDOWS\SYSTEM32\Wldp.dll
0x00007ffb5c3a0000 - 0x00007ffb5c46d000 	C:\WINDOWS\System32\OLEAUT32.dll
0x00007ffb5a910000 - 0x00007ffb5a9bd000 	C:\WINDOWS\System32\SHCORE.dll
0x00007ffb59c40000 - 0x00007ffb59c64000 	C:\WINDOWS\SYSTEM32\profapi.dll
0x00007ffb1d780000 - 0x00007ffb1d799000 	C:\Users\HP\.vscode\extensions\redhat.java-1.38.0-win32-x64\jre\17.0.13-win32-x86_64\bin\net.dll
0x00007ffb4d450000 - 0x00007ffb4d55d000 	C:\WINDOWS\SYSTEM32\WINHTTP.dll
0x00007ffb59360000 - 0x00007ffb593ca000 	C:\WINDOWS\system32\mswsock.dll
0x00007ffb16e10000 - 0x00007ffb16e26000 	C:\Users\HP\.vscode\extensions\redhat.java-1.38.0-win32-x64\jre\17.0.13-win32-x86_64\bin\nio.dll
0x00007ffb280b0000 - 0x00007ffb280c0000 	c:\Users\HP\.vscode\extensions\redhat.java-1.38.0-win32-x64\jre\17.0.13-win32-x86_64\bin\verify.dll
0x00007ffadecb0000 - 0x00007ffadecf5000 	C:\Users\HP\AppData\Roaming\Code\User\globalStorage\redhat.java\1.38.0\config_win\org.eclipse.equinox.launcher\org.eclipse.equinox.launcher.win32.win32.x86_64_1.2.1100.v20240722-2106\eclipse_11904.dll
0x00007ffb5b6a0000 - 0x00007ffb5b7cb000 	C:\WINDOWS\System32\ole32.dll
0x00007ffb59550000 - 0x00007ffb59568000 	C:\WINDOWS\SYSTEM32\CRYPTSP.dll
0x00007ffb58c80000 - 0x00007ffb58cb4000 	C:\WINDOWS\system32\rsaenh.dll
0x00007ffb59c00000 - 0x00007ffb59c2e000 	C:\WINDOWS\SYSTEM32\USERENV.dll
0x00007ffb59570000 - 0x00007ffb5957c000 	C:\WINDOWS\SYSTEM32\CRYPTBASE.dll
0x00007ffb59040000 - 0x00007ffb5907b000 	C:\WINDOWS\SYSTEM32\IPHLPAPI.DLL
0x00007ffb5c620000 - 0x00007ffb5c628000 	C:\WINDOWS\System32\NSI.dll
0x00007ffb4db20000 - 0x00007ffb4db37000 	C:\WINDOWS\SYSTEM32\dhcpcsvc6.DLL
0x00007ffb4e6c0000 - 0x00007ffb4e6dd000 	C:\WINDOWS\SYSTEM32\dhcpcsvc.DLL
0x00007ffb59080000 - 0x00007ffb5914a000 	C:\WINDOWS\SYSTEM32\DNSAPI.dll
0x00007ffade7f0000 - 0x00007ffade839000 	C:\Users\HP\AppData\Local\Temp\jna-2312\jna170423023969530412.dll
0x00007ffb5b930000 - 0x00007ffb5b938000 	C:\WINDOWS\System32\PSAPI.DLL

dbghelp: loaded successfully - version: 4.0.5 - missing functions: none
symbol engine: initialized successfully - sym options: 0x614 - pdb path: .;c:\Users\HP\.vscode\extensions\redhat.java-1.38.0-win32-x64\jre\17.0.13-win32-x86_64\bin;C:\WINDOWS\SYSTEM32;C:\WINDOWS\WinSxS\amd64_microsoft.windows.common-controls_6595b64144ccf1df_6.0.19041.4355_none_60b8b9eb71f62e16;C:\Program Files (x86)\360\Total Security\safemon;c:\Users\HP\.vscode\extensions\redhat.java-1.38.0-win32-x64\jre\17.0.13-win32-x86_64\bin\server;C:\Users\HP\AppData\Roaming\Code\User\globalStorage\redhat.java\1.38.0\config_win\org.eclipse.equinox.launcher\org.eclipse.equinox.launcher.win32.win32.x86_64_1.2.1100.v20240722-2106;C:\Users\HP\AppData\Local\Temp\jna-2312

VM Arguments:
jvm_args: --add-modules=ALL-SYSTEM --add-opens=java.base/java.util=ALL-UNNAMED --add-opens=java.base/java.lang=ALL-UNNAMED --add-opens=java.base/sun.nio.fs=ALL-UNNAMED -Declipse.application=org.eclipse.jdt.ls.core.id1 -Dosgi.bundles.defaultStartLevel=4 -Declipse.product=org.eclipse.jdt.ls.core.product -Djava.import.generatesMetadataFilesAtProjectRoot=false -DDetectVMInstallationsJob.disabled=true -Dfile.encoding=utf8 -XX:+UseParallelGC -XX:GCTimeRatio=4 -XX:AdaptiveSizePolicyWeight=90 -Dsun.zip.disableMemoryMapping=true -Xmx1G -Xms100m -Xlog:disable -javaagent:c:\Users\HP\.vscode\extensions\redhat.java-1.38.0-win32-x64\lombok\lombok-1.18.34.jar -XX:+HeapDumpOnOutOfMemoryError -XX:HeapDumpPath=c:\Users\HP\AppData\Roaming\Code\User\workspaceStorage\95766eaade6a7466387557eabee0eaaf\redhat.java -Daether.dependencyCollector.impl=bf 
java_command: c:\Users\HP\.vscode\extensions\redhat.java-1.38.0-win32-x64\server\plugins\org.eclipse.equinox.launcher_1.6.900.v20240613-2009.jar -configuration c:\Users\HP\AppData\Roaming\Code\User\globalStorage\redhat.java\1.38.0\config_win -data c:\Users\HP\AppData\Roaming\Code\User\workspaceStorage\95766eaade6a7466387557eabee0eaaf\redhat.java\jdt_ws --pipe=\\.\pipe\lsp-30298b0e533daf164b2c7fc1c878374d-sock
java_class_path (initial): c:\Users\HP\.vscode\extensions\redhat.java-1.38.0-win32-x64\server\plugins\org.eclipse.equinox.launcher_1.6.900.v20240613-2009.jar
Launcher Type: SUN_STANDARD

[Global flags]
    uintx AdaptiveSizePolicyWeight                 = 90                                        {product} {command line}
     intx CICompilerCount                          = 3                                         {product} {ergonomic}
    uintx GCTimeRatio                              = 4                                         {product} {command line}
     bool HeapDumpOnOutOfMemoryError               = true                                   {manageable} {command line}
    ccstr HeapDumpPath                             = c:\Users\HP\AppData\Roaming\Code\User\workspaceStorage\95766eaade6a7466387557eabee0eaaf\redhat.java         {manageable} {command line}
   size_t InitialHeapSize                          = 104857600                                 {product} {command line}
   size_t MaxHeapSize                              = 1073741824                                {product} {command line}
   size_t MaxNewSize                               = 357564416                                 {product} {ergonomic}
   size_t MinHeapDeltaBytes                        = 524288                                    {product} {ergonomic}
   size_t MinHeapSize                              = 104857600                                 {product} {command line}
   size_t NewSize                                  = 34603008                                  {product} {ergonomic}
    uintx NonNMethodCodeHeapSize                   = 5832780                                {pd product} {ergonomic}
    uintx NonProfiledCodeHeapSize                  = 122912730                              {pd product} {ergonomic}
   size_t OldSize                                  = 70254592                                  {product} {ergonomic}
    uintx ProfiledCodeHeapSize                     = 122912730                              {pd product} {ergonomic}
    uintx ReservedCodeCacheSize                    = 251658240                              {pd product} {ergonomic}
     bool SegmentedCodeCache                       = true                                      {product} {ergonomic}
   size_t SoftMaxHeapSize                          = 1073741824                             {manageable} {ergonomic}
     bool UseCompressedClassPointers               = true                           {product lp64_product} {ergonomic}
     bool UseCompressedOops                        = true                           {product lp64_product} {ergonomic}
     bool UseLargePagesIndividualAllocation        = false                                  {pd product} {ergonomic}
     bool UseParallelGC                            = true                                      {product} {command line}

Logging:
Log output configuration:
 #0: stdout all=off uptime,level,tags
 #1: stderr all=off uptime,level,tags

Environment Variables:
PATH=C:\Program Files\Common Files\Oracle\Java\javapath;C:\WINDOWS\system32;C:\WINDOWS;C:\WINDOWS\System32\Wbem;C:\WINDOWS\System32\WindowsPowerShell\v1.0\;C:\WINDOWS\System32\OpenSSH\;C:\Program Files\Git\cmd;C:\Users\HP\AppData\Local\Microsoft\WindowsApps;C:\Users\HP\AppData\Local\Programs\Microsoft VS Code\bin
USERNAME=HP
OS=Windows_NT
PROCESSOR_IDENTIFIER=Intel64 Family 6 Model 78 Stepping 3, GenuineIntel
TMP=C:\Users\HP\AppData\Local\Temp
TEMP=C:\Users\HP\AppData\Local\Temp



Periodic native trim disabled


---------------  S Y S T E M  ---------------

OS:
 Windows 10 , 64 bit Build 19041 (10.0.19041.5198)
OS uptime: 2 days 10:36 hours

CPU: total 4 (initial active 4) (2 cores per cpu, 2 threads per core) family 6 model 78 stepping 3 microcode 0xf0, cx8, cmov, fxsr, ht, mmx, 3dnowpref, sse, sse2, sse3, ssse3, sse4.1, sse4.2, popcnt, lzcnt, tsc, tscinvbit, avx, avx2, aes, erms, clmul, bmi1, bmi2, rtm, adx, fma, vzeroupper, clflush, clflushopt
Processor Information for all 4 processors :
  Max Mhz: 2496, Current Mhz: 2396, Mhz Limit: 2396

Memory: 4k page, system-wide physical 8071M (153M free)
TotalPageFile size 21024M (AvailPageFile size 13M)
current process WorkingSet (physical memory assigned to process): 202M, peak: 204M
current process commit charge ("private bytes"): 267M, peak: 269M

vm_info: OpenJDK 64-Bit Server VM (17.0.13+11) for windows-amd64 JRE (17.0.13+11), built on Oct 16 2024 00:10:08 by "admin" with MS VC++ 17.7 (VS2022)

END.
