#
# There is insufficient memory for the Java Runtime Environment to continue.
# Native memory allocation (malloc) failed to allocate 1688208 bytes. Error detail: Chunk::new
# Possible reasons:
#   The system is out of physical RAM or swap space
#   This process is running with CompressedOops enabled, and the Java Heap may be blocking the growth of the native heap
# Possible solutions:
#   Reduce memory load on the system
#   Increase physical memory or swap space
#   Check if swap backing store is full
#   Decrease Java heap size (-Xmx/-Xms)
#   Decrease number of Java threads
#   Decrease Java thread stack sizes (-Xss)
#   Set larger code cache with -XX:ReservedCodeCacheSize=
#   JVM is running with Unscaled Compressed Oops mode in which the Java heap is
#     placed in the first 4GB address space. The Java Heap base address is the
#     maximum limit for the native heap growth. Please use -XX:HeapBaseMinAddress
#     to set the Java Heap base and to place the Java Heap above 4GB virtual address.
# This output file may be truncated or incomplete.
#
#  Out of Memory Error (arena.cpp:191), pid=18404, tid=13016
#
# JRE version: OpenJDK Runtime Environment Temurin-17.0.13+11 (17.0.13+11) (build 17.0.13+11)
# Java VM: OpenJDK 64-Bit Server VM Temurin-17.0.13+11 (17.0.13+11, mixed mode, tiered, compressed oops, compressed class ptrs, parallel gc, windows-amd64)
# No core dump will be written. Minidumps are not enabled by default on client versions of Windows
#

---------------  S U M M A R Y ------------

Command Line: --add-modules=ALL-SYSTEM --add-opens=java.base/java.util=ALL-UNNAMED --add-opens=java.base/java.lang=ALL-UNNAMED --add-opens=java.base/sun.nio.fs=ALL-UNNAMED -Declipse.application=org.eclipse.jdt.ls.core.id1 -Dosgi.bundles.defaultStartLevel=4 -Declipse.product=org.eclipse.jdt.ls.core.product -Djava.import.generatesMetadataFilesAtProjectRoot=false -DDetectVMInstallationsJob.disabled=true -Dfile.encoding=utf8 -XX:+UseParallelGC -XX:GCTimeRatio=4 -XX:AdaptiveSizePolicyWeight=90 -Dsun.zip.disableMemoryMapping=true -Xmx1G -Xms100m -Xlog:disable -javaagent:c:\Users\HP\.vscode\extensions\redhat.java-1.38.0-win32-x64\lombok\lombok-1.18.34.jar -XX:+HeapDumpOnOutOfMemoryError -XX:HeapDumpPath=c:\Users\HP\AppData\Roaming\Code\User\workspaceStorage\95766eaade6a7466387557eabee0eaaf\redhat.java -Daether.dependencyCollector.impl=bf c:\Users\HP\.vscode\extensions\redhat.java-1.38.0-win32-x64\server\plugins\org.eclipse.equinox.launcher_1.6.900.v20240613-2009.jar -configuration c:\Users\HP\AppData\Roaming\Code\User\globalStorage\redhat.java\1.38.0\config_win -data c:\Users\HP\AppData\Roaming\Code\User\workspaceStorage\95766eaade6a7466387557eabee0eaaf\redhat.java\jdt_ws --pipe=\\.\pipe\lsp-2d2b4f25f1761bd0e988d79d6f879e46-sock

Host: Intel(R) Core(TM) i5-6300U CPU @ 2.40GHz, 4 cores, 7G,  Windows 10 , 64 bit Build 19041 (10.0.19041.5198)
Time: Fri Dec 27 00:54:31 2024 W. Central Africa Standard Time elapsed time: 802.337847 seconds (0d 0h 13m 22s)

---------------  T H R E A D  ---------------

Current thread (0x000002acb27e1890):  JavaThread "C2 CompilerThread0" daemon [_thread_in_native, id=13016, stack(0x000000d360c00000,0x000000d360d00000)]


Current CompileTask:
C2: 802338 16012       4       lombok.eclipse.EclipseAST::buildMethod (110 bytes)

Stack: [0x000000d360c00000,0x000000d360d00000]
Native frames: (J=compiled Java code, j=interpreted, Vv=VM code, C=native code)
V  [jvm.dll+0x682a19]
V  [jvm.dll+0x839538]
V  [jvm.dll+0x83afe3]
V  [jvm.dll+0x83b653]
V  [jvm.dll+0x24704f]
V  [jvm.dll+0xace34]
V  [jvm.dll+0xad4cc]
V  [jvm.dll+0x36597e]
V  [jvm.dll+0x1ba989]
V  [jvm.dll+0x2181a7]
V  [jvm.dll+0x21748f]
V  [jvm.dll+0x1a3070]
V  [jvm.dll+0x22788c]
V  [jvm.dll+0x2259eb]
V  [jvm.dll+0x7eec98]
V  [jvm.dll+0x7e8ffc]
V  [jvm.dll+0x6818f7]
C  [ucrtbase.dll+0x21bb2]
C  [KERNEL32.DLL+0x17374]
C  [ntdll.dll+0x4cc91]


---------------  P R O C E S S  ---------------

Threads class SMR info:
_java_thread_list=0x000002acbb370200, length=37, elements={
0x000002ac9e97bbf0, 0x000002acb27bd740, 0x000002acb27c05f0, 0x000002acb798b090,
0x000002acb798be20, 0x000002acb798eec0, 0x000002acb798f8f0, 0x000002acb27e1890,
0x000002acb79d9290, 0x000002acb79da320, 0x000002ac9e9df2a0, 0x000002acb7c93620,
0x000002acb82f7ee0, 0x000002acb82e4890, 0x000002acb82dd1b0, 0x000002acb82db440,
0x000002acb84e3d80, 0x000002acb84611c0, 0x000002acb8463530, 0x000002acb8462b10,
0x000002acb84607a0, 0x000002acb9cd6fa0, 0x000002acb9cd6580, 0x000002acb9cd9310,
0x000002acb9cd9820, 0x000002acb9cd6070, 0x000002acb9cd6a90, 0x000002acb9cd74b0,
0x000002acb9cd79c0, 0x000002acb7eced00, 0x000002acb7ed1a90, 0x000002acb7ed2ed0,
0x000002acb7ecf720, 0x000002acb7ecfc30, 0x000002acb7ed0140, 0x000002acb7ed24b0,
0x000002acb8460cb0
}

Java Threads: ( => current thread )
  0x000002ac9e97bbf0 JavaThread "main" [_thread_blocked, id=24604, stack(0x000000d360300000,0x000000d360400000)]
  0x000002acb27bd740 JavaThread "Reference Handler" daemon [_thread_blocked, id=19288, stack(0x000000d360600000,0x000000d360700000)]
  0x000002acb27c05f0 JavaThread "Finalizer" daemon [_thread_blocked, id=14840, stack(0x000000d360700000,0x000000d360800000)]
  0x000002acb798b090 JavaThread "Signal Dispatcher" daemon [_thread_blocked, id=21096, stack(0x000000d360800000,0x000000d360900000)]
  0x000002acb798be20 JavaThread "Attach Listener" daemon [_thread_blocked, id=21440, stack(0x000000d360900000,0x000000d360a00000)]
  0x000002acb798eec0 JavaThread "Service Thread" daemon [_thread_blocked, id=21488, stack(0x000000d360a00000,0x000000d360b00000)]
  0x000002acb798f8f0 JavaThread "Monitor Deflation Thread" daemon [_thread_blocked, id=22212, stack(0x000000d360b00000,0x000000d360c00000)]
=>0x000002acb27e1890 JavaThread "C2 CompilerThread0" daemon [_thread_in_native, id=13016, stack(0x000000d360c00000,0x000000d360d00000)]
  0x000002acb79d9290 JavaThread "C1 CompilerThread0" daemon [_thread_blocked, id=16792, stack(0x000000d360d00000,0x000000d360e00000)]
  0x000002acb79da320 JavaThread "Sweeper thread" daemon [_thread_blocked, id=23160, stack(0x000000d360e00000,0x000000d360f00000)]
  0x000002ac9e9df2a0 JavaThread "Common-Cleaner" daemon [_thread_blocked, id=10940, stack(0x000000d360f00000,0x000000d361000000)]
  0x000002acb7c93620 JavaThread "Notification Thread" daemon [_thread_blocked, id=25520, stack(0x000000d361000000,0x000000d361100000)]
  0x000002acb82f7ee0 JavaThread "Active Thread: Equinox Container: a062de14-cc04-42af-afb9-6e83efe9147e" [_thread_blocked, id=9608, stack(0x000000d361500000,0x000000d361600000)]
  0x000002acb82e4890 JavaThread "Refresh Thread: Equinox Container: a062de14-cc04-42af-afb9-6e83efe9147e" daemon [_thread_blocked, id=22036, stack(0x000000d361600000,0x000000d361700000)]
  0x000002acb82dd1b0 JavaThread "Framework Event Dispatcher: Equinox Container: a062de14-cc04-42af-afb9-6e83efe9147e" daemon [_thread_blocked, id=21072, stack(0x000000d361700000,0x000000d361800000)]
  0x000002acb82db440 JavaThread "Start Level: Equinox Container: a062de14-cc04-42af-afb9-6e83efe9147e" daemon [_thread_blocked, id=20676, stack(0x000000d361800000,0x000000d361900000)]
  0x000002acb84e3d80 JavaThread "Bundle File Closer" daemon [_thread_blocked, id=23304, stack(0x000000d361900000,0x000000d361a00000)]
  0x000002acb84611c0 JavaThread "SCR Component Actor" daemon [_thread_blocked, id=23472, stack(0x000000d361a00000,0x000000d361b00000)]
  0x000002acb8463530 JavaThread "Worker-JM" [_thread_blocked, id=2104, stack(0x000000d361c00000,0x000000d361d00000)]
  0x000002acb8462b10 JavaThread "Java indexing" daemon [_thread_blocked, id=24892, stack(0x000000d362100000,0x000000d362200000)]
  0x000002acb84607a0 JavaThread "JNA Cleaner" daemon [_thread_blocked, id=24432, stack(0x000000d361b00000,0x000000d361c00000)]
  0x000002acb9cd6fa0 JavaThread "Thread-2" daemon [_thread_in_native, id=14572, stack(0x000000d362500000,0x000000d362600000)]
  0x000002acb9cd6580 JavaThread "Thread-3" daemon [_thread_in_native, id=11396, stack(0x000000d362600000,0x000000d362700000)]
  0x000002acb9cd9310 JavaThread "Thread-4" daemon [_thread_in_native, id=18028, stack(0x000000d362700000,0x000000d362800000)]
  0x000002acb9cd9820 JavaThread "Thread-5" daemon [_thread_in_native, id=21616, stack(0x000000d362800000,0x000000d362900000)]
  0x000002acb9cd6070 JavaThread "Thread-6" daemon [_thread_in_native, id=23252, stack(0x000000d362900000,0x000000d362a00000)]
  0x000002acb9cd6a90 JavaThread "pool-2-thread-1" [_thread_blocked, id=24348, stack(0x000000d362a00000,0x000000d362b00000)]
  0x000002acb9cd74b0 JavaThread "WorkspaceEventsHandler" [_thread_blocked, id=18776, stack(0x000000d362b00000,0x000000d362c00000)]
  0x000002acb9cd79c0 JavaThread "pool-1-thread-1" [_thread_blocked, id=22608, stack(0x000000d362c00000,0x000000d362d00000)]
  0x000002acb7eced00 JavaThread "ForkJoinPool.commonPool-worker-1" daemon [_thread_blocked, id=25428, stack(0x000000d362e00000,0x000000d362f00000)]
  0x000002acb7ed1a90 JavaThread "ForkJoinPool.commonPool-worker-2" daemon [_thread_blocked, id=22384, stack(0x000000d363000000,0x000000d363100000)]
  0x000002acb7ed2ed0 JavaThread "ForkJoinPool.commonPool-worker-3" daemon [_thread_blocked, id=22216, stack(0x000000d363100000,0x000000d363200000)]
  0x000002acb7ecf720 JavaThread "Compiler Source File Reader" daemon [_thread_blocked, id=25424, stack(0x000000d363200000,0x000000d363300000)]
  0x000002acb7ecfc30 JavaThread "Cleaner-0" daemon [_thread_blocked, id=25112, stack(0x000000d363400000,0x000000d363500000)]
  0x000002acb7ed0140 JavaThread "Compiler Source File Reader" daemon [_thread_blocked, id=4668, stack(0x000000d363500000,0x000000d363600000)]
  0x000002acb7ed24b0 JavaThread "Worker-7" [_thread_blocked, id=19064, stack(0x000000d361f00000,0x000000d362000000)]
  0x000002acb8460cb0 JavaThread "Worker-8" [_thread_blocked, id=23740, stack(0x000000d360100000,0x000000d360200000)]

Other Threads:
  0x000002acb27a5990 VMThread "VM Thread" [stack: 0x000000d360500000,0x000000d360600000] [id=21164]
  0x000002acb7c94460 WatcherThread [stack: 0x000000d361100000,0x000000d361200000] [id=24040]
  0x000002ac9e9949a0 GCTaskThread "GC Thread#0" [stack: 0x000000d360400000,0x000000d360500000] [id=8344]
  0x000002acb821e0a0 GCTaskThread "GC Thread#1" [stack: 0x000000d361200000,0x000000d361300000] [id=22624]
  0x000002acb7f2a420 GCTaskThread "GC Thread#2" [stack: 0x000000d361300000,0x000000d361400000] [id=21392]
  0x000002acb7f2a6e0 GCTaskThread "GC Thread#3" [stack: 0x000000d361400000,0x000000d361500000] [id=25200]

Threads with active compile tasks:
C2 CompilerThread0   802490 16012       4       lombok.eclipse.EclipseAST::buildMethod (110 bytes)

VM state: not at safepoint (normal execution)

VM Mutex/Monitor currently owned by a thread: None

Heap address: 0x00000000c0000000, size: 1024 MB, Compressed Oops mode: 32-bit

CDS archive(s) not mapped
Compressed class space mapped at: 0x0000000100000000-0x0000000140000000, reserved size: 1073741824
Narrow klass base: 0x0000000000000000, Narrow klass shift: 3, Narrow klass range: 0x140000000

GC Precious Log:
 CPUs: 4 total, 4 available
 Memory: 8071M
 Large Page Support: Disabled
 NUMA Support: Disabled
 Compressed Oops: Enabled (32-bit)
 Alignments: Space 512K, Generation 512K, Heap 2M
 Heap Min Capacity: 100M
 Heap Initial Capacity: 100M
 Heap Max Capacity: 1G
 Pre-touch: Disabled
 Parallel Workers: 4

Heap:
 PSYoungGen      total 22528K, used 19524K [0x00000000eab00000, 0x00000000ec480000, 0x0000000100000000)
  eden space 20992K, 86% used [0x00000000eab00000,0x00000000ebcb10d8,0x00000000ebf80000)
  from space 1536K, 91% used [0x00000000ec300000,0x00000000ec460020,0x00000000ec480000)
  to   space 1536K, 0% used [0x00000000ec180000,0x00000000ec180000,0x00000000ec300000)
 ParOldGen       total 368640K, used 364744K [0x00000000c0000000, 0x00000000d6800000, 0x00000000eab00000)
  object space 368640K, 98% used [0x00000000c0000000,0x00000000d64320b8,0x00000000d6800000)
 Metaspace       used 84894K, committed 86208K, reserved 1179648K
  class space    used 8752K, committed 9280K, reserved 1048576K

Card table byte_map: [0x000002ac9e300000,0x000002ac9e510000] _byte_map_base: 0x000002ac9dd00000

Marking Bits: (ParMarkBitMap*) 0x00007ffaadcd6940
 Begin Bits: [0x000002acb0600000, 0x000002acb1600000)
 End Bits:   [0x000002acb1600000, 0x000002acb2600000)

Polling page: 0x000002ac9c8e0000

Metaspace:

Usage:
  Non-class:     74.36 MB used.
      Class:      8.55 MB used.
       Both:     82.91 MB used.

Virtual space:
  Non-class space:      128.00 MB reserved,      75.12 MB ( 59%) committed,  2 nodes.
      Class space:        1.00 GB reserved,       9.06 MB ( <1%) committed,  1 nodes.
             Both:        1.12 GB reserved,      84.19 MB (  7%) committed. 

Chunk freelists:
   Non-Class:  4.92 MB
       Class:  6.78 MB
        Both:  11.70 MB

MaxMetaspaceSize: unlimited
CompressedClassSpaceSize: 1.00 GB
Initial GC threshold: 21.00 MB
Current GC threshold: 123.38 MB
CDS: off
MetaspaceReclaimPolicy: balanced
 - commit_granule_bytes: 65536.
 - commit_granule_words: 8192.
 - virtual_space_node_default_size: 8388608.
 - enlarge_chunks_in_place: 1.
 - new_chunks_are_fully_committed: 0.
 - uncommit_free_chunks: 1.
 - use_allocation_guard: 0.
 - handle_deallocations: 1.


Internal statistics:

num_allocs_failed_limit: 11.
num_arena_births: 966.
num_arena_deaths: 24.
num_vsnodes_births: 3.
num_vsnodes_deaths: 0.
num_space_committed: 1347.
num_space_uncommitted: 0.
num_chunks_returned_to_freelist: 38.
num_chunks_taken_from_freelist: 4441.
num_chunk_merges: 14.
num_chunk_splits: 2742.
num_chunks_enlarged: 1580.
num_inconsistent_stats: 0.

CodeHeap 'non-profiled nmethods': size=120000Kb used=9236Kb max_used=9236Kb free=110763Kb
 bounds [0x000002aca90d0000, 0x000002aca99e0000, 0x000002acb0600000]
CodeHeap 'profiled nmethods': size=120000Kb used=29253Kb max_used=29253Kb free=90746Kb
 bounds [0x000002aca1600000, 0x000002aca32a0000, 0x000002aca8b30000]
CodeHeap 'non-nmethods': size=5760Kb used=1445Kb max_used=1530Kb free=4314Kb
 bounds [0x000002aca8b30000, 0x000002aca8da0000, 0x000002aca90d0000]
 total_blobs=13414 nmethods=12615 adapters=710
 compilation: enabled
              stopped_count=0, restarted_count=0
 full_count=0

Compilation events (20 events):
Event: 802.012 Thread 0x000002acb79d9290 16030       3       java.io.OutputStreamWriter::write (11 bytes)
Event: 802.012 Thread 0x000002acb79d9290 nmethod 16030 0x000002aca3288010 code [0x000002aca32881c0, 0x000002aca3288328]
Event: 802.015 Thread 0x000002acb79d9290 16031       3       java.util.GregorianCalendar::computeFields (1581 bytes)
Event: 802.023 Thread 0x000002acb27e1890 nmethod 16014% 0x000002aca99d3d90 code [0x000002aca99d3f60, 0x000002aca99d4848]
Event: 802.023 Thread 0x000002acb27e1890 16024       4       org.eclipse.jdt.internal.compiler.lookup.Scope::methodScope (25 bytes)
Event: 802.024 Thread 0x000002acb27e1890 nmethod 16024 0x000002aca99d4c10 code [0x000002aca99d4da0, 0x000002aca99d4e78]
Event: 802.025 Thread 0x000002acb27e1890 16013   !   4       jdk.internal.reflect.GeneratedMethodAccessor9::invoke (61 bytes)
Event: 802.025 Thread 0x000002acb79d9290 nmethod 16031 0x000002aca3288410 code [0x000002aca3288a60, 0x000002aca328d3f8]
Event: 802.025 Thread 0x000002acb79d9290 16032       3       org.eclipse.osgi.internal.log.LoggerImpl::getLocation (66 bytes)
Event: 802.027 Thread 0x000002acb27e1890 nmethod 16013 0x000002aca99d4f10 code [0x000002aca99d50a0, 0x000002aca99d51d8]
Event: 802.027 Thread 0x000002acb27e1890 16012       4       lombok.eclipse.EclipseAST::buildMethod (110 bytes)
Event: 802.029 Thread 0x000002acb79d9290 nmethod 16032 0x000002aca328f510 code [0x000002aca328f700, 0x000002aca328fc58]
Event: 802.282 Thread 0x000002acb79d9290 16033       3       org.eclipse.jdt.ls.core.internal.corrections.InnovationContext::getCoveredNode (38 bytes)
Event: 802.282 Thread 0x000002acb79d9290 nmethod 16033 0x000002aca328fe90 code [0x000002aca3290060, 0x000002aca3290398]
Event: 802.282 Thread 0x000002acb79d9290 16034       3       org.eclipse.jdt.internal.core.manipulation.dom.ASTResolving::findParentBodyDeclaration (24 bytes)
Event: 802.283 Thread 0x000002acb79d9290 nmethod 16034 0x000002aca3290510 code [0x000002aca32906c0, 0x000002aca3290a98]
Event: 802.297 Thread 0x000002acb79d9290 16036   !   3       org.eclipse.jdt.internal.core.dom.rewrite.ASTRewriteAnalyzer::visit (318 bytes)
Event: 802.300 Thread 0x000002acb79d9290 nmethod 16036 0x000002aca3290b90 code [0x000002aca32910c0, 0x000002aca3293a68]
Event: 802.300 Thread 0x000002acb79d9290 16037       3       org.eclipse.jdt.internal.core.dom.rewrite.ASTRewriteAnalyzer::visit (21 bytes)
Event: 802.301 Thread 0x000002acb79d9290 nmethod 16037 0x000002aca3294e10 code [0x000002aca3295040, 0x000002aca32955d8]

GC Heap History (20 events):
Event: 589.831 GC heap before
{Heap before GC invocations=172 (full 11):
 PSYoungGen      total 25088K, used 25060K [0x00000000eab00000, 0x00000000ecb80000, 0x0000000100000000)
  eden space 20992K, 100% used [0x00000000eab00000,0x00000000ebf80000,0x00000000ebf80000)
  from space 4096K, 99% used [0x00000000ec680000,0x00000000eca792c0,0x00000000eca80000)
  to   space 6144K, 0% used [0x00000000ebf80000,0x00000000ebf80000,0x00000000ec580000)
 ParOldGen       total 368640K, used 360731K [0x00000000c0000000, 0x00000000d6800000, 0x00000000eab00000)
  object space 368640K, 97% used [0x00000000c0000000,0x00000000d6046ec8,0x00000000d6800000)
 Metaspace       used 84545K, committed 85824K, reserved 1179648K
  class space    used 8738K, committed 9280K, reserved 1048576K
}
Event: 589.841 GC heap after
{Heap after GC invocations=172 (full 11):
 PSYoungGen      total 25600K, used 4133K [0x00000000eab00000, 0x00000000ec980000, 0x0000000100000000)
  eden space 20992K, 0% used [0x00000000eab00000,0x00000000eab00000,0x00000000ebf80000)
  from space 4608K, 89% used [0x00000000ebf80000,0x00000000ec389538,0x00000000ec400000)
  to   space 5120K, 0% used [0x00000000ec480000,0x00000000ec480000,0x00000000ec980000)
 ParOldGen       total 368640K, used 361440K [0x00000000c0000000, 0x00000000d6800000, 0x00000000eab00000)
  object space 368640K, 98% used [0x00000000c0000000,0x00000000d60f8348,0x00000000d6800000)
 Metaspace       used 84545K, committed 85824K, reserved 1179648K
  class space    used 8738K, committed 9280K, reserved 1048576K
}
Event: 590.394 GC heap before
{Heap before GC invocations=173 (full 11):
 PSYoungGen      total 25600K, used 25125K [0x00000000eab00000, 0x00000000ec980000, 0x0000000100000000)
  eden space 20992K, 100% used [0x00000000eab00000,0x00000000ebf80000,0x00000000ebf80000)
  from space 4608K, 89% used [0x00000000ebf80000,0x00000000ec389538,0x00000000ec400000)
  to   space 5120K, 0% used [0x00000000ec480000,0x00000000ec480000,0x00000000ec980000)
 ParOldGen       total 368640K, used 361440K [0x00000000c0000000, 0x00000000d6800000, 0x00000000eab00000)
  object space 368640K, 98% used [0x00000000c0000000,0x00000000d60f8348,0x00000000d6800000)
 Metaspace       used 84588K, committed 85824K, reserved 1179648K
  class space    used 8738K, committed 9280K, reserved 1048576K
}
Event: 590.399 GC heap after
{Heap after GC invocations=173 (full 11):
 PSYoungGen      total 25088K, used 4085K [0x00000000eab00000, 0x00000000ec880000, 0x0000000100000000)
  eden space 20992K, 0% used [0x00000000eab00000,0x00000000eab00000,0x00000000ebf80000)
  from space 4096K, 99% used [0x00000000ec480000,0x00000000ec87d528,0x00000000ec880000)
  to   space 4608K, 0% used [0x00000000ebf80000,0x00000000ebf80000,0x00000000ec400000)
 ParOldGen       total 368640K, used 361440K [0x00000000c0000000, 0x00000000d6800000, 0x00000000eab00000)
  object space 368640K, 98% used [0x00000000c0000000,0x00000000d60f8348,0x00000000d6800000)
 Metaspace       used 84588K, committed 85824K, reserved 1179648K
  class space    used 8738K, committed 9280K, reserved 1048576K
}
Event: 660.623 GC heap before
{Heap before GC invocations=174 (full 11):
 PSYoungGen      total 25088K, used 25077K [0x00000000eab00000, 0x00000000ec880000, 0x0000000100000000)
  eden space 20992K, 100% used [0x00000000eab00000,0x00000000ebf80000,0x00000000ebf80000)
  from space 4096K, 99% used [0x00000000ec480000,0x00000000ec87d528,0x00000000ec880000)
  to   space 4608K, 0% used [0x00000000ebf80000,0x00000000ebf80000,0x00000000ec400000)
 ParOldGen       total 368640K, used 361440K [0x00000000c0000000, 0x00000000d6800000, 0x00000000eab00000)
  object space 368640K, 98% used [0x00000000c0000000,0x00000000d60f8348,0x00000000d6800000)
 Metaspace       used 84659K, committed 85888K, reserved 1179648K
  class space    used 8745K, committed 9280K, reserved 1048576K
}
Event: 660.628 GC heap after
{Heap after GC invocations=174 (full 11):
 PSYoungGen      total 25088K, used 3909K [0x00000000eab00000, 0x00000000ec780000, 0x0000000100000000)
  eden space 20992K, 0% used [0x00000000eab00000,0x00000000eab00000,0x00000000ebf80000)
  from space 4096K, 95% used [0x00000000ebf80000,0x00000000ec3514f8,0x00000000ec380000)
  to   space 4096K, 0% used [0x00000000ec380000,0x00000000ec380000,0x00000000ec780000)
 ParOldGen       total 368640K, used 361480K [0x00000000c0000000, 0x00000000d6800000, 0x00000000eab00000)
  object space 368640K, 98% used [0x00000000c0000000,0x00000000d6102348,0x00000000d6800000)
 Metaspace       used 84659K, committed 85888K, reserved 1179648K
  class space    used 8745K, committed 9280K, reserved 1048576K
}
Event: 700.342 GC heap before
{Heap before GC invocations=175 (full 11):
 PSYoungGen      total 25088K, used 24901K [0x00000000eab00000, 0x00000000ec780000, 0x0000000100000000)
  eden space 20992K, 100% used [0x00000000eab00000,0x00000000ebf80000,0x00000000ebf80000)
  from space 4096K, 95% used [0x00000000ebf80000,0x00000000ec3514f8,0x00000000ec380000)
  to   space 4096K, 0% used [0x00000000ec380000,0x00000000ec380000,0x00000000ec780000)
 ParOldGen       total 368640K, used 361480K [0x00000000c0000000, 0x00000000d6800000, 0x00000000eab00000)
  object space 368640K, 98% used [0x00000000c0000000,0x00000000d6102348,0x00000000d6800000)
 Metaspace       used 84688K, committed 85952K, reserved 1179648K
  class space    used 8745K, committed 9280K, reserved 1048576K
}
Event: 700.351 GC heap after
{Heap after GC invocations=175 (full 11):
 PSYoungGen      total 25088K, used 3589K [0x00000000eab00000, 0x00000000ec780000, 0x0000000100000000)
  eden space 20992K, 0% used [0x00000000eab00000,0x00000000eab00000,0x00000000ebf80000)
  from space 4096K, 87% used [0x00000000ec380000,0x00000000ec7014d8,0x00000000ec780000)
  to   space 4096K, 0% used [0x00000000ebf80000,0x00000000ebf80000,0x00000000ec380000)
 ParOldGen       total 368640K, used 361867K [0x00000000c0000000, 0x00000000d6800000, 0x00000000eab00000)
  object space 368640K, 98% used [0x00000000c0000000,0x00000000d6162de8,0x00000000d6800000)
 Metaspace       used 84688K, committed 85952K, reserved 1179648K
  class space    used 8745K, committed 9280K, reserved 1048576K
}
Event: 702.004 GC heap before
{Heap before GC invocations=176 (full 11):
 PSYoungGen      total 25088K, used 24581K [0x00000000eab00000, 0x00000000ec780000, 0x0000000100000000)
  eden space 20992K, 100% used [0x00000000eab00000,0x00000000ebf80000,0x00000000ebf80000)
  from space 4096K, 87% used [0x00000000ec380000,0x00000000ec7014d8,0x00000000ec780000)
  to   space 4096K, 0% used [0x00000000ebf80000,0x00000000ebf80000,0x00000000ec380000)
 ParOldGen       total 368640K, used 361867K [0x00000000c0000000, 0x00000000d6800000, 0x00000000eab00000)
  object space 368640K, 98% used [0x00000000c0000000,0x00000000d6162de8,0x00000000d6800000)
 Metaspace       used 84738K, committed 85952K, reserved 1179648K
  class space    used 8751K, committed 9280K, reserved 1048576K
}
Event: 702.008 GC heap after
{Heap after GC invocations=176 (full 11):
 PSYoungGen      total 24064K, used 2741K [0x00000000eab00000, 0x00000000ec680000, 0x0000000100000000)
  eden space 20992K, 0% used [0x00000000eab00000,0x00000000eab00000,0x00000000ebf80000)
  from space 3072K, 89% used [0x00000000ebf80000,0x00000000ec22d4a8,0x00000000ec280000)
  to   space 3584K, 0% used [0x00000000ec300000,0x00000000ec300000,0x00000000ec680000)
 ParOldGen       total 368640K, used 362019K [0x00000000c0000000, 0x00000000d6800000, 0x00000000eab00000)
  object space 368640K, 98% used [0x00000000c0000000,0x00000000d6188de8,0x00000000d6800000)
 Metaspace       used 84738K, committed 85952K, reserved 1179648K
  class space    used 8751K, committed 9280K, reserved 1048576K
}
Event: 702.567 GC heap before
{Heap before GC invocations=177 (full 11):
 PSYoungGen      total 24064K, used 23733K [0x00000000eab00000, 0x00000000ec680000, 0x0000000100000000)
  eden space 20992K, 100% used [0x00000000eab00000,0x00000000ebf80000,0x00000000ebf80000)
  from space 3072K, 89% used [0x00000000ebf80000,0x00000000ec22d4a8,0x00000000ec280000)
  to   space 3584K, 0% used [0x00000000ec300000,0x00000000ec300000,0x00000000ec680000)
 ParOldGen       total 368640K, used 362019K [0x00000000c0000000, 0x00000000d6800000, 0x00000000eab00000)
  object space 368640K, 98% used [0x00000000c0000000,0x00000000d6188de8,0x00000000d6800000)
 Metaspace       used 84758K, committed 85952K, reserved 1179648K
  class space    used 8751K, committed 9280K, reserved 1048576K
}
Event: 702.571 GC heap after
{Heap after GC invocations=177 (full 11):
 PSYoungGen      total 24576K, used 3397K [0x00000000eab00000, 0x00000000ec680000, 0x0000000100000000)
  eden space 20992K, 0% used [0x00000000eab00000,0x00000000eab00000,0x00000000ebf80000)
  from space 3584K, 94% used [0x00000000ec300000,0x00000000ec6514d8,0x00000000ec680000)
  to   space 3584K, 0% used [0x00000000ebf80000,0x00000000ebf80000,0x00000000ec300000)
 ParOldGen       total 368640K, used 362035K [0x00000000c0000000, 0x00000000d6800000, 0x00000000eab00000)
  object space 368640K, 98% used [0x00000000c0000000,0x00000000d618cde8,0x00000000d6800000)
 Metaspace       used 84758K, committed 85952K, reserved 1179648K
  class space    used 8751K, committed 9280K, reserved 1048576K
}
Event: 703.124 GC heap before
{Heap before GC invocations=178 (full 11):
 PSYoungGen      total 24576K, used 24389K [0x00000000eab00000, 0x00000000ec680000, 0x0000000100000000)
  eden space 20992K, 100% used [0x00000000eab00000,0x00000000ebf80000,0x00000000ebf80000)
  from space 3584K, 94% used [0x00000000ec300000,0x00000000ec6514d8,0x00000000ec680000)
  to   space 3584K, 0% used [0x00000000ebf80000,0x00000000ebf80000,0x00000000ec300000)
 ParOldGen       total 368640K, used 362035K [0x00000000c0000000, 0x00000000d6800000, 0x00000000eab00000)
  object space 368640K, 98% used [0x00000000c0000000,0x00000000d618cde8,0x00000000d6800000)
 Metaspace       used 84782K, committed 86016K, reserved 1179648K
  class space    used 8751K, committed 9280K, reserved 1048576K
}
Event: 703.132 GC heap after
{Heap after GC invocations=178 (full 11):
 PSYoungGen      total 24576K, used 3583K [0x00000000eab00000, 0x00000000ec880000, 0x0000000100000000)
  eden space 20992K, 0% used [0x00000000eab00000,0x00000000eab00000,0x00000000ebf80000)
  from space 3584K, 99% used [0x00000000ebf80000,0x00000000ec2ffe68,0x00000000ec300000)
  to   space 4608K, 0% used [0x00000000ec400000,0x00000000ec400000,0x00000000ec880000)
 ParOldGen       total 368640K, used 362656K [0x00000000c0000000, 0x00000000d6800000, 0x00000000eab00000)
  object space 368640K, 98% used [0x00000000c0000000,0x00000000d6228098,0x00000000d6800000)
 Metaspace       used 84782K, committed 86016K, reserved 1179648K
  class space    used 8751K, committed 9280K, reserved 1048576K
}
Event: 787.213 GC heap before
{Heap before GC invocations=179 (full 11):
 PSYoungGen      total 24576K, used 24575K [0x00000000eab00000, 0x00000000ec880000, 0x0000000100000000)
  eden space 20992K, 100% used [0x00000000eab00000,0x00000000ebf80000,0x00000000ebf80000)
  from space 3584K, 99% used [0x00000000ebf80000,0x00000000ec2ffe68,0x00000000ec300000)
  to   space 4608K, 0% used [0x00000000ec400000,0x00000000ec400000,0x00000000ec880000)
 ParOldGen       total 368640K, used 362656K [0x00000000c0000000, 0x00000000d6800000, 0x00000000eab00000)
  object space 368640K, 98% used [0x00000000c0000000,0x00000000d6228098,0x00000000d6800000)
 Metaspace       used 84841K, committed 86080K, reserved 1179648K
  class space    used 8752K, committed 9280K, reserved 1048576K
}
Event: 787.219 GC heap after
{Heap after GC invocations=179 (full 11):
 PSYoungGen      total 22528K, used 1472K [0x00000000eab00000, 0x00000000ec580000, 0x0000000100000000)
  eden space 20992K, 0% used [0x00000000eab00000,0x00000000eab00000,0x00000000ebf80000)
  from space 1536K, 95% used [0x00000000ec400000,0x00000000ec570020,0x00000000ec580000)
  to   space 2560K, 0% used [0x00000000ec080000,0x00000000ec080000,0x00000000ec300000)
 ParOldGen       total 368640K, used 364672K [0x00000000c0000000, 0x00000000d6800000, 0x00000000eab00000)
  object space 368640K, 98% used [0x00000000c0000000,0x00000000d64200b8,0x00000000d6800000)
 Metaspace       used 84841K, committed 86080K, reserved 1179648K
  class space    used 8752K, committed 9280K, reserved 1048576K
}
Event: 800.836 GC heap before
{Heap before GC invocations=180 (full 11):
 PSYoungGen      total 22528K, used 22464K [0x00000000eab00000, 0x00000000ec580000, 0x0000000100000000)
  eden space 20992K, 100% used [0x00000000eab00000,0x00000000ebf80000,0x00000000ebf80000)
  from space 1536K, 95% used [0x00000000ec400000,0x00000000ec570020,0x00000000ec580000)
  to   space 2560K, 0% used [0x00000000ec080000,0x00000000ec080000,0x00000000ec300000)
 ParOldGen       total 368640K, used 364672K [0x00000000c0000000, 0x00000000d6800000, 0x00000000eab00000)
  object space 368640K, 98% used [0x00000000c0000000,0x00000000d64200b8,0x00000000d6800000)
 Metaspace       used 84842K, committed 86080K, reserved 1179648K
  class space    used 8752K, committed 9280K, reserved 1048576K
}
Event: 800.842 GC heap after
{Heap after GC invocations=180 (full 11):
 PSYoungGen      total 23552K, used 800K [0x00000000eab00000, 0x00000000ec480000, 0x0000000100000000)
  eden space 20992K, 0% used [0x00000000eab00000,0x00000000eab00000,0x00000000ebf80000)
  from space 2560K, 31% used [0x00000000ec080000,0x00000000ec148000,0x00000000ec300000)
  to   space 1536K, 0% used [0x00000000ec300000,0x00000000ec300000,0x00000000ec480000)
 ParOldGen       total 368640K, used 364680K [0x00000000c0000000, 0x00000000d6800000, 0x00000000eab00000)
  object space 368640K, 98% used [0x00000000c0000000,0x00000000d64220b8,0x00000000d6800000)
 Metaspace       used 84842K, committed 86080K, reserved 1179648K
  class space    used 8752K, committed 9280K, reserved 1048576K
}
Event: 801.814 GC heap before
{Heap before GC invocations=181 (full 11):
 PSYoungGen      total 23552K, used 21792K [0x00000000eab00000, 0x00000000ec480000, 0x0000000100000000)
  eden space 20992K, 100% used [0x00000000eab00000,0x00000000ebf80000,0x00000000ebf80000)
  from space 2560K, 31% used [0x00000000ec080000,0x00000000ec148000,0x00000000ec300000)
  to   space 1536K, 0% used [0x00000000ec300000,0x00000000ec300000,0x00000000ec480000)
 ParOldGen       total 368640K, used 364680K [0x00000000c0000000, 0x00000000d6800000, 0x00000000eab00000)
  object space 368640K, 98% used [0x00000000c0000000,0x00000000d64220b8,0x00000000d6800000)
 Metaspace       used 84861K, committed 86080K, reserved 1179648K
  class space    used 8752K, committed 9280K, reserved 1048576K
}
Event: 801.816 GC heap after
{Heap after GC invocations=181 (full 11):
 PSYoungGen      total 22528K, used 1408K [0x00000000eab00000, 0x00000000ec480000, 0x0000000100000000)
  eden space 20992K, 0% used [0x00000000eab00000,0x00000000eab00000,0x00000000ebf80000)
  from space 1536K, 91% used [0x00000000ec300000,0x00000000ec460020,0x00000000ec480000)
  to   space 1536K, 0% used [0x00000000ec180000,0x00000000ec180000,0x00000000ec300000)
 ParOldGen       total 368640K, used 364744K [0x00000000c0000000, 0x00000000d6800000, 0x00000000eab00000)
  object space 368640K, 98% used [0x00000000c0000000,0x00000000d64320b8,0x00000000d6800000)
 Metaspace       used 84861K, committed 86080K, reserved 1179648K
  class space    used 8752K, committed 9280K, reserved 1048576K
}

Dll operation events (14 events):
Event: 0.040 Loaded shared library c:\Users\HP\.vscode\extensions\redhat.java-1.38.0-win32-x64\jre\17.0.13-win32-x86_64\bin\java.dll
Event: 0.689 Loaded shared library c:\Users\HP\.vscode\extensions\redhat.java-1.38.0-win32-x64\jre\17.0.13-win32-x86_64\bin\zip.dll
Event: 0.696 Loaded shared library C:\Users\HP\.vscode\extensions\redhat.java-1.38.0-win32-x64\jre\17.0.13-win32-x86_64\bin\instrument.dll
Event: 0.721 Loaded shared library C:\Users\HP\.vscode\extensions\redhat.java-1.38.0-win32-x64\jre\17.0.13-win32-x86_64\bin\net.dll
Event: 0.727 Loaded shared library C:\Users\HP\.vscode\extensions\redhat.java-1.38.0-win32-x64\jre\17.0.13-win32-x86_64\bin\nio.dll
Event: 0.748 Loaded shared library C:\Users\HP\.vscode\extensions\redhat.java-1.38.0-win32-x64\jre\17.0.13-win32-x86_64\bin\zip.dll
Event: 0.786 Loaded shared library C:\Users\HP\.vscode\extensions\redhat.java-1.38.0-win32-x64\jre\17.0.13-win32-x86_64\bin\jimage.dll
Event: 0.906 Loaded shared library c:\Users\HP\.vscode\extensions\redhat.java-1.38.0-win32-x64\jre\17.0.13-win32-x86_64\bin\verify.dll
Event: 4.880 Loaded shared library C:\Users\HP\AppData\Roaming\Code\User\globalStorage\redhat.java\1.38.0\config_win\org.eclipse.equinox.launcher\org.eclipse.equinox.launcher.win32.win32.x86_64_1.2.1100.v20240722-2106\eclipse_11904.dll
Event: 9.278 Loaded shared library C:\Users\HP\.vscode\extensions\redhat.java-1.38.0-win32-x64\jre\17.0.13-win32-x86_64\bin\management.dll
Event: 9.289 Loaded shared library C:\Users\HP\.vscode\extensions\redhat.java-1.38.0-win32-x64\jre\17.0.13-win32-x86_64\bin\management_ext.dll
Event: 16.093 Loaded shared library C:\Users\HP\AppData\Local\Temp\jna-2312\jna3749977679846498831.dll
Event: 21.869 Loaded shared library C:\Users\HP\.vscode\extensions\redhat.java-1.38.0-win32-x64\jre\17.0.13-win32-x86_64\bin\sunmscapi.dll
Event: 22.118 Loaded shared library C:\Users\HP\.vscode\extensions\redhat.java-1.38.0-win32-x64\jre\17.0.13-win32-x86_64\bin\extnet.dll

Deoptimization events (20 events):
Event: 589.624 Thread 0x000002acb7ed24b0 DEOPT PACKING pc=0x000002aca988e084 sp=0x000000d361ffe0b0
Event: 589.624 Thread 0x000002acb7ed24b0 DEOPT UNPACKING pc=0x000002aca8b866a3 sp=0x000000d361ffe040 mode 2
Event: 590.070 Thread 0x000002acb7ed24b0 DEOPT PACKING pc=0x000002aca239909f sp=0x000000d361ffe820
Event: 590.070 Thread 0x000002acb7ed24b0 DEOPT UNPACKING pc=0x000002aca8b86e43 sp=0x000000d361ffdce0 mode 0
Event: 700.036 Thread 0x000002acb8460cb0 DEOPT PACKING pc=0x000002aca239909f sp=0x000000d3601fe250
Event: 700.036 Thread 0x000002acb8460cb0 DEOPT UNPACKING pc=0x000002aca8b86e43 sp=0x000000d3601fd710 mode 0
Event: 701.708 Thread 0x000002acb9cd79c0 Uncommon trap: trap_request=0xffffffc6 fr.pc=0x000002aca92ac10c relative=0x00000000000002ac
Event: 701.708 Thread 0x000002acb9cd79c0 Uncommon trap: reason=bimorphic_or_optimized_type_check action=maybe_recompile pc=0x000002aca92ac10c method=com.google.gson.internal.bind.TypeAdapterRuntimeTypeWrapper.read(Lcom/google/gson/stream/JsonReader;)Ljava/lang/Object; @ 5 c2
Event: 701.708 Thread 0x000002acb9cd79c0 DEOPT PACKING pc=0x000002aca92ac10c sp=0x000000d362cfe5b0
Event: 701.708 Thread 0x000002acb9cd79c0 DEOPT UNPACKING pc=0x000002aca8b866a3 sp=0x000000d362cfe538 mode 2
Event: 701.712 Thread 0x000002acb9cd79c0 Uncommon trap: trap_request=0xffffffc6 fr.pc=0x000002aca92ac10c relative=0x00000000000002ac
Event: 701.712 Thread 0x000002acb9cd79c0 Uncommon trap: reason=bimorphic_or_optimized_type_check action=maybe_recompile pc=0x000002aca92ac10c method=com.google.gson.internal.bind.TypeAdapterRuntimeTypeWrapper.read(Lcom/google/gson/stream/JsonReader;)Ljava/lang/Object; @ 5 c2
Event: 701.712 Thread 0x000002acb9cd79c0 DEOPT PACKING pc=0x000002aca92ac10c sp=0x000000d362cfe5b0
Event: 701.712 Thread 0x000002acb9cd79c0 DEOPT UNPACKING pc=0x000002aca8b866a3 sp=0x000000d362cfe538 mode 2
Event: 701.735 Thread 0x000002acb9cd79c0 Uncommon trap: trap_request=0xffffff45 fr.pc=0x000002aca9935afc relative=0x0000000000000abc
Event: 701.735 Thread 0x000002acb9cd79c0 Uncommon trap: reason=unstable_if action=reinterpret pc=0x000002aca9935afc method=org.eclipse.jface.text.GapTextStore.moveGap(IIIII)I @ 26 c2
Event: 701.735 Thread 0x000002acb9cd79c0 DEOPT PACKING pc=0x000002aca9935afc sp=0x000000d362cfe780
Event: 701.735 Thread 0x000002acb9cd79c0 DEOPT UNPACKING pc=0x000002aca8b866a3 sp=0x000000d362cfe630 mode 2
Event: 801.986 Thread 0x000002acb8460cb0 DEOPT PACKING pc=0x000002aca2992d93 sp=0x000000d3601fe510
Event: 801.986 Thread 0x000002acb8460cb0 DEOPT UNPACKING pc=0x000002aca8b86e43 sp=0x000000d3601fd928 mode 0

Classes loaded (20 events):
Event: 36.851 Loading class java/util/stream/ReduceOps$CountingSink$OfRef
Event: 36.851 Loading class java/util/stream/ReduceOps$CountingSink
Event: 36.852 Loading class java/util/stream/ReduceOps$CountingSink done
Event: 36.852 Loading class java/util/stream/ReduceOps$CountingSink$OfRef done
Event: 36.920 Loading class java/util/stream/ReduceOps$1
Event: 36.925 Loading class java/util/stream/ReduceOps$1 done
Event: 36.926 Loading class java/util/stream/ReduceOps$1ReducingSink
Event: 36.926 Loading class java/util/stream/ReduceOps$1ReducingSink done
Event: 128.533 Loading class java/io/CharArrayReader
Event: 128.534 Loading class java/io/CharArrayReader done
Event: 128.536 Loading class java/util/regex/Pattern$Bound
Event: 128.536 Loading class java/util/regex/Pattern$Bound done
Event: 199.698 Loading class java/util/stream/DistinctOps
Event: 199.709 Loading class java/util/stream/DistinctOps done
Event: 199.709 Loading class java/util/stream/DistinctOps$1
Event: 199.712 Loading class java/util/stream/DistinctOps$1 done
Event: 199.724 Loading class java/util/stream/DistinctOps$1$2
Event: 199.724 Loading class java/util/stream/DistinctOps$1$2 done
Event: 798.598 Loading class java/nio/channels/CompletionHandler
Event: 798.606 Loading class java/nio/channels/CompletionHandler done

Classes unloaded (12 events):
Event: 12.792 Thread 0x000002acb27a5990 Unloading class 0x0000000100329400 'java/lang/invoke/LambdaForm$MH+0x0000000100329400'
Event: 12.792 Thread 0x000002acb27a5990 Unloading class 0x0000000100328400 'java/lang/invoke/LambdaForm$MH+0x0000000100328400'
Event: 12.792 Thread 0x000002acb27a5990 Unloading class 0x0000000100328000 'java/lang/invoke/LambdaForm$DMH+0x0000000100328000'
Event: 12.792 Thread 0x000002acb27a5990 Unloading class 0x0000000100323400 'java/lang/invoke/LambdaForm$MH+0x0000000100323400'
Event: 12.792 Thread 0x000002acb27a5990 Unloading class 0x0000000100322c00 'java/lang/invoke/LambdaForm$MH+0x0000000100322c00'
Event: 12.792 Thread 0x000002acb27a5990 Unloading class 0x000000010025c000 'java/lang/invoke/LambdaForm$MH+0x000000010025c000'
Event: 12.792 Thread 0x000002acb27a5990 Unloading class 0x000000010025bc00 'java/lang/invoke/LambdaForm$MH+0x000000010025bc00'
Event: 12.792 Thread 0x000002acb27a5990 Unloading class 0x000000010025b800 'java/lang/invoke/LambdaForm$MH+0x000000010025b800'
Event: 12.792 Thread 0x000002acb27a5990 Unloading class 0x000000010025b400 'java/lang/invoke/LambdaForm$MH+0x000000010025b400'
Event: 12.792 Thread 0x000002acb27a5990 Unloading class 0x000000010025b000 'java/lang/invoke/LambdaForm$BMH+0x000000010025b000'
Event: 12.792 Thread 0x000002acb27a5990 Unloading class 0x000000010025ac00 'java/lang/invoke/LambdaForm$DMH+0x000000010025ac00'
Event: 12.792 Thread 0x000002acb27a5990 Unloading class 0x0000000100258400 'java/lang/invoke/LambdaForm$DMH+0x0000000100258400'

Classes redefined (0 events):
No events

Internal exceptions (20 events):
Event: 408.381 Thread 0x000002acb8462b10 Implicit null exception at 0x000002aca95ba837 to 0x000002aca95c267c
Event: 421.949 Thread 0x000002acb8461be0 Exception <a 'java/lang/ArrayIndexOutOfBoundsException'{0x00000000eb0d8b98}: Index 1685 out of bounds for length 1685> (0x00000000eb0d8b98) 
thrown [s\src\hotspot\share\interpreter\interpreterRuntime.cpp, line 428]
Event: 465.867 Thread 0x000002acb7ed2ed0 Implicit null exception at 0x000002aca9383acf to 0x000002aca9383f38
Event: 465.867 Thread 0x000002acb7ed2ed0 Implicit null exception at 0x000002aca96082c0 to 0x000002aca9608350
Event: 465.971 Thread 0x000002acb7ed2ed0 Exception <a 'java/lang/ClassNotFoundException'{0x00000000ebe06d38}: sun/net/www/protocol/jdt/Handler> (0x00000000ebe06d38) 
thrown [s\src\hotspot\share\classfile\systemDictionary.cpp, line 256]
Event: 469.949 Thread 0x000002acb7ed2ed0 Exception <a 'java/lang/NoSuchMethodError'{0x00000000eab47c58}: 'java.lang.Object java.lang.invoke.DirectMethodHandle$Holder.invokeStatic(java.lang.Object, int, int, java.lang.Object)'> (0x00000000eab47c58) 
thrown [s\src\hotspot\share\interpreter\linkResolver.cpp, line 759]
Event: 473.853 Thread 0x000002acb8462b10 Exception <a 'sun/nio/fs/WindowsException'{0x00000000ebc14398}> (0x00000000ebc14398) 
thrown [s\src\hotspot\share\prims\jni.cpp, line 516]
Event: 473.944 Thread 0x000002acb9cd79c0 Exception <a 'sun/nio/fs/WindowsException'{0x00000000eaf349f0}> (0x00000000eaf349f0) 
thrown [s\src\hotspot\share\prims\jni.cpp, line 516]
Event: 473.955 Thread 0x000002acb9cd79c0 Exception <a 'sun/nio/fs/WindowsException'{0x00000000eaf55ff0}> (0x00000000eaf55ff0) 
thrown [s\src\hotspot\share\prims\jni.cpp, line 516]
Event: 474.197 Thread 0x000002acb9cd79c0 Exception <a 'sun/nio/fs/WindowsException'{0x00000000eb709960}> (0x00000000eb709960) 
thrown [s\src\hotspot\share\prims\jni.cpp, line 516]
Event: 474.362 Thread 0x000002acb9cd79c0 Exception <a 'sun/nio/fs/WindowsException'{0x00000000eb720850}> (0x00000000eb720850) 
thrown [s\src\hotspot\share\prims\jni.cpp, line 516]
Event: 474.514 Thread 0x000002acb8462b10 Exception <a 'sun/nio/fs/WindowsException'{0x00000000eb3eb8a8}> (0x00000000eb3eb8a8) 
thrown [s\src\hotspot\share\prims\jni.cpp, line 516]
Event: 582.582 Thread 0x000002acb9cd79c0 Exception <a 'sun/nio/fs/WindowsException'{0x00000000eb28d030}> (0x00000000eb28d030) 
thrown [s\src\hotspot\share\prims\jni.cpp, line 516]
Event: 582.585 Thread 0x000002acb9cd79c0 Exception <a 'sun/nio/fs/WindowsException'{0x00000000eb2a5308}> (0x00000000eb2a5308) 
thrown [s\src\hotspot\share\prims\jni.cpp, line 516]
Event: 582.604 Thread 0x000002acb8462b10 Exception <a 'sun/nio/fs/WindowsException'{0x00000000eb408b70}> (0x00000000eb408b70) 
thrown [s\src\hotspot\share\prims\jni.cpp, line 516]
Event: 582.977 Thread 0x000002acb8462b10 Exception <a 'sun/nio/fs/WindowsException'{0x00000000ead6cf68}> (0x00000000ead6cf68) 
thrown [s\src\hotspot\share\prims\jni.cpp, line 516]
Event: 590.046 Thread 0x000002acb8462b10 Exception <a 'sun/nio/fs/WindowsException'{0x00000000eab7a800}> (0x00000000eab7a800) 
thrown [s\src\hotspot\share\prims\jni.cpp, line 516]
Event: 590.330 Thread 0x000002acb8462b10 Exception <a 'sun/nio/fs/WindowsException'{0x00000000ebc30540}> (0x00000000ebc30540) 
thrown [s\src\hotspot\share\prims\jni.cpp, line 516]
Event: 702.843 Thread 0x000002acb8462b10 Exception <a 'sun/nio/fs/WindowsException'{0x00000000eb5beb50}> (0x00000000eb5beb50) 
thrown [s\src\hotspot\share\prims\jni.cpp, line 516]
Event: 703.203 Thread 0x000002acb8462b10 Exception <a 'sun/nio/fs/WindowsException'{0x00000000eae23210}> (0x00000000eae23210) 
thrown [s\src\hotspot\share\prims\jni.cpp, line 516]

VM Operations (20 events):
Event: 708.133 Executing VM operation: Cleanup
Event: 708.133 Executing VM operation: Cleanup done
Event: 721.595 Executing VM operation: HandshakeAllThreads
Event: 721.595 Executing VM operation: HandshakeAllThreads done
Event: 739.759 Executing VM operation: Cleanup
Event: 739.759 Executing VM operation: Cleanup done
Event: 787.213 Executing VM operation: ParallelGCFailedAllocation
Event: 787.219 Executing VM operation: ParallelGCFailedAllocation done
Event: 796.292 Executing VM operation: Cleanup
Event: 796.292 Executing VM operation: Cleanup done
Event: 797.292 Executing VM operation: Cleanup
Event: 797.292 Executing VM operation: Cleanup done
Event: 799.293 Executing VM operation: Cleanup
Event: 799.293 Executing VM operation: Cleanup done
Event: 800.293 Executing VM operation: Cleanup
Event: 800.293 Executing VM operation: Cleanup done
Event: 800.836 Executing VM operation: ParallelGCFailedAllocation
Event: 800.842 Executing VM operation: ParallelGCFailedAllocation done
Event: 801.814 Executing VM operation: ParallelGCFailedAllocation
Event: 801.816 Executing VM operation: ParallelGCFailedAllocation done

Memory protections (0 events):
No events

Nmethod flushes (20 events):
Event: 408.521 Thread 0x000002acb79da320 flushing  nmethod 0x000002aca2afce90
Event: 408.521 Thread 0x000002acb79da320 flushing  nmethod 0x000002aca2aff510
Event: 408.521 Thread 0x000002acb79da320 flushing  nmethod 0x000002aca2b4f310
Event: 408.521 Thread 0x000002acb79da320 flushing  nmethod 0x000002aca2b51a90
Event: 408.521 Thread 0x000002acb79da320 flushing  nmethod 0x000002aca2b7bc10
Event: 408.521 Thread 0x000002acb79da320 flushing  nmethod 0x000002aca2b7f910
Event: 408.522 Thread 0x000002acb79da320 flushing  nmethod 0x000002aca2c7b490
Event: 408.522 Thread 0x000002acb79da320 flushing  nmethod 0x000002aca2d33e10
Event: 408.524 Thread 0x000002acb79da320 flushing  nmethod 0x000002aca2ebda10
Event: 408.524 Thread 0x000002acb79da320 flushing  nmethod 0x000002aca2ec0790
Event: 408.524 Thread 0x000002acb79da320 flushing  nmethod 0x000002aca2ec9910
Event: 408.524 Thread 0x000002acb79da320 flushing  nmethod 0x000002aca2edb610
Event: 408.524 Thread 0x000002acb79da320 flushing  nmethod 0x000002aca2edcd90
Event: 408.524 Thread 0x000002acb79da320 flushing  nmethod 0x000002aca2ef1f10
Event: 408.525 Thread 0x000002acb79da320 flushing  nmethod 0x000002aca2f87690
Event: 408.526 Thread 0x000002acb79da320 flushing  nmethod 0x000002aca3087490
Event: 408.526 Thread 0x000002acb79da320 flushing  nmethod 0x000002aca3094610
Event: 474.374 Thread 0x000002acb79da320 flushing osr nmethod 0x000002aca96b8b90
Event: 474.375 Thread 0x000002acb79da320 flushing  nmethod 0x000002aca98c6b90
Event: 474.398 Thread 0x000002acb79da320 flushing  nmethod 0x000002aca2c57e10

Events (20 events):
Event: 473.963 Thread 0x000002acb8461be0 Thread added: 0x000002acb8460cb0
Event: 475.083 Thread 0x000002acb7ed24b0 Thread added: 0x000002acb7ed0650
Event: 498.541 Thread 0x000002acb27e1890 Thread added: 0x000002acbaa44590
Event: 502.775 Thread 0x000002acbaa44590 Thread exited: 0x000002acbaa44590
Event: 535.134 Thread 0x000002acb7ed0650 Thread exited: 0x000002acb7ed0650
Event: 535.812 Thread 0x000002acb8461be0 Thread exited: 0x000002acb8461be0
Event: 582.710 Thread 0x000002acb7ed24b0 Thread added: 0x000002acb7ecd8c0
Event: 582.745 Thread 0x000002acb7ed24b0 Thread added: 0x000002acb7ed38f0
Event: 649.621 Thread 0x000002acb7ed38f0 Thread exited: 0x000002acb7ed38f0
Event: 650.340 Thread 0x000002acb7ecd8c0 Thread exited: 0x000002acb7ecd8c0
Event: 702.262 Thread 0x000002acb8460cb0 Thread added: 0x000002acb7ed38f0
Event: 702.931 Thread 0x000002acb7ed24b0 Thread added: 0x000002acb7ecd8c0
Event: 707.920 Thread 0x000002acb7ed38f0 Thread added: 0x000002acb9cd7ed0
Event: 707.922 Thread 0x000002acb9cd7ed0 Thread added: 0x000002acb9cd83e0
Event: 707.922 Thread 0x000002acb9cd7ed0 Thread added: 0x000002acb9cd8e00
Event: 707.923 Thread 0x000002acb9cd83e0 Thread exited: 0x000002acb9cd83e0
Event: 707.923 Thread 0x000002acb9cd7ed0 Thread exited: 0x000002acb9cd7ed0
Event: 707.924 Thread 0x000002acb9cd8e00 Thread exited: 0x000002acb9cd8e00
Event: 762.959 Thread 0x000002acb7ecd8c0 Thread exited: 0x000002acb7ecd8c0
Event: 768.063 Thread 0x000002acb7ed38f0 Thread exited: 0x000002acb7ed38f0


Dynamic libraries:
0x00007ff6610f0000 - 0x00007ff6610fe000 	c:\Users\HP\.vscode\extensions\redhat.java-1.38.0-win32-x64\jre\17.0.13-win32-x86_64\bin\java.exe
0x00007ffb5c670000 - 0x00007ffb5c868000 	C:\WINDOWS\SYSTEM32\ntdll.dll
0x00007ffb5a840000 - 0x00007ffb5a902000 	C:\WINDOWS\System32\KERNEL32.DLL
0x00007ffb59d10000 - 0x00007ffb5a00e000 	C:\WINDOWS\System32\KERNELBASE.dll
0x00007ffb5a480000 - 0x00007ffb5a580000 	C:\WINDOWS\System32\ucrtbase.dll
0x00007ffb27e70000 - 0x00007ffb27e87000 	c:\Users\HP\.vscode\extensions\redhat.java-1.38.0-win32-x64\jre\17.0.13-win32-x86_64\bin\jli.dll
0x00007ffb280b0000 - 0x00007ffb280ce000 	c:\Users\HP\.vscode\extensions\redhat.java-1.38.0-win32-x64\jre\17.0.13-win32-x86_64\bin\VCRUNTIME140.dll
0x00007ffb5b4f0000 - 0x00007ffb5b68d000 	C:\WINDOWS\System32\USER32.dll
0x00007ffb5a450000 - 0x00007ffb5a472000 	C:\WINDOWS\System32\win32u.dll
0x00007ffb5c1c0000 - 0x00007ffb5c1eb000 	C:\WINDOWS\System32\GDI32.dll
0x00007ffb5a300000 - 0x00007ffb5a417000 	C:\WINDOWS\System32\gdi32full.dll
0x00007ffb5a580000 - 0x00007ffb5a61d000 	C:\WINDOWS\System32\msvcp_win.dll
0x00007ffb44000000 - 0x00007ffb4429a000 	C:\WINDOWS\WinSxS\amd64_microsoft.windows.common-controls_6595b64144ccf1df_6.0.19041.4355_none_60b8b9eb71f62e16\COMCTL32.dll
0x00007ffb5c300000 - 0x00007ffb5c39e000 	C:\WINDOWS\System32\msvcrt.dll
0x00007ffb5c190000 - 0x00007ffb5c1bf000 	C:\WINDOWS\System32\IMM32.DLL
0x0000000057e30000 - 0x0000000057e3c000 	C:\Program Files (x86)\360\Total Security\safemon\SafeWrapper.dll
0x00007ffb5b7d0000 - 0x00007ffb5b881000 	C:\WINDOWS\System32\ADVAPI32.dll
0x00007ffb5b890000 - 0x00007ffb5b92f000 	C:\WINDOWS\System32\sechost.dll
0x00007ffb5c470000 - 0x00007ffb5c593000 	C:\WINDOWS\System32\RPCRT4.dll
0x00007ffb5a420000 - 0x00007ffb5a447000 	C:\WINDOWS\System32\bcrypt.dll
0x00007ffb1b930000 - 0x00007ffb1b9dc000 	C:\Program Files (x86)\360\Total Security\safemon\libzdtp64.dll
0x00007ffb5b940000 - 0x00007ffb5c0ad000 	C:\WINDOWS\System32\SHELL32.dll
0x00007ffb5c5c0000 - 0x00007ffb5c615000 	C:\WINDOWS\System32\SHLWAPI.dll
0x00007ffb597a0000 - 0x00007ffb597aa000 	C:\WINDOWS\SYSTEM32\VERSION.dll
0x00007ffb37c50000 - 0x00007ffb37c5c000 	c:\Users\HP\.vscode\extensions\redhat.java-1.38.0-win32-x64\jre\17.0.13-win32-x86_64\bin\vcruntime140_1.dll
0x00007ffb27de0000 - 0x00007ffb27e6d000 	c:\Users\HP\.vscode\extensions\redhat.java-1.38.0-win32-x64\jre\17.0.13-win32-x86_64\bin\msvcp140.dll
0x00007ffaad130000 - 0x00007ffaadd9b000 	c:\Users\HP\.vscode\extensions\redhat.java-1.38.0-win32-x64\jre\17.0.13-win32-x86_64\bin\server\jvm.dll
0x00007ffb5ab30000 - 0x00007ffb5ab9b000 	C:\WINDOWS\System32\WS2_32.dll
0x00007ffb59b70000 - 0x00007ffb59bbb000 	C:\WINDOWS\SYSTEM32\POWRPROF.dll
0x00007ffb3f6a0000 - 0x00007ffb3f6c7000 	C:\WINDOWS\SYSTEM32\WINMM.dll
0x00007ffb59b50000 - 0x00007ffb59b62000 	C:\WINDOWS\SYSTEM32\UMPDC.dll
0x00007ffb58510000 - 0x00007ffb58522000 	C:\WINDOWS\SYSTEM32\kernel.appcore.dll
0x00007ffb32430000 - 0x00007ffb3243a000 	c:\Users\HP\.vscode\extensions\redhat.java-1.38.0-win32-x64\jre\17.0.13-win32-x86_64\bin\jimage.dll
0x00007ffb582a0000 - 0x00007ffb58484000 	C:\WINDOWS\SYSTEM32\DBGHELP.DLL
0x00007ffb381d0000 - 0x00007ffb38204000 	C:\WINDOWS\SYSTEM32\dbgcore.DLL
0x00007ffb5a010000 - 0x00007ffb5a092000 	C:\WINDOWS\System32\bcryptPrimitives.dll
0x00007ffb2f110000 - 0x00007ffb2f11e000 	c:\Users\HP\.vscode\extensions\redhat.java-1.38.0-win32-x64\jre\17.0.13-win32-x86_64\bin\instrument.dll
0x00007ffae2df0000 - 0x00007ffae2e15000 	c:\Users\HP\.vscode\extensions\redhat.java-1.38.0-win32-x64\jre\17.0.13-win32-x86_64\bin\java.dll
0x00007ffb27dc0000 - 0x00007ffb27dd8000 	c:\Users\HP\.vscode\extensions\redhat.java-1.38.0-win32-x64\jre\17.0.13-win32-x86_64\bin\zip.dll
0x00007ffb57a30000 - 0x00007ffb581d4000 	C:\WINDOWS\SYSTEM32\windows.storage.dll
0x00007ffb5aba0000 - 0x00007ffb5aef3000 	C:\WINDOWS\System32\combase.dll
0x00007ffb59600000 - 0x00007ffb5962e000 	C:\WINDOWS\SYSTEM32\Wldp.dll
0x00007ffb5c3a0000 - 0x00007ffb5c46d000 	C:\WINDOWS\System32\OLEAUT32.dll
0x00007ffb5a910000 - 0x00007ffb5a9bd000 	C:\WINDOWS\System32\SHCORE.dll
0x00007ffb59c40000 - 0x00007ffb59c64000 	C:\WINDOWS\SYSTEM32\profapi.dll
0x00007ffb279c0000 - 0x00007ffb279d9000 	C:\Users\HP\.vscode\extensions\redhat.java-1.38.0-win32-x64\jre\17.0.13-win32-x86_64\bin\net.dll
0x00007ffb4d450000 - 0x00007ffb4d55d000 	C:\WINDOWS\SYSTEM32\WINHTTP.dll
0x00007ffb59360000 - 0x00007ffb593ca000 	C:\WINDOWS\system32\mswsock.dll
0x00007ffb1e9c0000 - 0x00007ffb1e9d6000 	C:\Users\HP\.vscode\extensions\redhat.java-1.38.0-win32-x64\jre\17.0.13-win32-x86_64\bin\nio.dll
0x00007ffb2eb80000 - 0x00007ffb2eb90000 	c:\Users\HP\.vscode\extensions\redhat.java-1.38.0-win32-x64\jre\17.0.13-win32-x86_64\bin\verify.dll
0x00007ffaddc50000 - 0x00007ffaddc95000 	C:\Users\HP\AppData\Roaming\Code\User\globalStorage\redhat.java\1.38.0\config_win\org.eclipse.equinox.launcher\org.eclipse.equinox.launcher.win32.win32.x86_64_1.2.1100.v20240722-2106\eclipse_11904.dll
0x00007ffb5b6a0000 - 0x00007ffb5b7cb000 	C:\WINDOWS\System32\ole32.dll
0x00007ffb27d00000 - 0x00007ffb27d0a000 	C:\Users\HP\.vscode\extensions\redhat.java-1.38.0-win32-x64\jre\17.0.13-win32-x86_64\bin\management.dll
0x00007ffb27a80000 - 0x00007ffb27a8b000 	C:\Users\HP\.vscode\extensions\redhat.java-1.38.0-win32-x64\jre\17.0.13-win32-x86_64\bin\management_ext.dll
0x00007ffb5b930000 - 0x00007ffb5b938000 	C:\WINDOWS\System32\PSAPI.DLL
0x00007ffb59550000 - 0x00007ffb59568000 	C:\WINDOWS\SYSTEM32\CRYPTSP.dll
0x00007ffb58c80000 - 0x00007ffb58cb4000 	C:\WINDOWS\system32\rsaenh.dll
0x00007ffb59c00000 - 0x00007ffb59c2e000 	C:\WINDOWS\SYSTEM32\USERENV.dll
0x00007ffb59570000 - 0x00007ffb5957c000 	C:\WINDOWS\SYSTEM32\CRYPTBASE.dll
0x00007ffb59040000 - 0x00007ffb5907b000 	C:\WINDOWS\SYSTEM32\IPHLPAPI.DLL
0x00007ffb5c620000 - 0x00007ffb5c628000 	C:\WINDOWS\System32\NSI.dll
0x00007ffb4db20000 - 0x00007ffb4db37000 	C:\WINDOWS\SYSTEM32\dhcpcsvc6.DLL
0x00007ffb4e6c0000 - 0x00007ffb4e6dd000 	C:\WINDOWS\SYSTEM32\dhcpcsvc.DLL
0x00007ffb59080000 - 0x00007ffb5914a000 	C:\WINDOWS\SYSTEM32\DNSAPI.dll
0x00007ffae0890000 - 0x00007ffae08d9000 	C:\Users\HP\AppData\Local\Temp\jna-2312\jna3749977679846498831.dll
0x00007ffb458e0000 - 0x00007ffb458ee000 	C:\Users\HP\.vscode\extensions\redhat.java-1.38.0-win32-x64\jre\17.0.13-win32-x86_64\bin\sunmscapi.dll
0x00007ffb5a1a0000 - 0x00007ffb5a2fc000 	C:\WINDOWS\System32\CRYPT32.dll
0x00007ffb59670000 - 0x00007ffb59697000 	C:\WINDOWS\SYSTEM32\ncrypt.dll
0x00007ffb59630000 - 0x00007ffb5966b000 	C:\WINDOWS\SYSTEM32\NTASN1.dll
0x00007ffb4eb00000 - 0x00007ffb4eb0a000 	C:\Windows\System32\rasadhlp.dll
0x00007ffb43550000 - 0x00007ffb435d0000 	C:\WINDOWS\System32\fwpuclnt.dll
0x00007ffb27940000 - 0x00007ffb27949000 	C:\Users\HP\.vscode\extensions\redhat.java-1.38.0-win32-x64\jre\17.0.13-win32-x86_64\bin\extnet.dll

dbghelp: loaded successfully - version: 4.0.5 - missing functions: none
symbol engine: initialized successfully - sym options: 0x614 - pdb path: .;c:\Users\HP\.vscode\extensions\redhat.java-1.38.0-win32-x64\jre\17.0.13-win32-x86_64\bin;C:\WINDOWS\SYSTEM32;C:\WINDOWS\WinSxS\amd64_microsoft.windows.common-controls_6595b64144ccf1df_6.0.19041.4355_none_60b8b9eb71f62e16;C:\Program Files (x86)\360\Total Security\safemon;c:\Users\HP\.vscode\extensions\redhat.java-1.38.0-win32-x64\jre\17.0.13-win32-x86_64\bin\server;C:\Users\HP\AppData\Roaming\Code\User\globalStorage\redhat.java\1.38.0\config_win\org.eclipse.equinox.launcher\org.eclipse.equinox.launcher.win32.win32.x86_64_1.2.1100.v20240722-2106;C:\Users\HP\AppData\Local\Temp\jna-2312

VM Arguments:
jvm_args: --add-modules=ALL-SYSTEM --add-opens=java.base/java.util=ALL-UNNAMED --add-opens=java.base/java.lang=ALL-UNNAMED --add-opens=java.base/sun.nio.fs=ALL-UNNAMED -Declipse.application=org.eclipse.jdt.ls.core.id1 -Dosgi.bundles.defaultStartLevel=4 -Declipse.product=org.eclipse.jdt.ls.core.product -Djava.import.generatesMetadataFilesAtProjectRoot=false -DDetectVMInstallationsJob.disabled=true -Dfile.encoding=utf8 -XX:+UseParallelGC -XX:GCTimeRatio=4 -XX:AdaptiveSizePolicyWeight=90 -Dsun.zip.disableMemoryMapping=true -Xmx1G -Xms100m -Xlog:disable -javaagent:c:\Users\HP\.vscode\extensions\redhat.java-1.38.0-win32-x64\lombok\lombok-1.18.34.jar -XX:+HeapDumpOnOutOfMemoryError -XX:HeapDumpPath=c:\Users\HP\AppData\Roaming\Code\User\workspaceStorage\95766eaade6a7466387557eabee0eaaf\redhat.java -Daether.dependencyCollector.impl=bf 
java_command: c:\Users\HP\.vscode\extensions\redhat.java-1.38.0-win32-x64\server\plugins\org.eclipse.equinox.launcher_1.6.900.v20240613-2009.jar -configuration c:\Users\HP\AppData\Roaming\Code\User\globalStorage\redhat.java\1.38.0\config_win -data c:\Users\HP\AppData\Roaming\Code\User\workspaceStorage\95766eaade6a7466387557eabee0eaaf\redhat.java\jdt_ws --pipe=\\.\pipe\lsp-2d2b4f25f1761bd0e988d79d6f879e46-sock
java_class_path (initial): c:\Users\HP\.vscode\extensions\redhat.java-1.38.0-win32-x64\server\plugins\org.eclipse.equinox.launcher_1.6.900.v20240613-2009.jar
Launcher Type: SUN_STANDARD

[Global flags]
    uintx AdaptiveSizePolicyWeight                 = 90                                        {product} {command line}
     intx CICompilerCount                          = 3                                         {product} {ergonomic}
    uintx GCTimeRatio                              = 4                                         {product} {command line}
     bool HeapDumpOnOutOfMemoryError               = true                                   {manageable} {command line}
    ccstr HeapDumpPath                             = c:\Users\HP\AppData\Roaming\Code\User\workspaceStorage\95766eaade6a7466387557eabee0eaaf\redhat.java         {manageable} {command line}
   size_t InitialHeapSize                          = 104857600                                 {product} {command line}
   size_t MaxHeapSize                              = 1073741824                                {product} {command line}
   size_t MaxNewSize                               = 357564416                                 {product} {ergonomic}
   size_t MinHeapDeltaBytes                        = 524288                                    {product} {ergonomic}
   size_t MinHeapSize                              = 104857600                                 {product} {command line}
   size_t NewSize                                  = 34603008                                  {product} {ergonomic}
    uintx NonNMethodCodeHeapSize                   = 5832780                                {pd product} {ergonomic}
    uintx NonProfiledCodeHeapSize                  = 122912730                              {pd product} {ergonomic}
   size_t OldSize                                  = 70254592                                  {product} {ergonomic}
    uintx ProfiledCodeHeapSize                     = 122912730                              {pd product} {ergonomic}
    uintx ReservedCodeCacheSize                    = 251658240                              {pd product} {ergonomic}
     bool SegmentedCodeCache                       = true                                      {product} {ergonomic}
   size_t SoftMaxHeapSize                          = 1073741824                             {manageable} {ergonomic}
     bool UseCompressedClassPointers               = true                           {product lp64_product} {ergonomic}
     bool UseCompressedOops                        = true                           {product lp64_product} {ergonomic}
     bool UseLargePagesIndividualAllocation        = false                                  {pd product} {ergonomic}
     bool UseParallelGC                            = true                                      {product} {command line}

Logging:
Log output configuration:
 #0: stdout all=off uptime,level,tags
 #1: stderr all=off uptime,level,tags

Environment Variables:
PATH=C:\Program Files\Common Files\Oracle\Java\javapath;C:\WINDOWS\system32;C:\WINDOWS;C:\WINDOWS\System32\Wbem;C:\WINDOWS\System32\WindowsPowerShell\v1.0\;C:\WINDOWS\System32\OpenSSH\;C:\Program Files\Git\cmd;C:\Users\HP\AppData\Local\Microsoft\WindowsApps;C:\Users\HP\AppData\Local\Programs\Microsoft VS Code\bin
USERNAME=HP
OS=Windows_NT
PROCESSOR_IDENTIFIER=Intel64 Family 6 Model 78 Stepping 3, GenuineIntel
TMP=C:\Users\HP\AppData\Local\Temp
TEMP=C:\Users\HP\AppData\Local\Temp



Periodic native trim disabled


---------------  S Y S T E M  ---------------

OS:
 Windows 10 , 64 bit Build 19041 (10.0.19041.5198)
OS uptime: 2 days 10:31 hours

CPU: total 4 (initial active 4) (2 cores per cpu, 2 threads per core) family 6 model 78 stepping 3 microcode 0xf0, cx8, cmov, fxsr, ht, mmx, 3dnowpref, sse, sse2, sse3, ssse3, sse4.1, sse4.2, popcnt, lzcnt, tsc, tscinvbit, avx, avx2, aes, erms, clmul, bmi1, bmi2, rtm, adx, fma, vzeroupper, clflush, clflushopt
Processor Information for all 4 processors :
  Max Mhz: 2496, Current Mhz: 2396, Mhz Limit: 2396

Memory: 4k page, system-wide physical 8071M (283M free)
TotalPageFile size 21024M (AvailPageFile size 5M)
current process WorkingSet (physical memory assigned to process): 535M, peak: 637M
current process commit charge ("private bytes"): 634M, peak: 651M

vm_info: OpenJDK 64-Bit Server VM (17.0.13+11) for windows-amd64 JRE (17.0.13+11), built on Oct 16 2024 00:10:08 by "admin" with MS VC++ 17.7 (VS2022)

END.
