#
# There is insufficient memory for the Java Runtime Environment to continue.
# Native memory allocation (mmap) failed to map 65536 bytes. Error detail: Failed to commit metaspace.
# Possible reasons:
#   The system is out of physical RAM or swap space
#   This process is running with CompressedOops enabled, and the Java Heap may be blocking the growth of the native heap
# Possible solutions:
#   Reduce memory load on the system
#   Increase physical memory or swap space
#   Check if swap backing store is full
#   Decrease Java heap size (-Xmx/-Xms)
#   Decrease number of Java threads
#   Decrease Java thread stack sizes (-Xss)
#   Set larger code cache with -XX:ReservedCodeCacheSize=
#   JVM is running with Unscaled Compressed Oops mode in which the Java heap is
#     placed in the first 4GB address space. The Java Heap base address is the
#     maximum limit for the native heap growth. Please use -XX:HeapBaseMinAddress
#     to set the Java Heap base and to place the Java Heap above 4GB virtual address.
# This output file may be truncated or incomplete.
#
#  Out of Memory Error (virtualSpaceNode.cpp:110), pid=20556, tid=16656
#
# JRE version: OpenJDK Runtime Environment Temurin-17.0.13+11 (17.0.13+11) (build 17.0.13+11)
# Java VM: OpenJDK 64-Bit Server VM Temurin-17.0.13+11 (17.0.13+11, mixed mode, tiered, compressed oops, compressed class ptrs, parallel gc, windows-amd64)
# No core dump will be written. Minidumps are not enabled by default on client versions of Windows
#

---------------  S U M M A R Y ------------

Command Line: --add-modules=ALL-SYSTEM --add-opens=java.base/java.util=ALL-UNNAMED --add-opens=java.base/java.lang=ALL-UNNAMED --add-opens=java.base/sun.nio.fs=ALL-UNNAMED -Declipse.application=org.eclipse.jdt.ls.core.id1 -Dosgi.bundles.defaultStartLevel=4 -Declipse.product=org.eclipse.jdt.ls.core.product -Djava.import.generatesMetadataFilesAtProjectRoot=false -DDetectVMInstallationsJob.disabled=true -Dfile.encoding=utf8 -XX:+UseParallelGC -XX:GCTimeRatio=4 -XX:AdaptiveSizePolicyWeight=90 -Dsun.zip.disableMemoryMapping=true -Xmx1G -Xms100m -Xlog:disable -javaagent:c:\Users\HP\.vscode\extensions\redhat.java-1.38.0-win32-x64\lombok\lombok-1.18.34.jar -XX:+HeapDumpOnOutOfMemoryError -XX:HeapDumpPath=c:\Users\HP\AppData\Roaming\Code\User\workspaceStorage\95766eaade6a7466387557eabee0eaaf\redhat.java -Daether.dependencyCollector.impl=bf c:\Users\HP\.vscode\extensions\redhat.java-1.38.0-win32-x64\server\plugins\org.eclipse.equinox.launcher_1.6.900.v20240613-2009.jar -configuration c:\Users\HP\AppData\Roaming\Code\User\globalStorage\redhat.java\1.38.0\config_win -data c:\Users\HP\AppData\Roaming\Code\User\workspaceStorage\95766eaade6a7466387557eabee0eaaf\redhat.java\jdt_ws --pipe=\\.\pipe\lsp-a684e734ecba3b4e937bb57abe8a4d99-sock

Host: Intel(R) Core(TM) i5-6300U CPU @ 2.40GHz, 4 cores, 7G,  Windows 10 , 64 bit Build 19041 (10.0.19041.5198)
Time: Fri Dec 27 01:00:02 2024 W. Central Africa Standard Time elapsed time: 0.616048 seconds (0d 0h 0m 0s)

---------------  T H R E A D  ---------------

Current thread (0x000001cd1886d020):  JavaThread "main" [_thread_in_vm, id=16656, stack(0x000000616ed00000,0x000000616ee00000)]

Stack: [0x000000616ed00000,0x000000616ee00000]
Native frames: (J=compiled Java code, j=interpreted, Vv=VM code, C=native code)
V  [jvm.dll+0x682a19]
V  [jvm.dll+0x839538]
V  [jvm.dll+0x83afe3]
V  [jvm.dll+0x83b653]
V  [jvm.dll+0x24704f]
V  [jvm.dll+0x83530d]
V  [jvm.dll+0x62762e]
V  [jvm.dll+0x1bf044]
V  [jvm.dll+0x629f9f]
V  [jvm.dll+0x627ff6]
V  [jvm.dll+0x23c2e7]
V  [jvm.dll+0x1e4992]
V  [jvm.dll+0x1e96b0]
V  [jvm.dll+0x1df251]
V  [jvm.dll+0x54611b]
V  [jvm.dll+0x1efdda]
V  [jvm.dll+0x7b243b]
V  [jvm.dll+0x7b3859]
V  [jvm.dll+0x7b3bb8]
V  [jvm.dll+0x23eb4b]
V  [jvm.dll+0x3814de]
C  0x000001cd22a3afbb

The last pc belongs to new (printed below).
Java frames: (J=compiled Java code, j=interpreted, Vv=VM code)
j  sun.security.util.DerValue.getBigIntegerInternal(BZ)Ljava/math/BigInteger;+164 java.base@17.0.13
j  sun.security.util.DerValue.getBigInteger()Ljava/math/BigInteger;+3 java.base@17.0.13
j  sun.security.util.DerInputStream.getBigInteger()Ljava/math/BigInteger;+4 java.base@17.0.13
j  sun.security.pkcs.PKCS7.parseSignedData(Lsun/security/util/DerValue;)V+7 java.base@17.0.13
j  sun.security.pkcs.PKCS7.parse(Lsun/security/util/DerInputStream;Z)V+55 java.base@17.0.13
j  sun.security.pkcs.PKCS7.parse(Lsun/security/util/DerInputStream;)V+11 java.base@17.0.13
j  sun.security.pkcs.PKCS7.<init>([B)V+50 java.base@17.0.13
j  sun.security.util.SignatureFileVerifier.<init>(Ljava/util/ArrayList;Lsun/security/util/ManifestDigester;Ljava/lang/String;[B)V+40 java.base@17.0.13
j  java.util.jar.JarVerifier.processEntry(Lsun/security/util/ManifestEntryVerifier;)V+322 java.base@17.0.13
j  java.util.jar.JarVerifier.update(I[BIILsun/security/util/ManifestEntryVerifier;)V+39 java.base@17.0.13
j  java.util.jar.JarFile.initializeVerifier()V+163 java.base@17.0.13
j  java.util.jar.JarFile.ensureInitialization()V+41 java.base@17.0.13
j  java.util.jar.JavaUtilJarAccessImpl.ensureInitialization(Ljava/util/jar/JarFile;)V+1 java.base@17.0.13
j  jdk.internal.loader.URLClassPath$JarLoader$2.getManifest()Ljava/util/jar/Manifest;+10 java.base@17.0.13
j  jdk.internal.loader.BuiltinClassLoader.defineClass(Ljava/lang/String;Ljdk/internal/loader/Resource;)Ljava/lang/Class;+29 java.base@17.0.13
j  jdk.internal.loader.BuiltinClassLoader.findClassOnClassPathOrNull(Ljava/lang/String;)Ljava/lang/Class;+37 java.base@17.0.13
j  jdk.internal.loader.BuiltinClassLoader.loadClassOrNull(Ljava/lang/String;Z)Ljava/lang/Class;+111 java.base@17.0.13
j  jdk.internal.loader.BuiltinClassLoader.loadClass(Ljava/lang/String;Z)Ljava/lang/Class;+3 java.base@17.0.13
j  jdk.internal.loader.ClassLoaders$AppClassLoader.loadClass(Ljava/lang/String;Z)Ljava/lang/Class;+36 java.base@17.0.13
j  java.lang.ClassLoader.loadClass(Ljava/lang/String;)Ljava/lang/Class;+3 java.base@17.0.13
v  ~StubRoutines::call_stub
j  java.lang.Class.forName0(Ljava/lang/String;ZLjava/lang/ClassLoader;Ljava/lang/Class;)Ljava/lang/Class;+0 java.base@17.0.13
j  java.lang.Class.forName(Ljava/lang/String;ZLjava/lang/ClassLoader;)Ljava/lang/Class;+43 java.base@17.0.13
j  sun.launcher.LauncherHelper.loadMainClass(ILjava/lang/String;)Ljava/lang/Class;+95 java.base@17.0.13
j  sun.launcher.LauncherHelper.checkAndLoadMain(ZILjava/lang/String;)Ljava/lang/Class;+42 java.base@17.0.13
v  ~StubRoutines::call_stub
new  187 new  [0x000001cd22a3ae20, 0x000001cd22a3b040]  544 bytes
[MachCode]
  0x000001cd22a3ae20: 4883 ec08 | c5fa 1104 | 24eb 1f48 | 83ec 10c5 | fb11 0424 | eb14 4883 | ec10 4889 | 0424 48c7 
  0x000001cd22a3ae40: 4424 0800 | 0000 00eb | 0150 410f | b755 010f | cac1 ea10 | 488b 4de8 | 488b 4908 | 488b 4908 
  0x000001cd22a3ae60: 488b 4108 | 807c 1004 | 070f 85d6 | 0000 0066 | 8b54 d148 | 488b 4928 | 488b 4cd1 | 0851 80b9 
  0x000001cd22a3ae80: 3301 0000 | 040f 85b9 | 0000 008b | 5108 f7c2 | 0100 0000 | 0f85 aa00 | 0000 498b | 8708 0100 
  0x000001cd22a3aea0: 0048 8d1c | 1049 3b9f | 1801 0000 | 0f87 9200 | 0000 4989 | 9f08 0100 | 00e9 0000 | 0000 4883 
  0x000001cd22a3aec0: ea10 0f84 | 0f00 0000 | 33c9 c1ea | 0348 894c | d008 48ff | ca75 f648 | c700 0100 | 0000 5933 
  0x000001cd22a3aee0: f689 700c | 48c1 e903 | 8948 0849 | ba7f c6d3 | aafa 7f00 | 0041 803a | 000f 8440 | 0000 0050 
  0x000001cd22a3af00: 488b c848 | 83ec 20f7 | c40f 0000 | 000f 841a | 0000 0048 | 83ec 0849 | ba80 8689 | aafa 7f00 
  0x000001cd22a3af20: 0041 ffd2 | 4883 c408 | e90d 0000 | 0049 ba80 | 8689 aafa | 7f00 0041 | ffd2 4883 | c420 58e9 
  0x000001cd22a3af40: cd00 0000 | 5948 8b55 | e848 8b52 | 0848 8b52 | 0845 0fb7 | 4501 410f | c841 c1e8 | 10e8 0500 
  0x000001cd22a3af60: 0000 e9aa | 0000 0048 | 8d44 2408 | 4c89 6dc0 | 498b cfc5 | f877 4989 | afa8 0200 | 0049 8987 
  0x000001cd22a3af80: 9802 0000 | 4883 ec20 | f7c4 0f00 | 0000 0f84 | 1a00 0000 | 4883 ec08 | 49ba 9014 | 53aa fa7f 
  0x000001cd22a3afa0: 0000 41ff | d248 83c4 | 08e9 0d00 | 0000 49ba | 9014 53aa | fa7f 0000 | 41ff d248 | 83c4 2049 
  0x000001cd22a3afc0: c787 9802 | 0000 0000 | 0000 49c7 | 87a8 0200 | 0000 0000 | 0049 c787 | a002 0000 | 0000 0000 
  0x000001cd22a3afe0: c5f8 7749 | 817f 0800 | 0000 000f | 8405 0000 | 00e9 0a5f | feff 498b | 87f0 0200 | 0049 c787 
  0x000001cd22a3b000: f002 0000 | 0000 0000 | 4c8b 6dc0 | 4c8b 75c8 | c341 0fb6 | 5d03 4983 | c503 49ba | 0037 d6aa 
  0x000001cd22a3b020: fa7f 0000 | 41ff 24da | 0000 0000 | 0000 0000 | 0000 0000 | 0000 0000 | 0000 0000 | 0000 0000 
[/MachCode]

---------------  P R O C E S S  ---------------

Threads class SMR info:
_java_thread_list=0x000001cd31c89020, length=12, elements={
0x000001cd1886d020, 0x000001cd2c6b1750, 0x000001cd2c6b3780, 0x000001cd31898190,
0x000001cd31898f20, 0x000001cd3189c090, 0x000001cd3189fae0, 0x000001cd2c6d4b50,
0x000001cd2c6dd0a0, 0x000001cd2c6e8170, 0x000001cd319e7c80, 0x000001cd31ac00f0
}

Java Threads: ( => current thread )
=>0x000001cd1886d020 JavaThread "main" [_thread_in_vm, id=16656, stack(0x000000616ed00000,0x000000616ee00000)]
  0x000001cd2c6b1750 JavaThread "Reference Handler" daemon [_thread_blocked, id=24816, stack(0x000000616f000000,0x000000616f100000)]
  0x000001cd2c6b3780 JavaThread "Finalizer" daemon [_thread_blocked, id=23588, stack(0x000000616f100000,0x000000616f200000)]
  0x000001cd31898190 JavaThread "Signal Dispatcher" daemon [_thread_blocked, id=25468, stack(0x000000616f200000,0x000000616f300000)]
  0x000001cd31898f20 JavaThread "Attach Listener" daemon [_thread_blocked, id=25412, stack(0x000000616f300000,0x000000616f400000)]
  0x000001cd3189c090 JavaThread "Service Thread" daemon [_thread_blocked, id=24380, stack(0x000000616f400000,0x000000616f500000)]
  0x000001cd3189fae0 JavaThread "Monitor Deflation Thread" daemon [_thread_blocked, id=24128, stack(0x000000616f500000,0x000000616f600000)]
  0x000001cd2c6d4b50 JavaThread "C2 CompilerThread0" daemon [_thread_blocked, id=21860, stack(0x000000616f600000,0x000000616f700000)]
  0x000001cd2c6dd0a0 JavaThread "C1 CompilerThread0" daemon [_thread_blocked, id=10012, stack(0x000000616f700000,0x000000616f800000)]
  0x000001cd2c6e8170 JavaThread "Sweeper thread" daemon [_thread_blocked, id=20924, stack(0x000000616f800000,0x000000616f900000)]
  0x000001cd319e7c80 JavaThread "Common-Cleaner" daemon [_thread_blocked, id=9724, stack(0x000000616f900000,0x000000616fa00000)]
  0x000001cd31ac00f0 JavaThread "Notification Thread" daemon [_thread_blocked, id=7640, stack(0x000000616fa00000,0x000000616fb00000)]

Other Threads:
  0x000001cd2c6998f0 VMThread "VM Thread" [stack: 0x000000616ef00000,0x000000616f000000] [id=25052]
  0x000001cd31b8e190 WatcherThread [stack: 0x000000616fb00000,0x000000616fc00000] [id=19784]
  0x000001cd1887e430 GCTaskThread "GC Thread#0" [stack: 0x000000616ee00000,0x000000616ef00000] [id=2764]

Threads with active compile tasks:

VM state: not at safepoint (normal execution)

VM Mutex/Monitor currently owned by a thread:  ([mutex/lock_event])
[0x000001cd1675afc0] Metaspace_lock - owner thread: 0x000001cd1886d020

Heap address: 0x00000000c0000000, size: 1024 MB, Compressed Oops mode: 32-bit

CDS archive(s) not mapped
Compressed class space mapped at: 0x0000000100000000-0x0000000140000000, reserved size: 1073741824
Narrow klass base: 0x0000000000000000, Narrow klass shift: 3, Narrow klass range: 0x140000000

GC Precious Log:
 CPUs: 4 total, 4 available
 Memory: 8071M
 Large Page Support: Disabled
 NUMA Support: Disabled
 Compressed Oops: Enabled (32-bit)
 Alignments: Space 512K, Generation 512K, Heap 2M
 Heap Min Capacity: 100M
 Heap Initial Capacity: 100M
 Heap Max Capacity: 1G
 Pre-touch: Disabled
 Parallel Workers: 4

Heap:
 PSYoungGen      total 29696K, used 9393K [0x00000000eab00000, 0x00000000ecc00000, 0x0000000100000000)
  eden space 25600K, 36% used [0x00000000eab00000,0x00000000eb42c5c8,0x00000000ec400000)
  from space 4096K, 0% used [0x00000000ec800000,0x00000000ec800000,0x00000000ecc00000)
  to   space 4096K, 0% used [0x00000000ec400000,0x00000000ec400000,0x00000000ec800000)
 ParOldGen       total 68608K, used 0K [0x00000000c0000000, 0x00000000c4300000, 0x00000000eab00000)
  object space 68608K, 0% used [0x00000000c0000000,0x00000000c0000000,0x00000000c4300000)
 Metaspace       used 6790K, committed 6848K, reserved 1114112K
  class space    used 660K, committed 704K, reserved 1048576K

Card table byte_map: [0x000001cd181f0000,0x000001cd18400000] _byte_map_base: 0x000001cd17bf0000

Marking Bits: (ParMarkBitMap*) 0x00007ffaaad56940
 Begin Bits: [0x000001cd2a4f0000, 0x000001cd2b4f0000)
 End Bits:   [0x000001cd2b4f0000, 0x000001cd2c4f0000)

Polling page: 0x000001cd167d0000

Metaspace:

Usage:
  Non-class:      5.99 MB used.
      Class:    660.54 KB used.
       Both:      6.63 MB used.

Virtual space:
  Non-class space:       64.00 MB reserved,       6.00 MB (  9%) committed,  1 nodes.
      Class space:        1.00 GB reserved,     704.00 KB ( <1%) committed,  1 nodes.
             Both:        1.06 GB reserved,       6.69 MB ( <1%) committed. 

Chunk freelists:
   Non-Class:  9.00 MB
       Class:  15.22 MB
        Both:  24.22 MB

MaxMetaspaceSize: unlimited
CompressedClassSpaceSize: 1.00 GB
Initial GC threshold: 21.00 MB
Current GC threshold: 21.00 MB
CDS: off
MetaspaceReclaimPolicy: balanced
 - commit_granule_bytes: 65536.
 - commit_granule_words: 8192.
 - virtual_space_node_default_size: 8388608.
 - enlarge_chunks_in_place: 1.
 - new_chunks_are_fully_committed: 0.
 - uncommit_free_chunks: 1.
 - use_allocation_guard: 0.
 - handle_deallocations: 1.


Internal statistics:

num_allocs_failed_limit: 0.
num_arena_births: 10.
num_arena_deaths: 0.
num_vsnodes_births: 2.
num_vsnodes_deaths: 0.
num_space_committed: 107.
num_space_uncommitted: 0.
num_chunks_returned_to_freelist: 0.
num_chunks_taken_from_freelist: 39.
num_chunk_merges: 0.
num_chunk_splits: 22.
num_chunks_enlarged: 18.
num_inconsistent_stats: 0.

CodeHeap 'non-profiled nmethods': size=120000Kb used=153Kb max_used=153Kb free=119846Kb
 bounds [0x000001cd22fc0000, 0x000001cd23230000, 0x000001cd2a4f0000]
CodeHeap 'profiled nmethods': size=120000Kb used=644Kb max_used=644Kb free=119355Kb
 bounds [0x000001cd1b4f0000, 0x000001cd1b760000, 0x000001cd22a20000]
CodeHeap 'non-nmethods': size=5760Kb used=1104Kb max_used=1118Kb free=4655Kb
 bounds [0x000001cd22a20000, 0x000001cd22c90000, 0x000001cd22fc0000]
 total_blobs=856 nmethods=473 adapters=298
 compilation: enabled
              stopped_count=0, restarted_count=0
 full_count=0

Compilation events (20 events):
Event: 0.589 Thread 0x000001cd2c6dd0a0 nmethod 464 0x000001cd22fe4e10 code [0x000001cd22fe4fa0, 0x000001cd22fe5078]
Event: 0.589 Thread 0x000001cd2c6dd0a0  465       3       java.lang.StringLatin1::toUpperCase (186 bytes)
Event: 0.590 Thread 0x000001cd2c6dd0a0 nmethod 465 0x000001cd1b588210 code [0x000001cd1b588480, 0x000001cd1b588f38]
Event: 0.592 Thread 0x000001cd2c6dd0a0  466       3       java.lang.String::toUpperCase (29 bytes)
Event: 0.592 Thread 0x000001cd2c6dd0a0 nmethod 466 0x000001cd1b589390 code [0x000001cd1b589560, 0x000001cd1b589818]
Event: 0.592 Thread 0x000001cd2c6dd0a0  467       3       java.util.Objects::nonNull (10 bytes)
Event: 0.592 Thread 0x000001cd2c6dd0a0 nmethod 467 0x000001cd1b589910 code [0x000001cd1b589aa0, 0x000001cd1b589bd8]
Event: 0.592 Thread 0x000001cd2c6dd0a0  468       3       sun.security.util.KnownOIDs::register (349 bytes)
Event: 0.596 Thread 0x000001cd2c6d4b50  471       4       java.lang.StringBuilder::append (8 bytes)
Event: 0.597 Thread 0x000001cd2c6dd0a0 nmethod 468 0x000001cd1b589c90 code [0x000001cd1b58a420, 0x000001cd1b58dd28]
Event: 0.597 Thread 0x000001cd2c6dd0a0  469       3       java.util.HashMap::putVal (300 bytes)
Event: 0.599 Thread 0x000001cd2c6dd0a0 nmethod 469 0x000001cd1b58f110 code [0x000001cd1b58f3c0, 0x000001cd1b590458]
Event: 0.599 Thread 0x000001cd2c6dd0a0  470       3       java.util.HashMap$EntryIterator::next (5 bytes)
Event: 0.599 Thread 0x000001cd2c6dd0a0 nmethod 470 0x000001cd1b590910 code [0x000001cd1b590ac0, 0x000001cd1b590c48]
Event: 0.599 Thread 0x000001cd2c6dd0a0  473       3       java.lang.ref.Reference::<init> (25 bytes)
Event: 0.600 Thread 0x000001cd2c6dd0a0 nmethod 473 0x000001cd1b590d10 code [0x000001cd1b590ea0, 0x000001cd1b591098]
Event: 0.608 Thread 0x000001cd2c6d4b50 nmethod 471 0x000001cd22fe5110 code [0x000001cd22fe52c0, 0x000001cd22fe58c8]
Event: 0.608 Thread 0x000001cd2c6d4b50  474       4       java.lang.String::charAt (25 bytes)
Event: 0.610 Thread 0x000001cd2c6d4b50 nmethod 474 0x000001cd22fe5d10 code [0x000001cd22fe5ea0, 0x000001cd22fe5f88]
Event: 0.610 Thread 0x000001cd2c6d4b50  472       4       java.lang.AbstractStringBuilder::putStringAt (12 bytes)

GC Heap History (0 events):
No events

Dll operation events (8 events):
Event: 0.014 Loaded shared library c:\Users\HP\.vscode\extensions\redhat.java-1.38.0-win32-x64\jre\17.0.13-win32-x86_64\bin\java.dll
Event: 0.204 Loaded shared library c:\Users\HP\.vscode\extensions\redhat.java-1.38.0-win32-x64\jre\17.0.13-win32-x86_64\bin\zip.dll
Event: 0.210 Loaded shared library C:\Users\HP\.vscode\extensions\redhat.java-1.38.0-win32-x64\jre\17.0.13-win32-x86_64\bin\instrument.dll
Event: 0.226 Loaded shared library C:\Users\HP\.vscode\extensions\redhat.java-1.38.0-win32-x64\jre\17.0.13-win32-x86_64\bin\net.dll
Event: 0.229 Loaded shared library C:\Users\HP\.vscode\extensions\redhat.java-1.38.0-win32-x64\jre\17.0.13-win32-x86_64\bin\nio.dll
Event: 0.235 Loaded shared library C:\Users\HP\.vscode\extensions\redhat.java-1.38.0-win32-x64\jre\17.0.13-win32-x86_64\bin\zip.dll
Event: 0.253 Loaded shared library C:\Users\HP\.vscode\extensions\redhat.java-1.38.0-win32-x64\jre\17.0.13-win32-x86_64\bin\jimage.dll
Event: 0.373 Loaded shared library c:\Users\HP\.vscode\extensions\redhat.java-1.38.0-win32-x64\jre\17.0.13-win32-x86_64\bin\verify.dll

Deoptimization events (16 events):
Event: 0.458 Thread 0x000001cd1886d020 DEOPT PACKING pc=0x000001cd1b53af8a sp=0x000000616edf8ff0
Event: 0.458 Thread 0x000001cd1886d020 DEOPT UNPACKING pc=0x000001cd22a76e43 sp=0x000000616edf8450 mode 0
Event: 0.524 Thread 0x000001cd1886d020 DEOPT PACKING pc=0x000001cd1b509028 sp=0x000000616edf7bc0
Event: 0.524 Thread 0x000001cd1886d020 DEOPT UNPACKING pc=0x000001cd22a76e43 sp=0x000000616edf7080 mode 0
Event: 0.544 Thread 0x000001cd1886d020 Uncommon trap: trap_request=0xffffff45 fr.pc=0x000001cd22fd09dc relative=0x000000000000005c
Event: 0.544 Thread 0x000001cd1886d020 Uncommon trap: reason=unstable_if action=reinterpret pc=0x000001cd22fd09dc method=java.lang.String.isLatin1()Z @ 10 c2
Event: 0.544 Thread 0x000001cd1886d020 DEOPT PACKING pc=0x000001cd22fd09dc sp=0x000000616edfe900
Event: 0.544 Thread 0x000001cd1886d020 DEOPT UNPACKING pc=0x000001cd22a766a3 sp=0x000000616edfe890 mode 2
Event: 0.544 Thread 0x000001cd1886d020 Uncommon trap: trap_request=0xffffff45 fr.pc=0x000001cd22fcfa78 relative=0x0000000000000078
Event: 0.545 Thread 0x000001cd1886d020 Uncommon trap: reason=unstable_if action=reinterpret pc=0x000001cd22fcfa78 method=java.lang.String.isLatin1()Z @ 10 c2
Event: 0.545 Thread 0x000001cd1886d020 DEOPT PACKING pc=0x000001cd22fcfa78 sp=0x000000616edff2e0
Event: 0.545 Thread 0x000001cd1886d020 DEOPT UNPACKING pc=0x000001cd22a766a3 sp=0x000000616edff220 mode 2
Event: 0.593 Thread 0x000001cd1886d020 Uncommon trap: trap_request=0xffffff45 fr.pc=0x000001cd22fcef5c relative=0x000000000000057c
Event: 0.593 Thread 0x000001cd1886d020 Uncommon trap: reason=unstable_if action=reinterpret pc=0x000001cd22fcef5c method=java.util.HashMap.putVal(ILjava/lang/Object;Ljava/lang/Object;ZZ)Ljava/lang/Object; @ 181 c2
Event: 0.593 Thread 0x000001cd1886d020 DEOPT PACKING pc=0x000001cd22fcef5c sp=0x000000616edfe100
Event: 0.593 Thread 0x000001cd1886d020 DEOPT UNPACKING pc=0x000001cd22a766a3 sp=0x000000616edfe070 mode 2

Classes loaded (20 events):
Event: 0.595 Loading class java/util/Collections$EmptyIterator done
Event: 0.596 Loading class sun/security/pkcs/PKCS7
Event: 0.597 Loading class sun/security/pkcs/PKCS7 done
Event: 0.597 Loading class sun/security/util/DerInputStream
Event: 0.597 Loading class sun/security/util/DerInputStream done
Event: 0.600 Loading class sun/security/pkcs/ContentInfo
Event: 0.600 Loading class sun/security/pkcs/ContentInfo done
Event: 0.601 Loading class sun/security/util/ObjectIdentifier
Event: 0.602 Loading class sun/security/util/ObjectIdentifier done
Event: 0.608 Loading class sun/security/util/DerValue
Event: 0.609 Loading class sun/security/util/DerValue done
Event: 0.609 Loading class sun/security/util/DerOutputStream
Event: 0.610 Loading class sun/security/util/DerEncoder
Event: 0.610 Loading class sun/security/util/DerEncoder done
Event: 0.610 Loading class sun/security/util/DerOutputStream done
Event: 0.610 Loading class sun/security/util/ByteArrayLexOrder
Event: 0.610 Loading class sun/security/util/ByteArrayLexOrder done
Event: 0.610 Loading class sun/security/util/ByteArrayTagOrder
Event: 0.610 Loading class sun/security/util/ByteArrayTagOrder done
Event: 0.610 Loading class java/math/BigInteger

Classes unloaded (0 events):
No events

Classes redefined (0 events):
No events

Internal exceptions (2 events):
Event: 0.166 Thread 0x000001cd1886d020 Exception <a 'java/lang/NoSuchMethodError'{0x00000000eacb4d20}: 'void java.lang.invoke.DirectMethodHandle$Holder.invokeStatic(java.lang.Object, java.lang.Object, java.lang.Object)'> (0x00000000eacb4d20) 
thrown [s\src\hotspot\share\interpreter\linkResolver.cpp, line 759]
Event: 0.415 Thread 0x000001cd1886d020 Exception <a 'java/lang/reflect/InvocationTargetException'{0x00000000eafe7988}> (0x00000000eafe7988) 
thrown [s\src\hotspot\share\runtime\reflection.cpp, line 1128]

VM Operations (4 events):
Event: 0.170 Executing VM operation: HandshakeAllThreads
Event: 0.170 Executing VM operation: HandshakeAllThreads done
Event: 0.274 Executing VM operation: HandshakeAllThreads
Event: 0.274 Executing VM operation: HandshakeAllThreads done

Memory protections (0 events):
No events

Nmethod flushes (0 events):
No events

Events (12 events):
Event: 0.045 Thread 0x000001cd1886d020 Thread added: 0x000001cd1886d020
Event: 0.059 Thread 0x000001cd1886d020 Thread added: 0x000001cd2c6b1750
Event: 0.060 Thread 0x000001cd1886d020 Thread added: 0x000001cd2c6b3780
Event: 0.085 Thread 0x000001cd1886d020 Thread added: 0x000001cd31898190
Event: 0.085 Thread 0x000001cd1886d020 Thread added: 0x000001cd31898f20
Event: 0.085 Thread 0x000001cd1886d020 Thread added: 0x000001cd3189c090
Event: 0.085 Thread 0x000001cd1886d020 Thread added: 0x000001cd3189fae0
Event: 0.085 Thread 0x000001cd1886d020 Thread added: 0x000001cd2c6d4b50
Event: 0.086 Thread 0x000001cd1886d020 Thread added: 0x000001cd2c6dd0a0
Event: 0.086 Thread 0x000001cd1886d020 Thread added: 0x000001cd2c6e8170
Event: 0.151 Thread 0x000001cd1886d020 Thread added: 0x000001cd319e7c80
Event: 0.536 Thread 0x000001cd1886d020 Thread added: 0x000001cd31ac00f0


Dynamic libraries:
0x00007ff7aec70000 - 0x00007ff7aec7e000 	c:\Users\HP\.vscode\extensions\redhat.java-1.38.0-win32-x64\jre\17.0.13-win32-x86_64\bin\java.exe
0x00007ffb5c670000 - 0x00007ffb5c868000 	C:\WINDOWS\SYSTEM32\ntdll.dll
0x00007ffb5a840000 - 0x00007ffb5a902000 	C:\WINDOWS\System32\KERNEL32.DLL
0x00007ffb59d10000 - 0x00007ffb5a00e000 	C:\WINDOWS\System32\KERNELBASE.dll
0x00007ffb5a480000 - 0x00007ffb5a580000 	C:\WINDOWS\System32\ucrtbase.dll
0x00007ffb34640000 - 0x00007ffb34657000 	c:\Users\HP\.vscode\extensions\redhat.java-1.38.0-win32-x64\jre\17.0.13-win32-x86_64\bin\jli.dll
0x00007ffb5b4f0000 - 0x00007ffb5b68d000 	C:\WINDOWS\System32\USER32.dll
0x00007ffb5a450000 - 0x00007ffb5a472000 	C:\WINDOWS\System32\win32u.dll
0x00007ffb5c1c0000 - 0x00007ffb5c1eb000 	C:\WINDOWS\System32\GDI32.dll
0x00007ffb5a300000 - 0x00007ffb5a417000 	C:\WINDOWS\System32\gdi32full.dll
0x00007ffb44000000 - 0x00007ffb4429a000 	C:\WINDOWS\WinSxS\amd64_microsoft.windows.common-controls_6595b64144ccf1df_6.0.19041.4355_none_60b8b9eb71f62e16\COMCTL32.dll
0x00007ffb5a580000 - 0x00007ffb5a61d000 	C:\WINDOWS\System32\msvcp_win.dll
0x00007ffb5c300000 - 0x00007ffb5c39e000 	C:\WINDOWS\System32\msvcrt.dll
0x00007ffb28180000 - 0x00007ffb2819e000 	c:\Users\HP\.vscode\extensions\redhat.java-1.38.0-win32-x64\jre\17.0.13-win32-x86_64\bin\VCRUNTIME140.dll
0x00007ffb5c190000 - 0x00007ffb5c1bf000 	C:\WINDOWS\System32\IMM32.DLL
0x0000000057e30000 - 0x0000000057e3c000 	C:\Program Files (x86)\360\Total Security\safemon\SafeWrapper.dll
0x00007ffb5b7d0000 - 0x00007ffb5b881000 	C:\WINDOWS\System32\ADVAPI32.dll
0x00007ffb5b890000 - 0x00007ffb5b92f000 	C:\WINDOWS\System32\sechost.dll
0x00007ffb5c470000 - 0x00007ffb5c593000 	C:\WINDOWS\System32\RPCRT4.dll
0x00007ffb5a420000 - 0x00007ffb5a447000 	C:\WINDOWS\System32\bcrypt.dll
0x00007ffb1b930000 - 0x00007ffb1b9dc000 	C:\Program Files (x86)\360\Total Security\safemon\libzdtp64.dll
0x00007ffb5b940000 - 0x00007ffb5c0ad000 	C:\WINDOWS\System32\SHELL32.dll
0x00007ffb5c5c0000 - 0x00007ffb5c615000 	C:\WINDOWS\System32\SHLWAPI.dll
0x00007ffb597a0000 - 0x00007ffb597aa000 	C:\WINDOWS\SYSTEM32\VERSION.dll
0x00007ffb32430000 - 0x00007ffb3243c000 	c:\Users\HP\.vscode\extensions\redhat.java-1.38.0-win32-x64\jre\17.0.13-win32-x86_64\bin\vcruntime140_1.dll
0x00007ffaddc60000 - 0x00007ffaddced000 	c:\Users\HP\.vscode\extensions\redhat.java-1.38.0-win32-x64\jre\17.0.13-win32-x86_64\bin\msvcp140.dll
0x00007ffaaa1b0000 - 0x00007ffaaae1b000 	c:\Users\HP\.vscode\extensions\redhat.java-1.38.0-win32-x64\jre\17.0.13-win32-x86_64\bin\server\jvm.dll
0x00007ffb5ab30000 - 0x00007ffb5ab9b000 	C:\WINDOWS\System32\WS2_32.dll
0x00007ffb59b70000 - 0x00007ffb59bbb000 	C:\WINDOWS\SYSTEM32\POWRPROF.dll
0x00007ffb3f6a0000 - 0x00007ffb3f6c7000 	C:\WINDOWS\SYSTEM32\WINMM.dll
0x00007ffb59b50000 - 0x00007ffb59b62000 	C:\WINDOWS\SYSTEM32\UMPDC.dll
0x00007ffb58510000 - 0x00007ffb58522000 	C:\WINDOWS\SYSTEM32\kernel.appcore.dll
0x00007ffb2f110000 - 0x00007ffb2f11a000 	c:\Users\HP\.vscode\extensions\redhat.java-1.38.0-win32-x64\jre\17.0.13-win32-x86_64\bin\jimage.dll
0x00007ffb582a0000 - 0x00007ffb58484000 	C:\WINDOWS\SYSTEM32\DBGHELP.DLL
0x00007ffb381d0000 - 0x00007ffb38204000 	C:\WINDOWS\SYSTEM32\dbgcore.DLL
0x00007ffb5a010000 - 0x00007ffb5a092000 	C:\WINDOWS\System32\bcryptPrimitives.dll
0x00007ffb2eb80000 - 0x00007ffb2eb8e000 	c:\Users\HP\.vscode\extensions\redhat.java-1.38.0-win32-x64\jre\17.0.13-win32-x86_64\bin\instrument.dll
0x00007ffae3650000 - 0x00007ffae3675000 	c:\Users\HP\.vscode\extensions\redhat.java-1.38.0-win32-x64\jre\17.0.13-win32-x86_64\bin\java.dll
0x00007ffb1e9c0000 - 0x00007ffb1e9d8000 	c:\Users\HP\.vscode\extensions\redhat.java-1.38.0-win32-x64\jre\17.0.13-win32-x86_64\bin\zip.dll
0x00007ffb57a30000 - 0x00007ffb581d4000 	C:\WINDOWS\SYSTEM32\windows.storage.dll
0x00007ffb5aba0000 - 0x00007ffb5aef3000 	C:\WINDOWS\System32\combase.dll
0x00007ffb59600000 - 0x00007ffb5962e000 	C:\WINDOWS\SYSTEM32\Wldp.dll
0x00007ffb5c3a0000 - 0x00007ffb5c46d000 	C:\WINDOWS\System32\OLEAUT32.dll
0x00007ffb5a910000 - 0x00007ffb5a9bd000 	C:\WINDOWS\System32\SHCORE.dll
0x00007ffb59c40000 - 0x00007ffb59c64000 	C:\WINDOWS\SYSTEM32\profapi.dll
0x00007ffb1d780000 - 0x00007ffb1d799000 	C:\Users\HP\.vscode\extensions\redhat.java-1.38.0-win32-x64\jre\17.0.13-win32-x86_64\bin\net.dll
0x00007ffb4d450000 - 0x00007ffb4d55d000 	C:\WINDOWS\SYSTEM32\WINHTTP.dll
0x00007ffb59360000 - 0x00007ffb593ca000 	C:\WINDOWS\system32\mswsock.dll
0x00007ffb16e10000 - 0x00007ffb16e26000 	C:\Users\HP\.vscode\extensions\redhat.java-1.38.0-win32-x64\jre\17.0.13-win32-x86_64\bin\nio.dll
0x00007ffb280b0000 - 0x00007ffb280c0000 	c:\Users\HP\.vscode\extensions\redhat.java-1.38.0-win32-x64\jre\17.0.13-win32-x86_64\bin\verify.dll

dbghelp: loaded successfully - version: 4.0.5 - missing functions: none
symbol engine: initialized successfully - sym options: 0x614 - pdb path: .;c:\Users\HP\.vscode\extensions\redhat.java-1.38.0-win32-x64\jre\17.0.13-win32-x86_64\bin;C:\WINDOWS\SYSTEM32;C:\WINDOWS\WinSxS\amd64_microsoft.windows.common-controls_6595b64144ccf1df_6.0.19041.4355_none_60b8b9eb71f62e16;C:\Program Files (x86)\360\Total Security\safemon;c:\Users\HP\.vscode\extensions\redhat.java-1.38.0-win32-x64\jre\17.0.13-win32-x86_64\bin\server

VM Arguments:
jvm_args: --add-modules=ALL-SYSTEM --add-opens=java.base/java.util=ALL-UNNAMED --add-opens=java.base/java.lang=ALL-UNNAMED --add-opens=java.base/sun.nio.fs=ALL-UNNAMED -Declipse.application=org.eclipse.jdt.ls.core.id1 -Dosgi.bundles.defaultStartLevel=4 -Declipse.product=org.eclipse.jdt.ls.core.product -Djava.import.generatesMetadataFilesAtProjectRoot=false -DDetectVMInstallationsJob.disabled=true -Dfile.encoding=utf8 -XX:+UseParallelGC -XX:GCTimeRatio=4 -XX:AdaptiveSizePolicyWeight=90 -Dsun.zip.disableMemoryMapping=true -Xmx1G -Xms100m -Xlog:disable -javaagent:c:\Users\HP\.vscode\extensions\redhat.java-1.38.0-win32-x64\lombok\lombok-1.18.34.jar -XX:+HeapDumpOnOutOfMemoryError -XX:HeapDumpPath=c:\Users\HP\AppData\Roaming\Code\User\workspaceStorage\95766eaade6a7466387557eabee0eaaf\redhat.java -Daether.dependencyCollector.impl=bf 
java_command: c:\Users\HP\.vscode\extensions\redhat.java-1.38.0-win32-x64\server\plugins\org.eclipse.equinox.launcher_1.6.900.v20240613-2009.jar -configuration c:\Users\HP\AppData\Roaming\Code\User\globalStorage\redhat.java\1.38.0\config_win -data c:\Users\HP\AppData\Roaming\Code\User\workspaceStorage\95766eaade6a7466387557eabee0eaaf\redhat.java\jdt_ws --pipe=\\.\pipe\lsp-a684e734ecba3b4e937bb57abe8a4d99-sock
java_class_path (initial): c:\Users\HP\.vscode\extensions\redhat.java-1.38.0-win32-x64\server\plugins\org.eclipse.equinox.launcher_1.6.900.v20240613-2009.jar
Launcher Type: SUN_STANDARD

[Global flags]
    uintx AdaptiveSizePolicyWeight                 = 90                                        {product} {command line}
     intx CICompilerCount                          = 3                                         {product} {ergonomic}
    uintx GCTimeRatio                              = 4                                         {product} {command line}
     bool HeapDumpOnOutOfMemoryError               = true                                   {manageable} {command line}
    ccstr HeapDumpPath                             = c:\Users\HP\AppData\Roaming\Code\User\workspaceStorage\95766eaade6a7466387557eabee0eaaf\redhat.java         {manageable} {command line}
   size_t InitialHeapSize                          = 104857600                                 {product} {command line}
   size_t MaxHeapSize                              = 1073741824                                {product} {command line}
   size_t MaxNewSize                               = 357564416                                 {product} {ergonomic}
   size_t MinHeapDeltaBytes                        = 524288                                    {product} {ergonomic}
   size_t MinHeapSize                              = 104857600                                 {product} {command line}
   size_t NewSize                                  = 34603008                                  {product} {ergonomic}
    uintx NonNMethodCodeHeapSize                   = 5832780                                {pd product} {ergonomic}
    uintx NonProfiledCodeHeapSize                  = 122912730                              {pd product} {ergonomic}
   size_t OldSize                                  = 70254592                                  {product} {ergonomic}
    uintx ProfiledCodeHeapSize                     = 122912730                              {pd product} {ergonomic}
    uintx ReservedCodeCacheSize                    = 251658240                              {pd product} {ergonomic}
     bool SegmentedCodeCache                       = true                                      {product} {ergonomic}
   size_t SoftMaxHeapSize                          = 1073741824                             {manageable} {ergonomic}
     bool UseCompressedClassPointers               = true                           {product lp64_product} {ergonomic}
     bool UseCompressedOops                        = true                           {product lp64_product} {ergonomic}
     bool UseLargePagesIndividualAllocation        = false                                  {pd product} {ergonomic}
     bool UseParallelGC                            = true                                      {product} {command line}

Logging:
Log output configuration:
 #0: stdout all=off uptime,level,tags
 #1: stderr all=off uptime,level,tags

Environment Variables:
PATH=C:\Program Files\Common Files\Oracle\Java\javapath;C:\WINDOWS\system32;C:\WINDOWS;C:\WINDOWS\System32\Wbem;C:\WINDOWS\System32\WindowsPowerShell\v1.0\;C:\WINDOWS\System32\OpenSSH\;C:\Program Files\Git\cmd;C:\Users\HP\AppData\Local\Microsoft\WindowsApps;C:\Users\HP\AppData\Local\Programs\Microsoft VS Code\bin
USERNAME=HP
OS=Windows_NT
PROCESSOR_IDENTIFIER=Intel64 Family 6 Model 78 Stepping 3, GenuineIntel
TMP=C:\Users\HP\AppData\Local\Temp
TEMP=C:\Users\HP\AppData\Local\Temp



Periodic native trim disabled


---------------  S Y S T E M  ---------------

OS:
 Windows 10 , 64 bit Build 19041 (10.0.19041.5198)
OS uptime: 2 days 10:36 hours

CPU: total 4 (initial active 4) (2 cores per cpu, 2 threads per core) family 6 model 78 stepping 3 microcode 0xf0, cx8, cmov, fxsr, ht, mmx, 3dnowpref, sse, sse2, sse3, ssse3, sse4.1, sse4.2, popcnt, lzcnt, tsc, tscinvbit, avx, avx2, aes, erms, clmul, bmi1, bmi2, rtm, adx, fma, vzeroupper, clflush, clflushopt
Processor Information for all 4 processors :
  Max Mhz: 2496, Current Mhz: 2396, Mhz Limit: 2396

Memory: 4k page, system-wide physical 8071M (245M free)
TotalPageFile size 21024M (AvailPageFile size 7M)
current process WorkingSet (physical memory assigned to process): 43M, peak: 43M
current process commit charge ("private bytes"): 176M, peak: 176M

vm_info: OpenJDK 64-Bit Server VM (17.0.13+11) for windows-amd64 JRE (17.0.13+11), built on Oct 16 2024 00:10:08 by "admin" with MS VC++ 17.7 (VS2022)

END.
